[12/20 14:42:45] [INFO] All feature modules and permission firewalls have been initialized successfully
[12/20 14:42:45] [INFO] LANGUAGE: en_us
[12/20 14:42:45] [INFO] Welcome to MCSManager Daemon
[12/20 14:42:45] [INFO] All 1 instances have been loaded.
[12/20 14:42:45] [INFO] ----------------------------
[12/20 14:42:45] [INFO] Daemon process has been successfully started
[12/20 14:42:45] [INFO] Reference Documentation: https://docs.mcsmanager.com/
[12/20 14:42:45] [INFO] Access URL: http://localhost:7860
[12/20 14:42:45] [INFO] Configuration File: data/Config/global.json
[12/20 14:42:45] [INFO] Access Key: 580845bbb3d9496ebd3470ba35148a592d333eb06ce1c34
[12/20 14:42:45] [INFO] The key is the sole authentication method. Please connect using daemons section of MCSManager panel.
[12/20 14:42:45] [INFO] You can use the Ctrl+C shortcut to close the program
[12/20 14:42:45] [INFO] ----------------------------
[12/20 14:42:52] [INFO] Session : Requested instance start with emulated terminal.
[12/20 14:42:52] [INFO] ----------------
[12/20 14:42:52] [INFO] Session : Requested instance start.
[12/20 14:42:52] [INFO] Instance UUID: [63af6014618148c9ac2fd0aeea4af138]
[12/20 14:42:52] [INFO] Startup Command: ./frpc
[12/20 14:42:52] [INFO] PTY Path: /workspace/mcsmanager/daemon/lib/pty_linux_x64
[12/20 14:42:52] [INFO] PTY Parameters: -size 164,40 -coder utf8 -dir /workspace/mcsmanager/daemon/data/InstanceData/63af6014618148c9ac2fd0aeea4af138 -fifo /tmp/mcsmanager-instance-pipe/pipe-eeaa5447-795b-4804-a224-eb2173ac2cf5 -cmd ["./frpc"]
[12/20 14:42:52] [INFO] Working Directory: /workspace/mcsmanager/daemon/data/InstanceData/63af6014618148c9ac2fd0aeea4af138
[12/20 14:42:52] [INFO] Try to start the subprocess using the system user, username: 
[12/20 14:42:52] [INFO] ----------------
[12/20 14:42:52] [INFO] Instance 63af6014618148c9ac2fd0aeea4af138 started successfully. PID: 1350
[12/20 14:42:52] [INFO] Automatic start command for instance frp (63af6014618148c9ac2fd0aeea4af138) has been issued.
[12/20 14:43:29] [INFO] Session BnHyi9HQjUEHzSx7AAAB (::ffff:127.0.0.1) has successfully authenticated
[12/20 14:43:30] [WARN] Node language has been changed: zh_cn
[12/20 14:43:38] [INFO] 会话 flU6wSzcJ7yt43r1AAAD(::ffff:127.0.0.1) 因长时间未验证身份而断开连接
[12/20 14:43:50] [INFO] 会话 : 请求开启实例，模式为仿真终端
[12/20 14:43:50] [INFO] ----------------
[12/20 14:43:50] [INFO] 会话 : 请求开启实例.
[12/20 14:43:50] [INFO] 实例标识符: [global0001]
[12/20 14:43:50] [INFO] 启动命令: bash
[12/20 14:43:50] [INFO] PTY 路径: /workspace/mcsmanager/daemon/lib/pty_linux_x64
[12/20 14:43:50] [INFO] PTY 参数: -size 164,40 -coder utf8 -dir / -fifo /tmp/mcsmanager-instance-pipe/pipe-723f28ae-fc90-494f-8e9f-e71f9634b67b -cmd ["bash"]
[12/20 14:43:50] [INFO] 工作目录: /
[12/20 14:43:50] [INFO] 尝试使用系统用户启动子进程，用户名：
[12/20 14:43:50] [INFO] ----------------
[12/20 14:43:50] [INFO] 实例 global0001 成功启动 PID: 1372
