[12/21 12:45:40] [INFO] All feature modules and permission firewalls have been initialized successfully
[12/21 12:45:40] [INFO] LANGUAGE: zh_cn
[12/21 12:45:40] [INFO] 欢迎使用 MCSManager 守护进程
[12/21 12:45:40] [INFO] 所有应用实例已加载，总计 6 个
[12/21 12:45:40] [INFO] ----------------------------
[12/21 12:45:40] [INFO] 守护进程现已成功启动
[12/21 12:45:40] [INFO] 参考文档：https://docs.mcsmanager.com/
[12/21 12:45:40] [INFO] 访问地址: http://localhost:7860
[12/21 12:45:40] [INFO] 配置文件：data/Config/global.json
[12/21 12:45:40] [INFO] 访问密钥：580845bbb3d9496ebd3470ba35148a592d333eb06ce1c34
[12/21 12:45:40] [INFO] 密钥作为唯一认证方式，请使用 MCSManager 面板的节点功能连接程序
[12/21 12:45:40] [INFO] 你可以使用 Ctrl+C 快捷键即可关闭程序
[12/21 12:45:40] [INFO] ----------------------------
[12/21 12:45:47] [INFO] 会话 : 请求开启实例，模式为仿真终端
[12/21 12:45:47] [INFO] ----------------
[12/21 12:45:47] [INFO] 会话 : 请求开启实例.
[12/21 12:45:47] [INFO] 实例标识符: [17cbf5a1c2224809a76df690feae7732]
[12/21 12:45:47] [INFO] 启动命令: ./gitpush download
[12/21 12:45:47] [INFO] PTY 路径: /workspace/AppData/mcsmanager/daemon/lib/pty_linux_x64
[12/21 12:45:47] [INFO] PTY 参数: -size 164,40 -coder utf8 -dir /workspace/AppData/mcsmanager/daemon/data/InstanceData/17cbf5a1c2224809a76df690feae7732 -fifo /tmp/mcsmanager-instance-pipe/pipe-aa83685a-cb87-454a-a812-c27d213400aa -cmd ["./gitpush","download"]
[12/21 12:45:47] [INFO] 工作目录: /workspace/AppData/mcsmanager/daemon/data/InstanceData/17cbf5a1c2224809a76df690feae7732
[12/21 12:45:47] [INFO] 尝试使用系统用户启动子进程，用户名：
[12/21 12:45:47] [INFO] ----------------
[12/21 12:45:47] [INFO] 实例 17cbf5a1c2224809a76df690feae7732 成功启动 PID: 1357
[12/21 12:45:47] [INFO] 实例 Git Push Saves 17cbf5a1c2224809a76df690feae7732 自动启动指令已发出
[12/21 12:45:52] [INFO] 会话 : 请求开启实例，模式为仿真终端
[12/21 12:45:52] [INFO] ----------------
[12/21 12:45:52] [INFO] 会话 : 请求开启实例.
[12/21 12:45:52] [INFO] 实例标识符: [63af6014618148c9ac2fd0aeea4af138]
[12/21 12:45:52] [INFO] 启动命令: ./frpc
[12/21 12:45:52] [INFO] PTY 路径: /workspace/AppData/mcsmanager/daemon/lib/pty_linux_x64
[12/21 12:45:52] [INFO] PTY 参数: -size 164,40 -coder utf8 -dir /workspace/AppData/mcsmanager/daemon/data/InstanceData/63af6014618148c9ac2fd0aeea4af138 -fifo /tmp/mcsmanager-instance-pipe/pipe-4768e2c8-86f0-45b4-9005-13b6d0daaf03 -cmd ["./frpc"]
[12/21 12:45:52] [INFO] 工作目录: /workspace/AppData/mcsmanager/daemon/data/InstanceData/63af6014618148c9ac2fd0aeea4af138
[12/21 12:45:52] [INFO] 尝试使用系统用户启动子进程，用户名：
[12/21 12:45:52] [INFO] ----------------
[12/21 12:45:52] [INFO] 实例 63af6014618148c9ac2fd0aeea4af138 成功启动 PID: 1856
[12/21 12:45:52] [INFO] 实例 frp 63af6014618148c9ac2fd0aeea4af138 自动启动指令已发出
[12/21 12:45:56] [INFO] 会话 ibUDW8KezupGSWbYAAAB(::ffff:127.0.0.1) 验证身份成功
[12/21 12:45:56] [WARN] 节点语言已更改： zh_cn
[12/21 12:45:57] [INFO] 会话 : 请求开启实例，模式为仿真终端
[12/21 12:45:57] [INFO] ----------------
[12/21 12:45:57] [INFO] 会话 : 请求开启实例.
[12/21 12:45:57] [INFO] 实例标识符: [932eca89f5d94742999b1a9de51bd511]
[12/21 12:45:57] [INFO] 启动命令: ./frpc -c frpc.ini
[12/21 12:45:57] [INFO] PTY 路径: /workspace/AppData/mcsmanager/daemon/lib/pty_linux_x64
[12/21 12:45:57] [INFO] PTY 参数: -size 164,40 -coder utf8 -dir /workspace/AppData/mcsmanager/daemon/data/InstanceData/932eca89f5d94742999b1a9de51bd511 -fifo /tmp/mcsmanager-instance-pipe/pipe-7f6827c8-60b9-4aee-963a-9efb4c8cbfca -cmd ["./frpc","-c","frpc.ini"]
[12/21 12:45:57] [INFO] 工作目录: /workspace/AppData/mcsmanager/daemon/data/InstanceData/932eca89f5d94742999b1a9de51bd511
[12/21 12:45:57] [INFO] 尝试使用系统用户启动子进程，用户名：
[12/21 12:45:57] [INFO] ----------------
[12/21 12:45:57] [INFO] 实例 932eca89f5d94742999b1a9de51bd511 成功启动 PID: 1899
[12/21 12:45:57] [INFO] 实例 frpc 932eca89f5d94742999b1a9de51bd511 自动启动指令已发出
[12/21 12:46:02] [INFO] 会话 : 请求开启实例，模式为仿真终端
[12/21 12:46:02] [INFO] ----------------
[12/21 12:46:02] [INFO] 会话 : 请求开启实例.
[12/21 12:46:02] [INFO] 实例标识符: [c30553ca0026473f8c395082a92f09a0]
[12/21 12:46:02] [INFO] 启动命令: ./shell.sh
[12/21 12:46:02] [INFO] PTY 路径: /workspace/AppData/mcsmanager/daemon/lib/pty_linux_x64
[12/21 12:46:02] [INFO] PTY 参数: -size 164,40 -coder utf8 -dir /workspace/AppData/mcsmanager/daemon/data/InstanceData/c30553ca0026473f8c395082a92f09a0 -fifo /tmp/mcsmanager-instance-pipe/pipe-4fb4d6d5-c2d4-4899-9042-492212da51be -cmd ["./shell.sh"]
[12/21 12:46:02] [INFO] 工作目录: /workspace/AppData/mcsmanager/daemon/data/InstanceData/c30553ca0026473f8c395082a92f09a0
[12/21 12:46:02] [INFO] 尝试使用系统用户启动子进程，用户名：
[12/21 12:46:02] [INFO] ----------------
[12/21 12:46:02] [INFO] 实例 c30553ca0026473f8c395082a92f09a0 成功启动 PID: 1915
[12/21 12:46:02] [INFO] 实例 Git Push c30553ca0026473f8c395082a92f09a0 自动启动指令已发出
[12/21 12:46:07] [INFO] 会话 : 请求开启实例，模式为仿真终端
[12/21 12:46:07] [INFO] ----------------
[12/21 12:46:07] [INFO] 会话 : 请求开启实例.
[12/21 12:46:07] [INFO] 实例标识符: [fc60639ffe414b2c833de1d256490d53]
[12/21 12:46:07] [INFO] 启动命令: htop
[12/21 12:46:07] [INFO] PTY 路径: /workspace/AppData/mcsmanager/daemon/lib/pty_linux_x64
[12/21 12:46:07] [INFO] PTY 参数: -size 164,40 -coder utf8 -dir /workspace/AppData/mcsmanager/daemon/data/InstanceData/fc60639ffe414b2c833de1d256490d53 -fifo /tmp/mcsmanager-instance-pipe/pipe-1dbac433-20cb-4040-a091-b07e7fac0404 -cmd ["htop"]
[12/21 12:46:07] [INFO] 工作目录: /workspace/AppData/mcsmanager/daemon/data/InstanceData/fc60639ffe414b2c833de1d256490d53
[12/21 12:46:07] [INFO] 尝试使用系统用户启动子进程，用户名：
[12/21 12:46:07] [INFO] ----------------
[12/21 12:46:07] [ERROR] 实例 htop fc60639ffe414b2c833de1d256490d53 自动启动时错误: Error: 实例启动失败，请检查启动命令，主机环境和配置文件等
[12/21 12:46:53] [INFO] 会话 : 请求开启实例，模式为仿真终端
[12/21 12:46:53] [INFO] ----------------
[12/21 12:46:53] [INFO] 会话 : 请求开启实例.
[12/21 12:46:53] [INFO] 实例标识符: [fc60639ffe414b2c833de1d256490d53]
[12/21 12:46:53] [INFO] 启动命令: htop
[12/21 12:46:53] [INFO] PTY 路径: /workspace/AppData/mcsmanager/daemon/lib/pty_linux_x64
[12/21 12:46:53] [INFO] PTY 参数: -size 164,40 -coder utf8 -dir /workspace/AppData/mcsmanager/daemon/data/InstanceData/fc60639ffe414b2c833de1d256490d53 -fifo /tmp/mcsmanager-instance-pipe/pipe-7caab13e-bdf8-4982-bb01-affd89e101d0 -cmd ["htop"]
[12/21 12:46:53] [INFO] 工作目录: /workspace/AppData/mcsmanager/daemon/data/InstanceData/fc60639ffe414b2c833de1d256490d53
[12/21 12:46:53] [INFO] 尝试使用系统用户启动子进程，用户名：
[12/21 12:46:53] [INFO] ----------------
[12/21 12:46:53] [ERROR] 实例fc60639ffe414b2c833de1d256490d53启动时错误:  StartupError: 实例启动失败，请检查启动命令，主机环境和配置文件等
    at PtyStartCommand.createProcess (webpack://mcsmanager-daemon/src/entity/commands/pty/pty_start.ts:264:13)
    at process.processTicksAndRejections (node:internal/process/task_queues:95:5)
    at PtyStartCommand.exec (webpack://mcsmanager-daemon/src/entity/commands/start.ts:43:14)
    at PresetCommandManager.execPreset (webpack://mcsmanager-daemon/src/entity/instance/preset.ts:24:12)
    at Instance.execPreset (webpack://mcsmanager-daemon/src/entity/instance/instance.ts:458:14)
    at RouterApp.<anonymous> (webpack://mcsmanager-daemon/src/routers/Instance_router.ts:236:7)
[12/21 12:46:53] [WARN] 会话 ibUDW8KezupGSWbYAAAB(::ffff:127.0.0.1)/instance/open 响应数据时异常:
 {
  instanceUuid: 'fc60639ffe414b2c833de1d256490d53',
  nickname: 'htop',
  err: '实例启动失败，请检查启动命令，主机环境和配置文件等'
}
[12/21 12:48:34] [INFO] 会话 CgxfeztjUULL-cO8AAAJ(::ffff:127.0.0.1) 因长时间未验证身份而断开连接
[12/21 12:48:42] [WARN] 会话 ibUDW8KezupGSWbYAAAB(::ffff:127.0.0.1)/environment/images 响应数据时异常:
 无法获取镜像信息，请确保您已正确安装Docker环境
[12/21 12:48:42] [WARN] 会话 ibUDW8KezupGSWbYAAAB(::ffff:127.0.0.1)/environment/networkModes 响应数据时异常:
 Error: connect ENOENT /var/run/docker.sock
    at __node_internal_captureLargerStackTrace (node:internal/errors:563:5)
    at __node_internal_exceptionWithHostPort (node:internal/errors:738:12)
    at PipeConnectWrap.afterConnect [as oncomplete] (node:net:1595:16) {
  errno: -2,
  code: 'ENOENT',
  syscall: 'connect',
  address: '/var/run/docker.sock'
}
[12/21 12:49:03] [WARN] 会话 ibUDW8KezupGSWbYAAAB(::ffff:127.0.0.1)/environment/images 响应数据时异常:
 无法获取镜像信息，请确保您已正确安装Docker环境
[12/21 12:49:03] [WARN] 会话 ibUDW8KezupGSWbYAAAB(::ffff:127.0.0.1)/environment/networkModes 响应数据时异常:
 Error: connect ENOENT /var/run/docker.sock
    at __node_internal_captureLargerStackTrace (node:internal/errors:563:5)
    at __node_internal_exceptionWithHostPort (node:internal/errors:738:12)
    at PipeConnectWrap.afterConnect [as oncomplete] (node:net:1595:16) {
  errno: -2,
  code: 'ENOENT',
  syscall: 'connect',
  address: '/var/run/docker.sock'
}
[12/21 12:49:07] [WARN] 会话 ibUDW8KezupGSWbYAAAB(::ffff:127.0.0.1)/environment/images 响应数据时异常:
 无法获取镜像信息，请确保您已正确安装Docker环境
[12/21 12:49:07] [WARN] 会话 ibUDW8KezupGSWbYAAAB(::ffff:127.0.0.1)/environment/networkModes 响应数据时异常:
 Error: connect ENOENT /var/run/docker.sock
    at __node_internal_captureLargerStackTrace (node:internal/errors:563:5)
    at __node_internal_exceptionWithHostPort (node:internal/errors:738:12)
    at PipeConnectWrap.afterConnect [as oncomplete] (node:net:1595:16) {
  errno: -2,
  code: 'ENOENT',
  syscall: 'connect',
  address: '/var/run/docker.sock'
}
[12/21 12:49:19] [INFO] 会话 : 请求开启实例，模式为仿真终端
[12/21 12:49:19] [INFO] ----------------
[12/21 12:49:19] [INFO] 会话 : 请求开启实例.
[12/21 12:49:19] [INFO] 实例标识符: [fc60639ffe414b2c833de1d256490d53]
[12/21 12:49:19] [INFO] 启动命令: apt-get install htop && htop
[12/21 12:49:19] [INFO] PTY 路径: /workspace/AppData/mcsmanager/daemon/lib/pty_linux_x64
[12/21 12:49:19] [INFO] PTY 参数: -size 164,40 -coder utf8 -dir /workspace/AppData/mcsmanager/daemon/data/InstanceData/fc60639ffe414b2c833de1d256490d53 -fifo /tmp/mcsmanager-instance-pipe/pipe-3fe43924-08ec-48f2-ab89-8c9089e235d1 -cmd ["apt-get","install","htop","&&","htop"]
[12/21 12:49:19] [INFO] 工作目录: /workspace/AppData/mcsmanager/daemon/data/InstanceData/fc60639ffe414b2c833de1d256490d53
[12/21 12:49:19] [INFO] 尝试使用系统用户启动子进程，用户名：
[12/21 12:49:19] [INFO] ----------------
[12/21 12:49:19] [INFO] 实例 fc60639ffe414b2c833de1d256490d53 成功启动 PID: 1951
[12/21 12:49:25] [WARN] 会话 ibUDW8KezupGSWbYAAAB(::ffff:127.0.0.1)/environment/images 响应数据时异常:
 无法获取镜像信息，请确保您已正确安装Docker环境
[12/21 12:49:25] [WARN] 会话 ibUDW8KezupGSWbYAAAB(::ffff:127.0.0.1)/environment/networkModes 响应数据时异常:
 Error: connect ENOENT /var/run/docker.sock
    at __node_internal_captureLargerStackTrace (node:internal/errors:563:5)
    at __node_internal_exceptionWithHostPort (node:internal/errors:738:12)
    at PipeConnectWrap.afterConnect [as oncomplete] (node:net:1595:16) {
  errno: -2,
  code: 'ENOENT',
  syscall: 'connect',
  address: '/var/run/docker.sock'
}
[12/21 12:49:37] [INFO] 会话 : 请求开启实例，模式为仿真终端
[12/21 12:49:37] [INFO] ----------------
[12/21 12:49:37] [INFO] 会话 : 请求开启实例.
[12/21 12:49:37] [INFO] 实例标识符: [fc60639ffe414b2c833de1d256490d53]
[12/21 12:49:37] [INFO] 启动命令: apt-get -y install htop && htop
[12/21 12:49:37] [INFO] PTY 路径: /workspace/AppData/mcsmanager/daemon/lib/pty_linux_x64
[12/21 12:49:37] [INFO] PTY 参数: -size 164,40 -coder utf8 -dir /workspace/AppData/mcsmanager/daemon/data/InstanceData/fc60639ffe414b2c833de1d256490d53 -fifo /tmp/mcsmanager-instance-pipe/pipe-2f29b0b2-d91d-426e-802f-9ab74b2b245d -cmd ["apt-get","-y","install","htop","&&","htop"]
[12/21 12:49:37] [INFO] 工作目录: /workspace/AppData/mcsmanager/daemon/data/InstanceData/fc60639ffe414b2c833de1d256490d53
[12/21 12:49:37] [INFO] 尝试使用系统用户启动子进程，用户名：
[12/21 12:49:37] [INFO] ----------------
[12/21 12:49:37] [INFO] 实例 fc60639ffe414b2c833de1d256490d53 成功启动 PID: 1962
[12/21 12:52:14] [WARN] 会话 ibUDW8KezupGSWbYAAAB(::ffff:127.0.0.1)/environment/images 响应数据时异常:
 无法获取镜像信息，请确保您已正确安装Docker环境
[12/21 12:52:14] [WARN] 会话 ibUDW8KezupGSWbYAAAB(::ffff:127.0.0.1)/environment/networkModes 响应数据时异常:
 Error: connect ENOENT /var/run/docker.sock
    at __node_internal_captureLargerStackTrace (node:internal/errors:563:5)
    at __node_internal_exceptionWithHostPort (node:internal/errors:738:12)
    at PipeConnectWrap.afterConnect [as oncomplete] (node:net:1595:16) {
  errno: -2,
  code: 'ENOENT',
  syscall: 'connect',
  address: '/var/run/docker.sock'
}
[12/21 12:52:33] [WARN] 会话 ibUDW8KezupGSWbYAAAB(::ffff:127.0.0.1)/environment/images 响应数据时异常:
 无法获取镜像信息，请确保您已正确安装Docker环境
[12/21 12:52:33] [WARN] 会话 ibUDW8KezupGSWbYAAAB(::ffff:127.0.0.1)/environment/networkModes 响应数据时异常:
 Error: connect ENOENT /var/run/docker.sock
    at __node_internal_captureLargerStackTrace (node:internal/errors:563:5)
    at __node_internal_exceptionWithHostPort (node:internal/errors:738:12)
    at PipeConnectWrap.afterConnect [as oncomplete] (node:net:1595:16) {
  errno: -2,
  code: 'ENOENT',
  syscall: 'connect',
  address: '/var/run/docker.sock'
}
[12/21 12:52:51] [INFO] 会话 : 请求开启实例，模式为仿真终端
[12/21 12:52:51] [INFO] ----------------
[12/21 12:52:51] [INFO] 会话 : 请求开启实例.
[12/21 12:52:51] [INFO] 实例标识符: [fc60639ffe414b2c833de1d256490d53]
[12/21 12:52:51] [INFO] 启动命令: ./htop
[12/21 12:52:51] [INFO] PTY 路径: /workspace/AppData/mcsmanager/daemon/lib/pty_linux_x64
[12/21 12:52:51] [INFO] PTY 参数: -size 164,40 -coder utf8 -dir /workspace/AppData/mcsmanager/daemon/data/InstanceData/fc60639ffe414b2c833de1d256490d53 -fifo /tmp/mcsmanager-instance-pipe/pipe-59f513cd-2531-41e9-9945-488318d83982 -cmd ["./htop"]
[12/21 12:52:51] [INFO] 工作目录: /workspace/AppData/mcsmanager/daemon/data/InstanceData/fc60639ffe414b2c833de1d256490d53
[12/21 12:52:51] [INFO] 尝试使用系统用户启动子进程，用户名：
[12/21 12:52:51] [INFO] ----------------
[12/21 12:52:51] [INFO] 实例 fc60639ffe414b2c833de1d256490d53 成功启动 PID: 1973
[12/21 12:55:35] [WARN] 会话 ibUDW8KezupGSWbYAAAB(::ffff:127.0.0.1)/environment/images 响应数据时异常:
 无法获取镜像信息，请确保您已正确安装Docker环境
[12/21 12:55:35] [WARN] 会话 ibUDW8KezupGSWbYAAAB(::ffff:127.0.0.1)/environment/networkModes 响应数据时异常:
 Error: connect ENOENT /var/run/docker.sock
    at __node_internal_captureLargerStackTrace (node:internal/errors:563:5)
    at __node_internal_exceptionWithHostPort (node:internal/errors:738:12)
    at PipeConnectWrap.afterConnect [as oncomplete] (node:net:1595:16) {
  errno: -2,
  code: 'ENOENT',
  syscall: 'connect',
  address: '/var/run/docker.sock'
}
[12/21 12:56:02] [INFO] 会话 : 请求开启实例，模式为仿真终端
[12/21 12:56:02] [INFO] ----------------
[12/21 12:56:02] [INFO] 会话 : 请求开启实例.
[12/21 12:56:02] [INFO] 实例标识符: [4b4ff92a2e61484b876a74dfbda2e953]
[12/21 12:56:02] [INFO] 启动命令: /workspace/zulujava25/bin/java -Xmx15G -Dfile.encoding=utf-8 -Djline.terminal=jline.UnsupportedTerminal -jar fabric-server-mc.1.21.5-loader.0.17.2-launcher.1.1.0.jar nogui
[12/21 12:56:02] [INFO] PTY 路径: /workspace/AppData/mcsmanager/daemon/lib/pty_linux_x64
[12/21 12:56:02] [INFO] PTY 参数: -size 164,40 -coder utf8 -dir /workspace/AppData/MinecraftServer -fifo /tmp/mcsmanager-instance-pipe/pipe-c87f208e-57fb-40ee-b568-1c4d54275302 -cmd ["/workspace/zulujava25/bin/java","-Xmx15G","-Dfile.encoding=utf-8","-Djline.terminal=jline.UnsupportedTerminal","-jar","fabric-server-mc.1.21.5-loader.0.17.2-launcher.1.1.0.jar","nogui"]
[12/21 12:56:02] [INFO] 工作目录: /workspace/AppData/MinecraftServer
[12/21 12:56:02] [INFO] 尝试使用系统用户启动子进程，用户名：
[12/21 12:56:02] [INFO] ----------------
[12/21 12:56:02] [INFO] 实例 4b4ff92a2e61484b876a74dfbda2e953 成功启动 PID: 2071
[12/22 00:47:24] [INFO] 会话 ZOg0Q6Gr-1oPipyCAAAe(::ffff:127.0.0.1) 验证身份成功
[12/22 00:47:24] [WARN] 节点语言已更改： zh_cn
