[01/15 03:03:18] [INFO] All feature modules and permission firewalls have been initialized successfully
[01/15 03:03:18] [INFO] LANGUAGE: zh_cn
[01/15 03:03:18] [INFO] 欢迎使用 MCSManager 守护进程
[01/15 03:03:18] [INFO] 所有应用实例已加载，总计 7 个
[01/15 03:03:18] [INFO] ----------------------------
[01/15 03:03:18] [INFO] 守护进程现已成功启动
[01/15 03:03:18] [INFO] 参考文档：https://docs.mcsmanager.com/
[01/15 03:03:18] [INFO] 访问地址: http://localhost:7860
[01/15 03:03:18] [INFO] 配置文件：data/Config/global.json
[01/15 03:03:18] [INFO] 访问密钥：580845bbb3d9496ebd3470ba35148a592d333eb06ce1c34
[01/15 03:03:18] [INFO] 密钥作为唯一认证方式，请使用 MCSManager 面板的节点功能连接程序
[01/15 03:03:18] [INFO] 你可以使用 Ctrl+C 快捷键即可关闭程序
[01/15 03:03:18] [INFO] ----------------------------
[01/15 03:03:25] [INFO] 会话 : 请求开启实例，模式为仿真终端
[01/15 03:03:25] [INFO] ----------------
[01/15 03:03:25] [INFO] 会话 : 请求开启实例.
[01/15 03:03:25] [INFO] 实例标识符: [17cbf5a1c2224809a76df690feae7732]
[01/15 03:03:25] [INFO] 启动命令: ./gitpush download
[01/15 03:03:25] [INFO] PTY 路径: /workspace/AppData/mcsmanager/daemon/lib/pty_linux_x64
[01/15 03:03:25] [INFO] PTY 参数: -size 164,40 -coder utf8 -dir /workspace/AppData/mcsmanager/daemon/data/InstanceData/17cbf5a1c2224809a76df690feae7732 -fifo /tmp/mcsmanager-instance-pipe/pipe-c3df2b5e-dc71-409e-a17c-373a828ca542 -cmd ["./gitpush","download"]
[01/15 03:03:25] [INFO] 工作目录: /workspace/AppData/mcsmanager/daemon/data/InstanceData/17cbf5a1c2224809a76df690feae7732
[01/15 03:03:25] [INFO] 尝试使用系统用户启动子进程，用户名：
[01/15 03:03:25] [INFO] ----------------
[01/15 03:03:25] [INFO] 实例 17cbf5a1c2224809a76df690feae7732 成功启动 PID: 1357
[01/15 03:03:25] [INFO] 实例 Git Push Saves 17cbf5a1c2224809a76df690feae7732 自动启动指令已发出
[01/15 03:03:30] [INFO] 会话 : 请求开启实例，模式为仿真终端
[01/15 03:03:30] [INFO] ----------------
[01/15 03:03:30] [INFO] 会话 : 请求开启实例.
[01/15 03:03:30] [INFO] 实例标识符: [63af6014618148c9ac2fd0aeea4af138]
[01/15 03:03:30] [INFO] 启动命令: ./frpc
[01/15 03:03:30] [INFO] PTY 路径: /workspace/AppData/mcsmanager/daemon/lib/pty_linux_x64
[01/15 03:03:30] [INFO] PTY 参数: -size 164,40 -coder utf8 -dir /workspace/AppData/mcsmanager/daemon/data/InstanceData/63af6014618148c9ac2fd0aeea4af138 -fifo /tmp/mcsmanager-instance-pipe/pipe-157956d4-a9d3-43e7-b3ac-afa46cbe53cc -cmd ["./frpc"]
[01/15 03:03:30] [INFO] 工作目录: /workspace/AppData/mcsmanager/daemon/data/InstanceData/63af6014618148c9ac2fd0aeea4af138
[01/15 03:03:30] [INFO] 尝试使用系统用户启动子进程，用户名：
[01/15 03:03:30] [INFO] ----------------
[01/15 03:03:30] [INFO] 实例 63af6014618148c9ac2fd0aeea4af138 成功启动 PID: 1850
[01/15 03:03:30] [INFO] 实例 frp 63af6014618148c9ac2fd0aeea4af138 自动启动指令已发出
[01/15 03:03:35] [INFO] 会话 : 请求开启实例，模式为仿真终端
[01/15 03:03:35] [INFO] ----------------
[01/15 03:03:35] [INFO] 会话 : 请求开启实例.
[01/15 03:03:35] [INFO] 实例标识符: [932eca89f5d94742999b1a9de51bd511]
[01/15 03:03:35] [INFO] 启动命令: ./frpc -c frpc.ini
[01/15 03:03:35] [INFO] PTY 路径: /workspace/AppData/mcsmanager/daemon/lib/pty_linux_x64
[01/15 03:03:35] [INFO] PTY 参数: -size 164,40 -coder utf8 -dir /workspace/AppData/mcsmanager/daemon/data/InstanceData/932eca89f5d94742999b1a9de51bd511 -fifo /tmp/mcsmanager-instance-pipe/pipe-4f1217cf-cb88-45fe-b31a-8de32bc681bb -cmd ["./frpc","-c","frpc.ini"]
[01/15 03:03:35] [INFO] 工作目录: /workspace/AppData/mcsmanager/daemon/data/InstanceData/932eca89f5d94742999b1a9de51bd511
[01/15 03:03:35] [INFO] 尝试使用系统用户启动子进程，用户名：
[01/15 03:03:35] [INFO] ----------------
[01/15 03:03:35] [INFO] 实例 932eca89f5d94742999b1a9de51bd511 成功启动 PID: 1891
[01/15 03:03:35] [INFO] 实例 frpc 932eca89f5d94742999b1a9de51bd511 自动启动指令已发出
[01/15 03:03:37] [INFO] 会话 0ckFfaFEZDWLKErwAAAB(::ffff:127.0.0.1) 验证身份成功
[01/15 03:03:37] [WARN] 节点语言已更改： zh_cn
[01/15 03:03:40] [INFO] 会话 : 请求开启实例，模式为仿真终端
[01/15 03:03:40] [INFO] ----------------
[01/15 03:03:40] [INFO] 会话 : 请求开启实例.
[01/15 03:03:40] [INFO] 实例标识符: [c30553ca0026473f8c395082a92f09a0]
[01/15 03:03:40] [INFO] 启动命令: ./shell.sh
[01/15 03:03:40] [INFO] PTY 路径: /workspace/AppData/mcsmanager/daemon/lib/pty_linux_x64
[01/15 03:03:40] [INFO] PTY 参数: -size 164,40 -coder utf8 -dir /workspace/AppData/mcsmanager/daemon/data/InstanceData/c30553ca0026473f8c395082a92f09a0 -fifo /tmp/mcsmanager-instance-pipe/pipe-448c0809-6edb-4fc0-8b45-fc2493e70c7a -cmd ["./shell.sh"]
[01/15 03:03:40] [INFO] 工作目录: /workspace/AppData/mcsmanager/daemon/data/InstanceData/c30553ca0026473f8c395082a92f09a0
[01/15 03:03:40] [INFO] 尝试使用系统用户启动子进程，用户名：
[01/15 03:03:40] [INFO] ----------------
[01/15 03:03:40] [INFO] 实例 c30553ca0026473f8c395082a92f09a0 成功启动 PID: 1911
[01/15 03:03:40] [INFO] 实例 Git Push c30553ca0026473f8c395082a92f09a0 自动启动指令已发出
[01/15 03:03:45] [INFO] 会话 : 请求开启实例，模式为仿真终端
[01/15 03:03:45] [INFO] ----------------
[01/15 03:03:45] [INFO] 会话 : 请求开启实例.
[01/15 03:03:45] [INFO] 实例标识符: [fc60639ffe414b2c833de1d256490d53]
[01/15 03:03:45] [INFO] 启动命令: ./htop
[01/15 03:03:45] [INFO] PTY 路径: /workspace/AppData/mcsmanager/daemon/lib/pty_linux_x64
[01/15 03:03:45] [INFO] PTY 参数: -size 164,40 -coder utf8 -dir /workspace/AppData/mcsmanager/daemon/data/InstanceData/fc60639ffe414b2c833de1d256490d53 -fifo /tmp/mcsmanager-instance-pipe/pipe-5bf2fb34-01e4-4df0-9a5a-3e85a65efd58 -cmd ["./htop"]
[01/15 03:03:45] [INFO] 工作目录: /workspace/AppData/mcsmanager/daemon/data/InstanceData/fc60639ffe414b2c833de1d256490d53
[01/15 03:03:45] [INFO] 尝试使用系统用户启动子进程，用户名：
[01/15 03:03:45] [INFO] ----------------
[01/15 03:03:45] [INFO] 实例 fc60639ffe414b2c833de1d256490d53 成功启动 PID: 1923
[01/15 03:03:45] [INFO] 实例 htop fc60639ffe414b2c833de1d256490d53 自动启动指令已发出
[01/15 03:30:02] [INFO] 会话 : 请求开启实例，模式为仿真终端
[01/15 03:30:02] [INFO] ----------------
[01/15 03:30:02] [INFO] 会话 : 请求开启实例.
[01/15 03:30:02] [INFO] 实例标识符: [4b4ff92a2e61484b876a74dfbda2e953]
[01/15 03:30:02] [INFO] 启动命令: /workspace/zulujava25/bin/java -Xmx15G -Dfile.encoding=utf-8 -Djline.terminal=jline.UnsupportedTerminal -jar fabric-server-mc.1.21.5-loader.0.17.2-launcher.1.1.0.jar nogui
[01/15 03:30:02] [INFO] PTY 路径: /workspace/AppData/mcsmanager/daemon/lib/pty_linux_x64
[01/15 03:30:02] [INFO] PTY 参数: -size 164,40 -coder utf8 -dir /workspace/AppData/MinecraftServer -fifo /tmp/mcsmanager-instance-pipe/pipe-b223e6ed-2270-4992-a117-548a0754784e -cmd ["/workspace/zulujava25/bin/java","-Xmx15G","-Dfile.encoding=utf-8","-Djline.terminal=jline.UnsupportedTerminal","-jar","fabric-server-mc.1.21.5-loader.0.17.2-launcher.1.1.0.jar","nogui"]
[01/15 03:30:02] [INFO] 工作目录: /workspace/AppData/MinecraftServer
[01/15 03:30:02] [INFO] 尝试使用系统用户启动子进程，用户名：
[01/15 03:30:02] [INFO] ----------------
[01/15 03:30:02] [INFO] 实例 4b4ff92a2e61484b876a74dfbda2e953 成功启动 PID: 1973
[01/15 07:11:39] [INFO] 会话 NzIdSBtV0iEH6QEqAAAD(::ffff:127.0.0.1) 验证身份成功
[01/15 07:11:39] [WARN] 节点语言已更改： zh_cn
[01/15 11:16:41] [INFO] 会话 G6DJIeGjIDeehLilAAAF(::ffff:127.0.0.1) 验证身份成功
[01/15 11:16:41] [WARN] 节点语言已更改： zh_cn
[01/15 22:48:05] [INFO] 会话 tBFtCdcH2Ki9-2PSAAAH(::ffff:127.0.0.1) 验证身份成功
[01/15 22:48:06] [WARN] 节点语言已更改： zh_cn
