[INFO] æ­£åœ¨å¯åŠ¨...
[ERROR] æ£€æµ‹åˆ°è¿›ç¨‹å¯åŠ¨å¤±è´¥ï¼Œå…¶å¯èƒ½çš„åŸå› æ˜¯ï¼š
1. å®ä¾‹å¯åŠ¨å‘½ä»¤ç¼–å†™é”™è¯¯ï¼Œè¯·å‰å¾€å®ä¾‹è®¾ç½®ç•Œé¢æ£€æŸ¥å¯åŠ¨å‘½ä»¤ä¸å‚æ•°ã€‚
2. ç³»ç»Ÿä¸»æœºç¯å¢ƒä¸æ­£ç¡®æˆ–ç¼ºå°‘ç¯å¢ƒï¼Œæ¯”å¦‚ç¼ºå°‘ Java ç¯å¢ƒç­‰ã€‚

å¯åŠ¨å‘½ä»¤ï¼š
./frpc

è¯·å°†æ­¤ä¿¡æ¯æŠ¥å‘Šç»™ç®¡ç†å‘˜ï¼ŒæŠ€æœ¯äººå‘˜æˆ–è‡ªè¡Œæ’æŸ¥æ•…éšœã€‚
[ERROR] å®ä¾‹å¯åŠ¨å¤±è´¥ï¼Œè¯·æ£€æŸ¥å¯åŠ¨å‘½ä»¤ï¼Œä¸»æœºç¯å¢ƒå’Œé…ç½®æ–‡ä»¶ç­‰
[INFO] æ­£åœ¨å¯åŠ¨...
[INFO] ä»¿çœŸç»ˆç«¯æ¨¡å¼å·²ç”Ÿæ•ˆï¼Œæ‚¨å¯ä»¥ç›´æ¥åœ¨ç»ˆç«¯å†…ç›´æ¥è¾“å…¥å†…å®¹å¹¶ä½¿ç”¨ Ctrlï¼ŒTab ç­‰åŠŸèƒ½é”®
[INFO] å®ä¾‹å·²å¯åŠ¨...
2025/11/29 09:39:01 [1;34m[I] [root.go:125] æ¬¢è¿ä½¿ç”¨ChmlFrpæ˜ å°„å®¢æˆ·ç«¯![0m
2025/11/29 09:39:01 [1;34m[I] [root.go:135] ä»ChmlFrp APIè·å–é…ç½®æ–‡ä»¶...[0m
2025/11/29 09:39:01 [1;34m[I] [root.go:347] å¯åŠ¨é…ç½®æ–‡ä»¶çš„frpcæœåŠ¡ [./frpc.ini][0m
2025/11/29 09:39:01 [1;34m[I] [service.go:313] æˆåŠŸç™»å½•è‡³æœåŠ¡å™¨, è·å–åˆ°RunID [327ab8b31a3546e2][0m
2025/11/29 09:39:01 [1;34m[I] [proxy_manager.go:150] å·²æ·»åŠ éš§é“: [CNBSERVER6][0m
2025/11/29 09:39:01 [1;33m[W] [control.go:170] [CNBSERVER6] å¯åŠ¨å¤±è´¥: port already used[0m

[INFO] å·²æ‰§è¡Œé¢„è®¾çš„å…³é—­å‘½ä»¤ï¼š
^c
å¦‚æœæ— æ³•å…³é—­å®ä¾‹è¯·å‰å¾€å®ä¾‹è®¾ç½®æ›´æ”¹å…³é—­å®ä¾‹çš„æ­£ç¡®å‘½ä»¤ï¼Œæ¯”å¦‚ exitï¼Œstopï¼Œend ç­‰
[INFO] å®ä¾‹å·²åœæ­¢ã€‚
[INFO] Preparing to start...
[INFO] Emulated terminal mode is active. You can directly input content in the terminal and use Ctrl, Tab, and other function keys.
[INFO] The instance has been started...
2025/12/20 14:42:52 [1;34m[I] [root.go:125] æ¬¢è¿ä½¿ç”¨ChmlFrpæ˜ å°„å®¢æˆ·ç«¯![0m
2025/12/20 14:42:52 [1;34m[I] [root.go:135] ä»ChmlFrp APIè·å–é…ç½®æ–‡ä»¶...[0m
2025/12/20 14:42:52 [1;34m[I] [root.go:347] å¯åŠ¨é…ç½®æ–‡ä»¶çš„frpcæœåŠ¡ [./frpc.ini][0m
2025/12/20 14:42:53 [1;34m[I] [service.go:313] æˆåŠŸç™»å½•è‡³æœåŠ¡å™¨, è·å–åˆ°RunID [7075fc816b5e865a][0m
2025/12/20 14:42:53 [1;34m[I] [proxy_manager.go:150] å·²æ·»åŠ éš§é“: [CNBSERVER6][0m
2025/12/20 14:42:53 [1;33m[W] [control.go:170] [CNBSERVER6] å¯åŠ¨å¤±è´¥: proxy [CNBSERVER6] already exists[0m
2025/12/20 14:43:26 [1;34m[I] [control.go:172] [CNBSERVER6] æ˜ å°„å¯åŠ¨æˆåŠŸ, æ„Ÿè°¢æ‚¨ä½¿ç”¨ChmlFrp![0m
[INFO] æ­£åœ¨å¯åŠ¨...
[INFO] ä»¿çœŸç»ˆç«¯æ¨¡å¼å·²ç”Ÿæ•ˆï¼Œæ‚¨å¯ä»¥ç›´æ¥åœ¨ç»ˆç«¯å†…ç›´æ¥è¾“å…¥å†…å®¹å¹¶ä½¿ç”¨ Ctrlï¼ŒTab ç­‰åŠŸèƒ½é”®
[INFO] å®ä¾‹å·²å¯åŠ¨...
2025/12/20 15:14:28 [1;34m[I] [root.go:125] æ¬¢è¿ä½¿ç”¨ChmlFrpæ˜ å°„å®¢æˆ·ç«¯![0m
2025/12/20 15:14:28 [1;34m[I] [root.go:135] ä»ChmlFrp APIè·å–é…ç½®æ–‡ä»¶...[0m
2025/12/20 15:14:28 [1;34m[I] [root.go:347] å¯åŠ¨é…ç½®æ–‡ä»¶çš„frpcæœåŠ¡ [./frpc.ini][0m
2025/12/20 15:14:29 [1;34m[I] [service.go:313] æˆåŠŸç™»å½•è‡³æœåŠ¡å™¨, è·å–åˆ°RunID [4bc367e6dcda8934][0m
2025/12/20 15:14:29 [1;34m[I] [proxy_manager.go:150] å·²æ·»åŠ éš§é“: [CNBSERVER6][0m
2025/12/20 15:14:30 [1;33m[W] [control.go:170] [CNBSERVER6] å¯åŠ¨å¤±è´¥: proxy [CNBSERVER6] already exists[0m
2025/12/20 15:15:03 [1;34m[I] [control.go:172] [CNBSERVER6] æ˜ å°„å¯åŠ¨æˆåŠŸ, æ„Ÿè°¢æ‚¨ä½¿ç”¨ChmlFrp![0m
2025/12/20 15:45:56 [1;34m[I] [control.go:252] æ­£åœ¨å’ŒæœåŠ¡å™¨æ–­å¼€é“¾æ¥...[0m
2025/12/20 15:45:56 [1;34m[I] [visitor_manager.go:77] gracefully shutdown visitor manager[0m
2025/12/20 15:45:56 [1;34m[I] [service.go:227] å°è¯•é‡æ–°è¿æ¥è‡³æœåŠ¡å™¨[0m
2025/12/20 15:45:57 [1;34m[I] [service.go:313] æˆåŠŸç™»å½•è‡³æœåŠ¡å™¨, è·å–åˆ°RunID [4bc367e6dcda8934][0m
2025/12/20 15:45:57 [1;34m[I] [proxy_manager.go:150] å·²æ·»åŠ éš§é“: [CNBSERVER6][0m
2025/12/20 15:45:57 [1;34m[I] [control.go:172] [CNBSERVER6] æ˜ å°„å¯åŠ¨æˆåŠŸ, æ„Ÿè°¢æ‚¨ä½¿ç”¨ChmlFrp![0m
[INFO] æ­£åœ¨å¯åŠ¨...
[INFO] ä»¿çœŸç»ˆç«¯æ¨¡å¼å·²ç”Ÿæ•ˆï¼Œæ‚¨å¯ä»¥ç›´æ¥åœ¨ç»ˆç«¯å†…ç›´æ¥è¾“å…¥å†…å®¹å¹¶ä½¿ç”¨ Ctrlï¼ŒTab ç­‰åŠŸèƒ½é”®
[INFO] å®ä¾‹å·²å¯åŠ¨...
2025/12/20 16:35:02 [1;34m[I] [root.go:125] æ¬¢è¿ä½¿ç”¨ChmlFrpæ˜ å°„å®¢æˆ·ç«¯![0m
2025/12/20 16:35:02 [1;34m[I] [root.go:135] ä»ChmlFrp APIè·å–é…ç½®æ–‡ä»¶...[0m
2025/12/20 16:35:02 [1;34m[I] [root.go:347] å¯åŠ¨é…ç½®æ–‡ä»¶çš„frpcæœåŠ¡ [./frpc.ini][0m
2025/12/20 16:35:03 [1;34m[I] [service.go:313] æˆåŠŸç™»å½•è‡³æœåŠ¡å™¨, è·å–åˆ°RunID [fb0f8a34d4362a8d][0m
2025/12/20 16:35:03 [1;34m[I] [proxy_manager.go:150] å·²æ·»åŠ éš§é“: [CNBSERVER6][0m
2025/12/20 16:35:04 [1;33m[W] [control.go:170] [CNBSERVER6] å¯åŠ¨å¤±è´¥: proxy [CNBSERVER6] already exists[0m
2025/12/20 16:35:37 [1;34m[I] [control.go:172] [CNBSERVER6] æ˜ å°„å¯åŠ¨æˆåŠŸ, æ„Ÿè°¢æ‚¨ä½¿ç”¨ChmlFrp![0m
[INFO] æ­£åœ¨å¯åŠ¨...
[INFO] ä»¿çœŸç»ˆç«¯æ¨¡å¼å·²ç”Ÿæ•ˆï¼Œæ‚¨å¯ä»¥ç›´æ¥åœ¨ç»ˆç«¯å†…ç›´æ¥è¾“å…¥å†…å®¹å¹¶ä½¿ç”¨ Ctrlï¼ŒTab ç­‰åŠŸèƒ½é”®
[INFO] å®ä¾‹å·²å¯åŠ¨...
2025/12/21 11:32:58 [1;34m[I] [root.go:125] æ¬¢è¿ä½¿ç”¨ChmlFrpæ˜ å°„å®¢æˆ·ç«¯![0m
2025/12/21 11:32:58 [1;34m[I] [root.go:135] ä»ChmlFrp APIè·å–é…ç½®æ–‡ä»¶...[0m
2025/12/21 11:32:58 [1;34m[I] [root.go:347] å¯åŠ¨é…ç½®æ–‡ä»¶çš„frpcæœåŠ¡ [./frpc.ini][0m
2025/12/21 11:32:59 [1;34m[I] [service.go:313] æˆåŠŸç™»å½•è‡³æœåŠ¡å™¨, è·å–åˆ°RunID [6843cf156eec1aba][0m
2025/12/21 11:32:59 [1;34m[I] [proxy_manager.go:150] å·²æ·»åŠ éš§é“: [CNBSERVER6][0m
2025/12/21 11:32:59 [1;34m[I] [control.go:172] [CNBSERVER6] æ˜ å°„å¯åŠ¨æˆåŠŸ, æ„Ÿè°¢æ‚¨ä½¿ç”¨ChmlFrp![0m
[INFO] æ­£åœ¨å¯åŠ¨...
[INFO] ä»¿çœŸç»ˆç«¯æ¨¡å¼å·²ç”Ÿæ•ˆï¼Œæ‚¨å¯ä»¥ç›´æ¥åœ¨ç»ˆç«¯å†…ç›´æ¥è¾“å…¥å†…å®¹å¹¶ä½¿ç”¨ Ctrlï¼ŒTab ç­‰åŠŸèƒ½é”®
[INFO] å®ä¾‹å·²å¯åŠ¨...
2025/12/21 12:45:52 [1;34m[I] [root.go:125] æ¬¢è¿ä½¿ç”¨ChmlFrpæ˜ å°„å®¢æˆ·ç«¯![0m
2025/12/21 12:45:52 [1;34m[I] [root.go:135] ä»ChmlFrp APIè·å–é…ç½®æ–‡ä»¶...[0m
2025/12/21 12:45:52 [1;34m[I] [root.go:347] å¯åŠ¨é…ç½®æ–‡ä»¶çš„frpcæœåŠ¡ [./frpc.ini][0m
2025/12/21 12:45:53 [1;34m[I] [service.go:313] æˆåŠŸç™»å½•è‡³æœåŠ¡å™¨, è·å–åˆ°RunID [10353b82480d21ad][0m
2025/12/21 12:45:53 [1;34m[I] [proxy_manager.go:150] å·²æ·»åŠ éš§é“: [CNBSERVER6][0m
2025/12/21 12:45:53 [1;34m[I] [control.go:172] [CNBSERVER6] æ˜ å°„å¯åŠ¨æˆåŠŸ, æ„Ÿè°¢æ‚¨ä½¿ç”¨ChmlFrp![0m
2025/12/22 00:46:58 [1;34m[I] [control.go:252] æ­£åœ¨å’ŒæœåŠ¡å™¨æ–­å¼€é“¾æ¥...[0m
2025/12/22 00:46:58 [1;34m[I] [visitor_manager.go:77] gracefully shutdown visitor manager[0m
2025/12/22 00:46:58 [1;34m[I] [service.go:227] å°è¯•é‡æ–°è¿æ¥è‡³æœåŠ¡å™¨[0m
2025/12/22 00:47:01 [1;34m[I] [service.go:313] æˆåŠŸç™»å½•è‡³æœåŠ¡å™¨, è·å–åˆ°RunID [10353b82480d21ad][0m
2025/12/22 00:47:01 [1;34m[I] [proxy_manager.go:150] å·²æ·»åŠ éš§é“: [CNBSERVER6][0m
2025/12/22 00:47:03 [1;34m[I] [control.go:172] [CNBSERVER6] æ˜ å°„å¯åŠ¨æˆåŠŸ, æ„Ÿè°¢æ‚¨ä½¿ç”¨ChmlFrp![0m
[INFO] æ­£åœ¨å¯åŠ¨...
[INFO] ä»¿çœŸç»ˆç«¯æ¨¡å¼å·²ç”Ÿæ•ˆï¼Œæ‚¨å¯ä»¥ç›´æ¥åœ¨ç»ˆç«¯å†…ç›´æ¥è¾“å…¥å†…å®¹å¹¶ä½¿ç”¨ Ctrlï¼ŒTab ç­‰åŠŸèƒ½é”®
[INFO] å®ä¾‹å·²å¯åŠ¨...
2025/12/23 03:02:33 [1;34m[I] [root.go:125] æ¬¢è¿ä½¿ç”¨ChmlFrpæ˜ å°„å®¢æˆ·ç«¯![0m
2025/12/23 03:02:33 [1;34m[I] [root.go:135] ä»ChmlFrp APIè·å–é…ç½®æ–‡ä»¶...[0m
2025/12/23 03:02:33 [1;34m[I] [root.go:347] å¯åŠ¨é…ç½®æ–‡ä»¶çš„frpcæœåŠ¡ [./frpc.ini][0m
2025/12/23 03:02:34 [1;34m[I] [service.go:313] æˆåŠŸç™»å½•è‡³æœåŠ¡å™¨, è·å–åˆ°RunID [d8bfa23c90c648e4][0m
2025/12/23 03:02:34 [1;34m[I] [proxy_manager.go:150] å·²æ·»åŠ éš§é“: [CNBSERVER6][0m
2025/12/23 03:02:34 [1;34m[I] [control.go:172] [CNBSERVER6] æ˜ å°„å¯åŠ¨æˆåŠŸ, æ„Ÿè°¢æ‚¨ä½¿ç”¨ChmlFrp![0m
2025/12/23 09:18:20 [1;34m[I] [control.go:252] æ­£åœ¨å’ŒæœåŠ¡å™¨æ–­å¼€é“¾æ¥...[0m
2025/12/23 09:18:20 [1;34m[I] [visitor_manager.go:77] gracefully shutdown visitor manager[0m
2025/12/23 09:18:20 [1;34m[I] [service.go:227] å°è¯•é‡æ–°è¿æ¥è‡³æœåŠ¡å™¨[0m
2025/12/23 09:18:21 [1;34m[I] [service.go:313] æˆåŠŸç™»å½•è‡³æœåŠ¡å™¨, è·å–åˆ°RunID [d8bfa23c90c648e4][0m
2025/12/23 09:18:21 [1;34m[I] [proxy_manager.go:150] å·²æ·»åŠ éš§é“: [CNBSERVER6][0m
2025/12/23 09:18:21 [1;34m[I] [control.go:172] [CNBSERVER6] æ˜ å°„å¯åŠ¨æˆåŠŸ, æ„Ÿè°¢æ‚¨ä½¿ç”¨ChmlFrp![0m
[INFO] æ­£åœ¨å¯åŠ¨...
[INFO] ä»¿çœŸç»ˆç«¯æ¨¡å¼å·²ç”Ÿæ•ˆï¼Œæ‚¨å¯ä»¥ç›´æ¥åœ¨ç»ˆç«¯å†…ç›´æ¥è¾“å…¥å†…å®¹å¹¶ä½¿ç”¨ Ctrlï¼ŒTab ç­‰åŠŸèƒ½é”®
[INFO] å®ä¾‹å·²å¯åŠ¨...
2025/12/25 03:02:51 [1;34m[I] [root.go:125] æ¬¢è¿ä½¿ç”¨ChmlFrpæ˜ å°„å®¢æˆ·ç«¯![0m
2025/12/25 03:02:51 [1;34m[I] [root.go:135] ä»ChmlFrp APIè·å–é…ç½®æ–‡ä»¶...[0m
2025/12/25 03:02:51 [1;34m[I] [root.go:347] å¯åŠ¨é…ç½®æ–‡ä»¶çš„frpcæœåŠ¡ [./frpc.ini][0m
2025/12/25 03:02:52 [1;34m[I] [service.go:313] æˆåŠŸç™»å½•è‡³æœåŠ¡å™¨, è·å–åˆ°RunID [c4fcd1bae3087e16][0m
2025/12/25 03:02:52 [1;34m[I] [proxy_manager.go:150] å·²æ·»åŠ éš§é“: [CNBSERVER6][0m
2025/12/25 03:02:52 [1;34m[I] [control.go:172] [CNBSERVER6] æ˜ å°„å¯åŠ¨æˆåŠŸ, æ„Ÿè°¢æ‚¨ä½¿ç”¨ChmlFrp![0m
[INFO] æ­£åœ¨å¯åŠ¨...
[INFO] ä»¿çœŸç»ˆç«¯æ¨¡å¼å·²ç”Ÿæ•ˆï¼Œæ‚¨å¯ä»¥ç›´æ¥åœ¨ç»ˆç«¯å†…ç›´æ¥è¾“å…¥å†…å®¹å¹¶ä½¿ç”¨ Ctrlï¼ŒTab ç­‰åŠŸèƒ½é”®
[INFO] å®ä¾‹å·²å¯åŠ¨...
2025/12/26 16:49:11 [1;34m[I] [root.go:125] æ¬¢è¿ä½¿ç”¨ChmlFrpæ˜ å°„å®¢æˆ·ç«¯![0m
2025/12/26 16:49:11 [1;34m[I] [root.go:135] ä»ChmlFrp APIè·å–é…ç½®æ–‡ä»¶...[0m
2025/12/26 16:49:11 [1;34m[I] [root.go:347] å¯åŠ¨é…ç½®æ–‡ä»¶çš„frpcæœåŠ¡ [./frpc.ini][0m
2025/12/26 16:49:12 [1;34m[I] [service.go:313] æˆåŠŸç™»å½•è‡³æœåŠ¡å™¨, è·å–åˆ°RunID [ddbfa83864d56ead][0m
2025/12/26 16:49:12 [1;34m[I] [proxy_manager.go:150] å·²æ·»åŠ éš§é“: [CNBSERVER6][0m
2025/12/26 16:49:12 [1;34m[I] [control.go:172] [CNBSERVER6] æ˜ å°„å¯åŠ¨æˆåŠŸ, æ„Ÿè°¢æ‚¨ä½¿ç”¨ChmlFrp![0m
[INFO] æ­£åœ¨å¯åŠ¨...
[INFO] ä»¿çœŸç»ˆç«¯æ¨¡å¼å·²ç”Ÿæ•ˆï¼Œæ‚¨å¯ä»¥ç›´æ¥åœ¨ç»ˆç«¯å†…ç›´æ¥è¾“å…¥å†…å®¹å¹¶ä½¿ç”¨ Ctrlï¼ŒTab ç­‰åŠŸèƒ½é”®
[INFO] å®ä¾‹å·²å¯åŠ¨...
2025/12/28 13:05:16 [1;34m[I] [root.go:125] æ¬¢è¿ä½¿ç”¨ChmlFrpæ˜ å°„å®¢æˆ·ç«¯![0m
2025/12/28 13:05:16 [1;34m[I] [root.go:135] ä»ChmlFrp APIè·å–é…ç½®æ–‡ä»¶...[0m
2025/12/28 13:05:16 [1;34m[I] [root.go:347] å¯åŠ¨é…ç½®æ–‡ä»¶çš„frpcæœåŠ¡ [./frpc.ini][0m
2025/12/28 13:05:16 [1;34m[I] [service.go:313] æˆåŠŸç™»å½•è‡³æœåŠ¡å™¨, è·å–åˆ°RunID [afd361dfba7450aa][0m
2025/12/28 13:05:16 [1;34m[I] [proxy_manager.go:150] å·²æ·»åŠ éš§é“: [CNBSERVER6][0m
2025/12/28 13:05:17 [1;34m[I] [control.go:172] [CNBSERVER6] æ˜ å°„å¯åŠ¨æˆåŠŸ, æ„Ÿè°¢æ‚¨ä½¿ç”¨ChmlFrp![0m
[INFO] æ­£åœ¨å¯åŠ¨...
[INFO] ä»¿çœŸç»ˆç«¯æ¨¡å¼å·²ç”Ÿæ•ˆï¼Œæ‚¨å¯ä»¥ç›´æ¥åœ¨ç»ˆç«¯å†…ç›´æ¥è¾“å…¥å†…å®¹å¹¶ä½¿ç”¨ Ctrlï¼ŒTab ç­‰åŠŸèƒ½é”®
[INFO] å®ä¾‹å·²å¯åŠ¨...
2025/12/28 14:10:23 [1;34m[I] [root.go:125] æ¬¢è¿ä½¿ç”¨ChmlFrpæ˜ å°„å®¢æˆ·ç«¯![0m
2025/12/28 14:10:23 [1;34m[I] [root.go:135] ä»ChmlFrp APIè·å–é…ç½®æ–‡ä»¶...[0m
2025/12/28 14:10:23 [1;34m[I] [root.go:347] å¯åŠ¨é…ç½®æ–‡ä»¶çš„frpcæœåŠ¡ [./frpc.ini][0m
2025/12/28 14:10:24 [1;34m[I] [service.go:313] æˆåŠŸç™»å½•è‡³æœåŠ¡å™¨, è·å–åˆ°RunID [0a3059e76391e66e][0m
2025/12/28 14:10:24 [1;34m[I] [proxy_manager.go:150] å·²æ·»åŠ éš§é“: [CNBSERVER6][0m
2025/12/28 14:10:24 [1;34m[I] [control.go:172] [CNBSERVER6] æ˜ å°„å¯åŠ¨æˆåŠŸ, æ„Ÿè°¢æ‚¨ä½¿ç”¨ChmlFrp![0m
[INFO] æ­£åœ¨å¯åŠ¨...
[INFO] ä»¿çœŸç»ˆç«¯æ¨¡å¼å·²ç”Ÿæ•ˆï¼Œæ‚¨å¯ä»¥ç›´æ¥åœ¨ç»ˆç«¯å†…ç›´æ¥è¾“å…¥å†…å®¹å¹¶ä½¿ç”¨ Ctrlï¼ŒTab ç­‰åŠŸèƒ½é”®
[INFO] å®ä¾‹å·²å¯åŠ¨...
2025/12/28 15:05:05 [1;34m[I] [root.go:125] æ¬¢è¿ä½¿ç”¨ChmlFrpæ˜ å°„å®¢æˆ·ç«¯![0m
2025/12/28 15:05:05 [1;34m[I] [root.go:135] ä»ChmlFrp APIè·å–é…ç½®æ–‡ä»¶...[0m
2025/12/28 15:05:05 [1;34m[I] [root.go:347] å¯åŠ¨é…ç½®æ–‡ä»¶çš„frpcæœåŠ¡ [./frpc.ini][0m
2025/12/28 15:05:06 [1;34m[I] [service.go:313] æˆåŠŸç™»å½•è‡³æœåŠ¡å™¨, è·å–åˆ°RunID [0529654dee53aad6][0m
2025/12/28 15:05:06 [1;34m[I] [proxy_manager.go:150] å·²æ·»åŠ éš§é“: [CNBSERVER6][0m
2025/12/28 15:05:08 [1;34m[I] [control.go:172] [CNBSERVER6] æ˜ å°„å¯åŠ¨æˆåŠŸ, æ„Ÿè°¢æ‚¨ä½¿ç”¨ChmlFrp![0m
2025/12/28 20:21:56 [1;34m[I] [control.go:252] æ­£åœ¨å’ŒæœåŠ¡å™¨æ–­å¼€é“¾æ¥...[0m
2025/12/28 20:21:56 [1;34m[I] [visitor_manager.go:77] gracefully shutdown visitor manager[0m
2025/12/28 20:21:57 [1;34m[I] [service.go:227] å°è¯•é‡æ–°è¿æ¥è‡³æœåŠ¡å™¨[0m
2025/12/28 20:21:58 [1;34m[I] [service.go:313] æˆåŠŸç™»å½•è‡³æœåŠ¡å™¨, è·å–åˆ°RunID [0529654dee53aad6][0m
2025/12/28 20:21:58 [1;34m[I] [proxy_manager.go:150] å·²æ·»åŠ éš§é“: [CNBSERVER6][0m
2025/12/28 20:21:58 [1;34m[I] [control.go:172] [CNBSERVER6] æ˜ å°„å¯åŠ¨æˆåŠŸ, æ„Ÿè°¢æ‚¨ä½¿ç”¨ChmlFrp![0m
2025/12/28 22:25:38 [1;34m[I] [control.go:252] æ­£åœ¨å’ŒæœåŠ¡å™¨æ–­å¼€é“¾æ¥...[0m
2025/12/28 22:25:38 [1;34m[I] [visitor_manager.go:77] gracefully shutdown visitor manager[0m
2025/12/28 22:25:39 [1;34m[I] [service.go:227] å°è¯•é‡æ–°è¿æ¥è‡³æœåŠ¡å™¨[0m
2025/12/28 22:25:40 [1;34m[I] [service.go:313] æˆåŠŸç™»å½•è‡³æœåŠ¡å™¨, è·å–åˆ°RunID [0529654dee53aad6][0m
2025/12/28 22:25:40 [1;34m[I] [proxy_manager.go:150] å·²æ·»åŠ éš§é“: [CNBSERVER6][0m
2025/12/28 22:25:41 [1;34m[I] [control.go:172] [CNBSERVER6] æ˜ å°„å¯åŠ¨æˆåŠŸ, æ„Ÿè°¢æ‚¨ä½¿ç”¨ChmlFrp![0m
2025/12/28 23:26:15 [1;34m[I] [control.go:252] æ­£åœ¨å’ŒæœåŠ¡å™¨æ–­å¼€é“¾æ¥...[0m
2025/12/28 23:26:15 [1;34m[I] [visitor_manager.go:77] gracefully shutdown visitor manager[0m
2025/12/28 23:26:15 [1;34m[I] [service.go:227] å°è¯•é‡æ–°è¿æ¥è‡³æœåŠ¡å™¨[0m
2025/12/28 23:26:16 [1;34m[I] [service.go:313] æˆåŠŸç™»å½•è‡³æœåŠ¡å™¨, è·å–åˆ°RunID [0529654dee53aad6][0m
2025/12/28 23:26:16 [1;34m[I] [proxy_manager.go:150] å·²æ·»åŠ éš§é“: [CNBSERVER6][0m
2025/12/28 23:26:16 [1;34m[I] [control.go:172] [CNBSERVER6] æ˜ å°„å¯åŠ¨æˆåŠŸ, æ„Ÿè°¢æ‚¨ä½¿ç”¨ChmlFrp![0m
[INFO] æ­£åœ¨å¯åŠ¨...
[INFO] ä»¿çœŸç»ˆç«¯æ¨¡å¼å·²ç”Ÿæ•ˆï¼Œæ‚¨å¯ä»¥ç›´æ¥åœ¨ç»ˆç«¯å†…ç›´æ¥è¾“å…¥å†…å®¹å¹¶ä½¿ç”¨ Ctrlï¼ŒTab ç­‰åŠŸèƒ½é”®
[INFO] å®ä¾‹å·²å¯åŠ¨...
2025/12/29 03:01:28 [1;34m[I] [root.go:125] æ¬¢è¿ä½¿ç”¨ChmlFrpæ˜ å°„å®¢æˆ·ç«¯![0m
2025/12/29 03:01:28 [1;34m[I] [root.go:135] ä»ChmlFrp APIè·å–é…ç½®æ–‡ä»¶...[0m
2025/12/29 03:01:28 [1;34m[I] [root.go:347] å¯åŠ¨é…ç½®æ–‡ä»¶çš„frpcæœåŠ¡ [./frpc.ini][0m
2025/12/29 03:01:29 [1;34m[I] [service.go:313] æˆåŠŸç™»å½•è‡³æœåŠ¡å™¨, è·å–åˆ°RunID [22a8e8d8af6c302b][0m
2025/12/29 03:01:29 [1;34m[I] [proxy_manager.go:150] å·²æ·»åŠ éš§é“: [CNBSERVER6][0m
2025/12/29 03:01:29 [1;34m[I] [control.go:172] [CNBSERVER6] æ˜ å°„å¯åŠ¨æˆåŠŸ, æ„Ÿè°¢æ‚¨ä½¿ç”¨ChmlFrp![0m
2025/12/29 05:05:11 [1;34m[I] [control.go:252] æ­£åœ¨å’ŒæœåŠ¡å™¨æ–­å¼€é“¾æ¥...[0m
2025/12/29 05:05:11 [1;34m[I] [visitor_manager.go:77] gracefully shutdown visitor manager[0m
2025/12/29 05:05:11 [1;34m[I] [service.go:227] å°è¯•é‡æ–°è¿æ¥è‡³æœåŠ¡å™¨[0m
2025/12/29 05:05:12 [1;34m[I] [service.go:313] æˆåŠŸç™»å½•è‡³æœåŠ¡å™¨, è·å–åˆ°RunID [22a8e8d8af6c302b][0m
2025/12/29 05:05:12 [1;34m[I] [proxy_manager.go:150] å·²æ·»åŠ éš§é“: [CNBSERVER6][0m
2025/12/29 05:05:12 [1;34m[I] [control.go:172] [CNBSERVER6] æ˜ å°„å¯åŠ¨æˆåŠŸ, æ„Ÿè°¢æ‚¨ä½¿ç”¨ChmlFrp![0m
2025/12/29 22:47:37 [1;34m[I] [control.go:252] æ­£åœ¨å’ŒæœåŠ¡å™¨æ–­å¼€é“¾æ¥...[0m
2025/12/29 22:47:37 [1;34m[I] [visitor_manager.go:77] gracefully shutdown visitor manager[0m
2025/12/29 22:47:37 [1;34m[I] [service.go:227] å°è¯•é‡æ–°è¿æ¥è‡³æœåŠ¡å™¨[0m
2025/12/29 22:47:38 [1;34m[I] [service.go:313] æˆåŠŸç™»å½•è‡³æœåŠ¡å™¨, è·å–åˆ°RunID [22a8e8d8af6c302b][0m
2025/12/29 22:47:38 [1;34m[I] [proxy_manager.go:150] å·²æ·»åŠ éš§é“: [CNBSERVER6][0m
2025/12/29 22:47:38 [1;34m[I] [control.go:172] [CNBSERVER6] æ˜ å°„å¯åŠ¨æˆåŠŸ, æ„Ÿè°¢æ‚¨ä½¿ç”¨ChmlFrp![0m
2025/12/30 00:52:18 [1;34m[I] [control.go:252] æ­£åœ¨å’ŒæœåŠ¡å™¨æ–­å¼€é“¾æ¥...[0m
2025/12/30 00:52:18 [1;34m[I] [visitor_manager.go:77] gracefully shutdown visitor manager[0m
2025/12/30 00:52:19 [1;34m[I] [service.go:227] å°è¯•é‡æ–°è¿æ¥è‡³æœåŠ¡å™¨[0m
2025/12/30 00:52:20 [1;34m[I] [service.go:313] æˆåŠŸç™»å½•è‡³æœåŠ¡å™¨, è·å–åˆ°RunID [22a8e8d8af6c302b][0m
2025/12/30 00:52:20 [1;34m[I] [proxy_manager.go:150] å·²æ·»åŠ éš§é“: [CNBSERVER6][0m
2025/12/30 00:52:20 [1;34m[I] [control.go:172] [CNBSERVER6] æ˜ å°„å¯åŠ¨æˆåŠŸ, æ„Ÿè°¢æ‚¨ä½¿ç”¨ChmlFrp![0m
[INFO] æ­£åœ¨å¯åŠ¨...
[INFO] ä»¿çœŸç»ˆç«¯æ¨¡å¼å·²ç”Ÿæ•ˆï¼Œæ‚¨å¯ä»¥ç›´æ¥åœ¨ç»ˆç«¯å†…ç›´æ¥è¾“å…¥å†…å®¹å¹¶ä½¿ç”¨ Ctrlï¼ŒTab ç­‰åŠŸèƒ½é”®
[INFO] å®ä¾‹å·²å¯åŠ¨...
2026/01/11 03:01:31 [1;34m[I] [root.go:125] æ¬¢è¿ä½¿ç”¨ChmlFrpæ˜ å°„å®¢æˆ·ç«¯![0m
2026/01/11 03:01:31 [1;34m[I] [root.go:135] ä»ChmlFrp APIè·å–é…ç½®æ–‡ä»¶...[0m
2026/01/11 03:01:31 [1;34m[I] [root.go:347] å¯åŠ¨é…ç½®æ–‡ä»¶çš„frpcæœåŠ¡ [./frpc.ini][0m
2026/01/11 03:01:32 [1;34m[I] [service.go:313] æˆåŠŸç™»å½•è‡³æœåŠ¡å™¨, è·å–åˆ°RunID [123661ad10f6001b][0m
2026/01/11 03:01:32 [1;34m[I] [proxy_manager.go:150] å·²æ·»åŠ éš§é“: [CNBSERVER6][0m
2026/01/11 03:01:32 [1;33m[W] [control.go:170] [CNBSERVER6] å¯åŠ¨å¤±è´¥: port already used[0m
2026/01/11 03:02:05 [1;33m[W] [control.go:170] [CNBSERVER6] å¯åŠ¨å¤±è´¥: port already used[0m
2026/01/11 03:02:38 [1;33m[W] [control.go:170] [CNBSERVER6] å¯åŠ¨å¤±è´¥: port already used[0m
2026/01/11 03:03:11 [1;33m[W] [control.go:170] [CNBSERVER6] å¯åŠ¨å¤±è´¥: port already used[0m
2026/01/11 03:03:44 [1;33m[W] [control.go:170] [CNBSERVER6] å¯åŠ¨å¤±è´¥: port already used[0m
2026/01/11 03:04:17 [1;33m[W] [control.go:170] [CNBSERVER6] å¯åŠ¨å¤±è´¥: port already used[0m
2026/01/11 03:04:50 [1;33m[W] [control.go:170] [CNBSERVER6] å¯åŠ¨å¤±è´¥: port already used[0m
2026/01/11 03:05:23 [1;33m[W] [control.go:170] [CNBSERVER6] å¯åŠ¨å¤±è´¥: port already used[0m
2026/01/11 03:05:56 [1;33m[W] [control.go:170] [CNBSERVER6] å¯åŠ¨å¤±è´¥: port already used[0m
2026/01/11 03:06:29 [1;33m[W] [control.go:170] [CNBSERVER6] å¯åŠ¨å¤±è´¥: port already used[0m
2026/01/11 03:07:02 [1;33m[W] [control.go:170] [CNBSERVER6] å¯åŠ¨å¤±è´¥: port already used[0m
2026/01/11 03:07:35 [1;33m[W] [control.go:170] [CNBSERVER6] å¯åŠ¨å¤±è´¥: port already used[0m
2026/01/11 03:08:08 [1;33m[W] [control.go:170] [CNBSERVER6] å¯åŠ¨å¤±è´¥: port already used[0m
2026/01/11 03:08:41 [1;33m[W] [control.go:170] [CNBSERVER6] å¯åŠ¨å¤±è´¥: port already used[0m
2026/01/11 03:09:14 [1;33m[W] [control.go:170] [CNBSERVER6] å¯åŠ¨å¤±è´¥: port already used[0m
2026/01/11 03:09:47 [1;33m[W] [control.go:170] [CNBSERVER6] å¯åŠ¨å¤±è´¥: port already used[0m
2026/01/11 03:10:20 [1;33m[W] [control.go:170] [CNBSERVER6] å¯åŠ¨å¤±è´¥: port already used[0m
2026/01/11 03:10:53 [1;33m[W] [control.go:170] [CNBSERVER6] å¯åŠ¨å¤±è´¥: port already used[0m
2026/01/11 03:11:26 [1;33m[W] [control.go:170] [CNBSERVER6] å¯åŠ¨å¤±è´¥: port already used[0m
2026/01/11 03:11:59 [1;33m[W] [control.go:170] [CNBSERVER6] å¯åŠ¨å¤±è´¥: port already used[0m
2026/01/11 03:12:32 [1;33m[W] [control.go:170] [CNBSERVER6] å¯åŠ¨å¤±è´¥: port already used[0m
2026/01/11 03:13:05 [1;33m[W] [control.go:170] [CNBSERVER6] å¯åŠ¨å¤±è´¥: port already used[0m
2026/01/11 03:13:38 [1;33m[W] [control.go:170] [CNBSERVER6] å¯åŠ¨å¤±è´¥: port already used[0m
2026/01/11 03:14:11 [1;33m[W] [control.go:170] [CNBSERVER6] å¯åŠ¨å¤±è´¥: port already used[0m
2026/01/11 03:14:44 [1;33m[W] [control.go:170] [CNBSERVER6] å¯åŠ¨å¤±è´¥: port already used[0m
2026/01/11 03:15:17 [1;33m[W] [control.go:170] [CNBSERVER6] å¯åŠ¨å¤±è´¥: port already used[0m
2026/01/11 03:15:50 [1;33m[W] [control.go:170] [CNBSERVER6] å¯åŠ¨å¤±è´¥: port already used[0m
2026/01/11 03:16:23 [1;33m[W] [control.go:170] [CNBSERVER6] å¯åŠ¨å¤±è´¥: port already used[0m
2026/01/11 03:16:56 [1;33m[W] [control.go:170] [CNBSERVER6] å¯åŠ¨å¤±è´¥: port already used[0m
2026/01/11 03:17:29 [1;33m[W] [control.go:170] [CNBSERVER6] å¯åŠ¨å¤±è´¥: port already used[0m
2026/01/11 03:18:02 [1;33m[W] [control.go:170] [CNBSERVER6] å¯åŠ¨å¤±è´¥: port already used[0m
2026/01/11 03:18:35 [1;33m[W] [control.go:170] [CNBSERVER6] å¯åŠ¨å¤±è´¥: port already used[0m
2026/01/11 03:19:08 [1;33m[W] [control.go:170] [CNBSERVER6] å¯åŠ¨å¤±è´¥: port already used[0m
2026/01/11 03:19:41 [1;33m[W] [control.go:170] [CNBSERVER6] å¯åŠ¨å¤±è´¥: port already used[0m
2026/01/11 03:20:14 [1;33m[W] [control.go:170] [CNBSERVER6] å¯åŠ¨å¤±è´¥: port already used[0m
2026/01/11 03:20:48 [1;33m[W] [control.go:170] [CNBSERVER6] å¯åŠ¨å¤±è´¥: port already used[0m
2026/01/11 03:21:21 [1;33m[W] [control.go:170] [CNBSERVER6] å¯åŠ¨å¤±è´¥: port already used[0m
2026/01/11 03:21:54 [1;33m[W] [control.go:170] [CNBSERVER6] å¯åŠ¨å¤±è´¥: port already used[0m
2026/01/11 03:22:27 [1;33m[W] [control.go:170] [CNBSERVER6] å¯åŠ¨å¤±è´¥: port already used[0m
2026/01/11 03:23:00 [1;33m[W] [control.go:170] [CNBSERVER6] å¯åŠ¨å¤±è´¥: port already used[0m
2026/01/11 03:23:33 [1;33m[W] [control.go:170] [CNBSERVER6] å¯åŠ¨å¤±è´¥: port already used[0m
2026/01/11 03:24:06 [1;33m[W] [control.go:170] [CNBSERVER6] å¯åŠ¨å¤±è´¥: port already used[0m
2026/01/11 03:24:39 [1;33m[W] [control.go:170] [CNBSERVER6] å¯åŠ¨å¤±è´¥: port already used[0m
2026/01/11 03:25:12 [1;33m[W] [control.go:170] [CNBSERVER6] å¯åŠ¨å¤±è´¥: port already used[0m
2026/01/11 03:25:45 [1;33m[W] [control.go:170] [CNBSERVER6] å¯åŠ¨å¤±è´¥: port already used[0m
2026/01/11 03:26:18 [1;33m[W] [control.go:170] [CNBSERVER6] å¯åŠ¨å¤±è´¥: port already used[0m
2026/01/11 03:26:51 [1;33m[W] [control.go:170] [CNBSERVER6] å¯åŠ¨å¤±è´¥: port already used[0m
2026/01/11 03:27:24 [1;33m[W] [control.go:170] [CNBSERVER6] å¯åŠ¨å¤±è´¥: port already used[0m
2026/01/11 03:27:57 [1;33m[W] [control.go:170] [CNBSERVER6] å¯åŠ¨å¤±è´¥: port already used[0m
2026/01/11 03:28:30 [1;33m[W] [control.go:170] [CNBSERVER6] å¯åŠ¨å¤±è´¥: port already used[0m
2026/01/11 03:29:03 [1;33m[W] [control.go:170] [CNBSERVER6] å¯åŠ¨å¤±è´¥: port already used[0m
2026/01/11 03:29:36 [1;33m[W] [control.go:170] [CNBSERVER6] å¯åŠ¨å¤±è´¥: port already used[0m
2026/01/11 03:30:09 [1;33m[W] [control.go:170] [CNBSERVER6] å¯åŠ¨å¤±è´¥: port already used[0m
2026/01/11 03:30:42 [1;33m[W] [control.go:170] [CNBSERVER6] å¯åŠ¨å¤±è´¥: port already used[0m
2026/01/11 03:31:15 [1;33m[W] [control.go:170] [CNBSERVER6] å¯åŠ¨å¤±è´¥: port already used[0m
2026/01/11 03:31:48 [1;33m[W] [control.go:170] [CNBSERVER6] å¯åŠ¨å¤±è´¥: port already used[0m
2026/01/11 03:32:21 [1;33m[W] [control.go:170] [CNBSERVER6] å¯åŠ¨å¤±è´¥: port already used[0m
2026/01/11 03:32:54 [1;33m[W] [control.go:170] [CNBSERVER6] å¯åŠ¨å¤±è´¥: port already used[0m
2026/01/11 03:33:27 [1;33m[W] [control.go:170] [CNBSERVER6] å¯åŠ¨å¤±è´¥: port already used[0m
2026/01/11 03:34:00 [1;33m[W] [control.go:170] [CNBSERVER6] å¯åŠ¨å¤±è´¥: port already used[0m
2026/01/11 03:34:33 [1;33m[W] [control.go:170] [CNBSERVER6] å¯åŠ¨å¤±è´¥: port already used[0m
2026/01/11 03:35:06 [1;33m[W] [control.go:170] [CNBSERVER6] å¯åŠ¨å¤±è´¥: port already used[0m
2026/01/11 03:35:39 [1;33m[W] [control.go:170] [CNBSERVER6] å¯åŠ¨å¤±è´¥: port already used[0m
2026/01/11 03:36:12 [1;33m[W] [control.go:170] [CNBSERVER6] å¯åŠ¨å¤±è´¥: port already used[0m
2026/01/11 03:36:45 [1;33m[W] [control.go:170] [CNBSERVER6] å¯åŠ¨å¤±è´¥: port already used[0m
2026/01/11 03:37:18 [1;33m[W] [control.go:170] [CNBSERVER6] å¯åŠ¨å¤±è´¥: port already used[0m
2026/01/11 03:37:51 [1;33m[W] [control.go:170] [CNBSERVER6] å¯åŠ¨å¤±è´¥: port already used[0m
2026/01/11 03:38:24 [1;33m[W] [control.go:170] [CNBSERVER6] å¯åŠ¨å¤±è´¥: port already used[0m
2026/01/11 03:38:57 [1;33m[W] [control.go:170] [CNBSERVER6] å¯åŠ¨å¤±è´¥: port already used[0m
2026/01/11 03:39:30 [1;33m[W] [control.go:170] [CNBSERVER6] å¯åŠ¨å¤±è´¥: port already used[0m
2026/01/11 03:40:03 [1;33m[W] [control.go:170] [CNBSERVER6] å¯åŠ¨å¤±è´¥: port already used[0m
2026/01/11 03:40:36 [1;33m[W] [control.go:170] [CNBSERVER6] å¯åŠ¨å¤±è´¥: port already used[0m
2026/01/11 03:41:09 [1;33m[W] [control.go:170] [CNBSERVER6] å¯åŠ¨å¤±è´¥: port already used[0m
2026/01/11 03:41:42 [1;33m[W] [control.go:170] [CNBSERVER6] å¯åŠ¨å¤±è´¥: port already used[0m
2026/01/11 03:42:15 [1;33m[W] [control.go:170] [CNBSERVER6] å¯åŠ¨å¤±è´¥: port already used[0m
2026/01/11 03:42:48 [1;33m[W] [control.go:170] [CNBSERVER6] å¯åŠ¨å¤±è´¥: port already used[0m
2026/01/11 03:43:21 [1;33m[W] [control.go:170] [CNBSERVER6] å¯åŠ¨å¤±è´¥: port already used[0m
2026/01/11 03:43:54 [1;33m[W] [control.go:170] [CNBSERVER6] å¯åŠ¨å¤±è´¥: port already used[0m
2026/01/11 03:44:27 [1;33m[W] [control.go:170] [CNBSERVER6] å¯åŠ¨å¤±è´¥: port already used[0m
2026/01/11 03:45:00 [1;33m[W] [control.go:170] [CNBSERVER6] å¯åŠ¨å¤±è´¥: port already used[0m
2026/01/11 03:45:33 [1;33m[W] [control.go:170] [CNBSERVER6] å¯åŠ¨å¤±è´¥: port already used[0m
2026/01/11 03:46:06 [1;33m[W] [control.go:170] [CNBSERVER6] å¯åŠ¨å¤±è´¥: port already used[0m
2026/01/11 03:46:39 [1;33m[W] [control.go:170] [CNBSERVER6] å¯åŠ¨å¤±è´¥: port already used[0m
2026/01/11 03:47:12 [1;33m[W] [control.go:170] [CNBSERVER6] å¯åŠ¨å¤±è´¥: port already used[0m
2026/01/11 03:47:45 [1;33m[W] [control.go:170] [CNBSERVER6] å¯åŠ¨å¤±è´¥: port already used[0m
2026/01/11 03:48:18 [1;33m[W] [control.go:170] [CNBSERVER6] å¯åŠ¨å¤±è´¥: port already used[0m
2026/01/11 03:48:51 [1;33m[W] [control.go:170] [CNBSERVER6] å¯åŠ¨å¤±è´¥: port already used[0m
2026/01/11 03:49:24 [1;33m[W] [control.go:170] [CNBSERVER6] å¯åŠ¨å¤±è´¥: port already used[0m
2026/01/11 03:49:57 [1;33m[W] [control.go:170] [CNBSERVER6] å¯åŠ¨å¤±è´¥: port already used[0m
2026/01/11 03:50:30 [1;33m[W] [control.go:170] [CNBSERVER6] å¯åŠ¨å¤±è´¥: port already used[0m
2026/01/11 03:51:03 [1;33m[W] [control.go:170] [CNBSERVER6] å¯åŠ¨å¤±è´¥: port already used[0m
2026/01/11 03:51:36 [1;33m[W] [control.go:170] [CNBSERVER6] å¯åŠ¨å¤±è´¥: port already used[0m
2026/01/11 03:52:09 [1;33m[W] [control.go:170] [CNBSERVER6] å¯åŠ¨å¤±è´¥: port already used[0m
2026/01/11 03:52:42 [1;33m[W] [control.go:170] [CNBSERVER6] å¯åŠ¨å¤±è´¥: port already used[0m
2026/01/11 03:53:15 [1;33m[W] [control.go:170] [CNBSERVER6] å¯åŠ¨å¤±è´¥: port already used[0m
2026/01/11 03:53:48 [1;33m[W] [control.go:170] [CNBSERVER6] å¯åŠ¨å¤±è´¥: port already used[0m
2026/01/11 03:54:21 [1;33m[W] [control.go:170] [CNBSERVER6] å¯åŠ¨å¤±è´¥: port already used[0m
2026/01/11 03:54:54 [1;33m[W] [control.go:170] [CNBSERVER6] å¯åŠ¨å¤±è´¥: port already used[0m
2026/01/11 03:55:27 [1;33m[W] [control.go:170] [CNBSERVER6] å¯åŠ¨å¤±è´¥: port already used[0m
2026/01/11 03:56:00 [1;33m[W] [control.go:170] [CNBSERVER6] å¯åŠ¨å¤±è´¥: port already used[0m
2026/01/11 03:56:34 [1;33m[W] [control.go:170] [CNBSERVER6] å¯åŠ¨å¤±è´¥: port already used[0m
2026/01/11 03:57:07 [1;33m[W] [control.go:170] [CNBSERVER6] å¯åŠ¨å¤±è´¥: port already used[0m
2026/01/11 03:57:40 [1;33m[W] [control.go:170] [CNBSERVER6] å¯åŠ¨å¤±è´¥: port already used[0m
2026/01/11 03:58:13 [1;33m[W] [control.go:170] [CNBSERVER6] å¯åŠ¨å¤±è´¥: port already used[0m
2026/01/11 03:58:46 [1;33m[W] [control.go:170] [CNBSERVER6] å¯åŠ¨å¤±è´¥: port already used[0m
2026/01/11 03:59:19 [1;33m[W] [control.go:170] [CNBSERVER6] å¯åŠ¨å¤±è´¥: port already used[0m
2026/01/11 03:59:52 [1;33m[W] [control.go:170] [CNBSERVER6] å¯åŠ¨å¤±è´¥: port already used[0m
2026/01/11 04:00:25 [1;33m[W] [control.go:170] [CNBSERVER6] å¯åŠ¨å¤±è´¥: port already used[0m
2026/01/11 04:00:58 [1;33m[W] [control.go:170] [CNBSERVER6] å¯åŠ¨å¤±è´¥: port already used[0m
2026/01/11 04:01:31 [1;33m[W] [control.go:170] [CNBSERVER6] å¯åŠ¨å¤±è´¥: port already used[0m
2026/01/11 04:02:04 [1;33m[W] [control.go:170] [CNBSERVER6] å¯åŠ¨å¤±è´¥: port already used[0m
2026/01/11 04:02:37 [1;34m[I] [control.go:172] [CNBSERVER6] æ˜ å°„å¯åŠ¨æˆåŠŸ, æ„Ÿè°¢æ‚¨ä½¿ç”¨ChmlFrp![0m
[INFO] æ­£åœ¨å¯åŠ¨...
[INFO] ä»¿çœŸç»ˆç«¯æ¨¡å¼å·²ç”Ÿæ•ˆï¼Œæ‚¨å¯ä»¥ç›´æ¥åœ¨ç»ˆç«¯å†…ç›´æ¥è¾“å…¥å†…å®¹å¹¶ä½¿ç”¨ Ctrlï¼ŒTab ç­‰åŠŸèƒ½é”®
[INFO] å®ä¾‹å·²å¯åŠ¨...
2026/01/13 03:01:37 [1;34m[I] [root.go:125] æ¬¢è¿ä½¿ç”¨ChmlFrpæ˜ å°„å®¢æˆ·ç«¯![0m
2026/01/13 03:01:37 [1;34m[I] [root.go:135] ä»ChmlFrp APIè·å–é…ç½®æ–‡ä»¶...[0m
2026/01/13 03:01:37 [1;34m[I] [root.go:347] å¯åŠ¨é…ç½®æ–‡ä»¶çš„frpcæœåŠ¡ [./frpc.ini][0m
2026/01/13 03:01:38 [1;34m[I] [service.go:313] æˆåŠŸç™»å½•è‡³æœåŠ¡å™¨, è·å–åˆ°RunID [bdf619ead22f8141][0m
2026/01/13 03:01:38 [1;34m[I] [proxy_manager.go:150] å·²æ·»åŠ éš§é“: [CNBSERVER6][0m
2026/01/13 03:01:39 [1;34m[I] [control.go:172] [CNBSERVER6] æ˜ å°„å¯åŠ¨æˆåŠŸ, æ„Ÿè°¢æ‚¨ä½¿ç”¨ChmlFrp![0m
2026/01/13 12:02:01 [1;34m[I] [control.go:252] æ­£åœ¨å’ŒæœåŠ¡å™¨æ–­å¼€é“¾æ¥...[0m
2026/01/13 12:02:01 [1;34m[I] [visitor_manager.go:77] gracefully shutdown visitor manager[0m
2026/01/13 12:02:01 [1;34m[I] [service.go:227] å°è¯•é‡æ–°è¿æ¥è‡³æœåŠ¡å™¨[0m
2026/01/13 12:02:11 [1;33m[W] [service.go:230] é‡è¿å¤±è´¥: dial tcp 218.93.206.195:11528: i/o timeout, ç­‰å¾… 1s åé‡è¯•[0m
2026/01/13 12:02:12 [1;34m[I] [service.go:227] å°è¯•é‡æ–°è¿æ¥è‡³æœåŠ¡å™¨[0m
2026/01/13 12:02:22 [1;33m[W] [service.go:230] é‡è¿å¤±è´¥: dial tcp 218.93.206.195:11528: i/o timeout, ç­‰å¾… 2s åé‡è¯•[0m
2026/01/13 12:02:24 [1;34m[I] [service.go:227] å°è¯•é‡æ–°è¿æ¥è‡³æœåŠ¡å™¨[0m
2026/01/13 12:02:34 [1;33m[W] [service.go:230] é‡è¿å¤±è´¥: dial tcp 218.93.206.195:11528: i/o timeout, ç­‰å¾… 4s åé‡è¯•[0m
2026/01/13 12:02:38 [1;34m[I] [service.go:227] å°è¯•é‡æ–°è¿æ¥è‡³æœåŠ¡å™¨[0m
2026/01/13 12:02:41 [1;34m[I] [service.go:313] æˆåŠŸç™»å½•è‡³æœåŠ¡å™¨, è·å–åˆ°RunID [bdf619ead22f8141][0m
2026/01/13 12:02:41 [1;34m[I] [proxy_manager.go:150] å·²æ·»åŠ éš§é“: [CNBSERVER6][0m
2026/01/13 12:02:41 [1;34m[I] [control.go:172] [CNBSERVER6] æ˜ å°„å¯åŠ¨æˆåŠŸ, æ„Ÿè°¢æ‚¨ä½¿ç”¨ChmlFrp![0m
[INFO] æ­£åœ¨å¯åŠ¨...
[INFO] ä»¿çœŸç»ˆç«¯æ¨¡å¼å·²ç”Ÿæ•ˆï¼Œæ‚¨å¯ä»¥ç›´æ¥åœ¨ç»ˆç«¯å†…ç›´æ¥è¾“å…¥å†…å®¹å¹¶ä½¿ç”¨ Ctrlï¼ŒTab ç­‰åŠŸèƒ½é”®
[INFO] å®ä¾‹å·²å¯åŠ¨...
2026/01/15 03:03:30 [1;34m[I] [root.go:125] æ¬¢è¿ä½¿ç”¨ChmlFrpæ˜ å°„å®¢æˆ·ç«¯![0m
2026/01/15 03:03:30 [1;34m[I] [root.go:135] ä»ChmlFrp APIè·å–é…ç½®æ–‡ä»¶...[0m
2026/01/15 03:03:30 [1;34m[I] [root.go:347] å¯åŠ¨é…ç½®æ–‡ä»¶çš„frpcæœåŠ¡ [./frpc.ini][0m
2026/01/15 03:03:31 [1;34m[I] [service.go:313] æˆåŠŸç™»å½•è‡³æœåŠ¡å™¨, è·å–åˆ°RunID [dafd40b94f045445][0m
2026/01/15 03:03:31 [1;34m[I] [proxy_manager.go:150] å·²æ·»åŠ éš§é“: [CNBSERVER6][0m
2026/01/15 03:03:31 [1;34m[I] [control.go:172] [CNBSERVER6] æ˜ å°„å¯åŠ¨æˆåŠŸ, æ„Ÿè°¢æ‚¨ä½¿ç”¨ChmlFrp![0m
2026/01/15 07:11:35 [1;34m[I] [control.go:252] æ­£åœ¨å’ŒæœåŠ¡å™¨æ–­å¼€é“¾æ¥...[0m
2026/01/15 07:11:35 [1;34m[I] [visitor_manager.go:77] gracefully shutdown visitor manager[0m
2026/01/15 07:11:35 [1;34m[I] [service.go:227] å°è¯•é‡æ–°è¿æ¥è‡³æœåŠ¡å™¨[0m
2026/01/15 07:11:36 [1;34m[I] [service.go:313] æˆåŠŸç™»å½•è‡³æœåŠ¡å™¨, è·å–åˆ°RunID [dafd40b94f045445][0m
2026/01/15 07:11:36 [1;34m[I] [proxy_manager.go:150] å·²æ·»åŠ éš§é“: [CNBSERVER6][0m
2026/01/15 07:11:37 [1;34m[I] [control.go:172] [CNBSERVER6] æ˜ å°„å¯åŠ¨æˆåŠŸ, æ„Ÿè°¢æ‚¨ä½¿ç”¨ChmlFrp![0m
2026/01/15 11:16:37 [1;34m[I] [control.go:252] æ­£åœ¨å’ŒæœåŠ¡å™¨æ–­å¼€é“¾æ¥...[0m
2026/01/15 11:16:37 [1;34m[I] [visitor_manager.go:77] gracefully shutdown visitor manager[0m
2026/01/15 11:16:37 [1;34m[I] [service.go:227] å°è¯•é‡æ–°è¿æ¥è‡³æœåŠ¡å™¨[0m
2026/01/15 11:16:38 [1;34m[I] [service.go:313] æˆåŠŸç™»å½•è‡³æœåŠ¡å™¨, è·å–åˆ°RunID [dafd40b94f045445][0m
2026/01/15 11:16:38 [1;34m[I] [proxy_manager.go:150] å·²æ·»åŠ éš§é“: [CNBSERVER6][0m
2026/01/15 11:16:38 [1;34m[I] [control.go:172] [CNBSERVER6] æ˜ å°„å¯åŠ¨æˆåŠŸ, æ„Ÿè°¢æ‚¨ä½¿ç”¨ChmlFrp![0m
2026/01/15 22:47:59 [1;34m[I] [control.go:252] æ­£åœ¨å’ŒæœåŠ¡å™¨æ–­å¼€é“¾æ¥...[0m
2026/01/15 22:47:59 [1;34m[I] [visitor_manager.go:77] gracefully shutdown visitor manager[0m
2026/01/15 22:47:59 [1;34m[I] [service.go:227] å°è¯•é‡æ–°è¿æ¥è‡³æœåŠ¡å™¨[0m
2026/01/15 22:48:00 [1;34m[I] [service.go:313] æˆåŠŸç™»å½•è‡³æœåŠ¡å™¨, è·å–åˆ°RunID [dafd40b94f045445][0m
2026/01/15 22:48:00 [1;34m[I] [proxy_manager.go:150] å·²æ·»åŠ éš§é“: [CNBSERVER6][0m
2026/01/15 22:48:01 [1;34m[I] [control.go:172] [CNBSERVER6] æ˜ å°„å¯åŠ¨æˆåŠŸ, æ„Ÿè°¢æ‚¨ä½¿ç”¨ChmlFrp![0m
