[INFO] æ­£åœ¨å¯åŠ¨...
[INFO] ä»¿çœŸç»ˆç«¯æ¨¡å¼å·²ç”Ÿæ•ˆï¼Œæ‚¨å¯ä»¥ç›´æ¥åœ¨ç»ˆç«¯å†…ç›´æ¥è¾“å…¥å†…å®¹å¹¶ä½¿ç”¨ Ctrlï¼ŒTab ç­‰åŠŸèƒ½é”®
[INFO] å®ä¾‹å·²å¯åŠ¨...
æç¤º: æ–¹å‘é”®ä¸Šä¸‹å¯åˆ‡æ¢å†å²å‘½ä»¤.
æç¤º: Ctrl + A / E è·³è½¬å‘½ä»¤ é¦– / å°¾.
æç¤º: è¾“å…¥ help è·å–å¸®åŠ©.
aliyunpan > [1G[0Kaliyunpan > [13G[1G[0Kaliyunpan > ;[14G[1G[0Kaliyunpan > ;o[15G[1G[0Kaliyunpan > ;og[16G[1G[0Kaliyunpan > ;ogi[17G[1G[0Kaliyunpan > ;ogin[18G
æœªæ‰¾åˆ°å‘½ä»¤: ;ogin
è¿è¡Œå‘½ä»¤ aliyunpan help è·å–å¸®åŠ©
aliyunpan > [1G[0Kaliyunpan > l[14G[1G[0Kaliyunpan > lo[15G[1G[0Kaliyunpan > lon[16G[1G[0Kaliyunpan > long[17G[1G[0Kaliyunpan > longi[18G[1G[0Kaliyunpan > longin[19G
æœªæ‰¾åˆ°å‘½ä»¤: longin
è¿è¡Œå‘½ä»¤ aliyunpan help è·å–å¸®åŠ©
aliyunpan > [1G[0Kaliyunpan > l[14G[1G[0Kaliyunpan > lo[15G[1G[0Kaliyunpan > log[16G[1G[0Kaliyunpan > logi[17G[1G[0Kaliyunpan > login[18G
è¯·åœ¨æµè§ˆå™¨æ‰“å¼€ä»¥ä¸‹é“¾æ¥è¿›è¡Œç™»å½•ï¼Œé“¾æ¥æœ‰æ•ˆæ—¶é—´ä¸º5åˆ†é’Ÿã€‚
æ³¨æ„ï¼šä½ éœ€è¦è¿›è¡Œä¸€æ¬¡æˆæƒä¸€æ¬¡æ‰«ç çš„ä¸¤æ¬¡ç™»å½•ã€‚
https://openapi.alipan.com/oauth/authorize?client_id=cf9f70e8fc61430f8ec5ab5cadf31375&redirect_uri=https%3A%2F%2Fapi.tickstep.com%2Fauth%2Ftickstep%2Faliyunpan%2Ftoken%2Fopenapi%2F365c9b76cb254a94aecdad8f61109205%2Fauth2&scope=user:base,file:all:read,file:all:write,file:share:write,album:shared:read

è¯·åœ¨æµè§ˆå™¨é‡Œé¢å®Œæˆæ‰«ç ç™»å½•ï¼Œç„¶åå†æŒ‰Enteré”®ç»§ç»­...
é˜¿é‡Œäº‘ç›˜ç™»å½•æˆåŠŸ:  155***050
aliyunpan:/ 155***050(å¤‡ä»½ç›˜)$ 
[INFO] å·²æ‰§è¡Œé¢„è®¾çš„å…³é—­å‘½ä»¤ï¼š
^c
å¦‚æœæ— æ³•å…³é—­å®ä¾‹è¯·å‰å¾€å®ä¾‹è®¾ç½®æ›´æ”¹å…³é—­å®ä¾‹çš„æ­£ç¡®å‘½ä»¤ï¼Œæ¯”å¦‚ exitï¼Œstopï¼Œend ç­‰
[INFO] å®ä¾‹å·²åœæ­¢ã€‚
