[INFO] æ­£åœ¨å¯åŠ¨...
[ERROR] å¯åŠ¨å‘½ä»¤ï¼Œè¾“å…¥è¾“å‡ºç¼–ç æˆ–å·¥ä½œç›®å½•ä¸ºç©ºå€¼
[INFO] æ­£åœ¨å¯åŠ¨...
[INFO] ä»¿çœŸç»ˆç«¯æ¨¡å¼å·²ç”Ÿæ•ˆï¼Œæ‚¨å¯ä»¥ç›´æ¥åœ¨ç»ˆç«¯å†…ç›´æ¥è¾“å…¥å†…å®¹å¹¶ä½¿ç”¨ Ctrlï¼ŒTab ç­‰åŠŸèƒ½é”®
[INFO] å®ä¾‹å·²å¯åŠ¨...
[INFO] å®ä¾‹å·²åœæ­¢ã€‚
[INFO] æ­£åœ¨å¯åŠ¨...
[ERROR] å®ä¾‹è¿›ç¨‹å¯åŠ¨å¤±è´¥ï¼Œè¯·æ£€æŸ¥å¯åŠ¨å‘½ä»¤å’Œè¿è¡Œç¯å¢ƒç­‰é…ç½®ï¼
[INFO] ä»¿çœŸç»ˆç«¯æ¨¡å¼å·²ç”Ÿæ•ˆï¼Œæ‚¨å¯ä»¥ç›´æ¥åœ¨ç»ˆç«¯å†…ç›´æ¥è¾“å…¥å†…å®¹å¹¶ä½¿ç”¨ Ctrlï¼ŒTab ç­‰åŠŸèƒ½é”®
[INFO] å®ä¾‹å·²å¯åŠ¨...
[ä¿¡æ¯] æ£€æµ‹åˆ°å®ä¾‹å…³é—­ï¼Œæ ¹æ®ä¸»åŠ¨äº‹ä»¶æœºåˆ¶ï¼Œè‡ªåŠ¨é‡å¯æŒ‡ä»¤å·²å‘å‡º...
[INFO] å®ä¾‹å·²åœæ­¢ã€‚
[INFO] æ­£åœ¨å¯åŠ¨...
[ERROR] å®ä¾‹è¿›ç¨‹å¯åŠ¨å¤±è´¥ï¼Œè¯·æ£€æŸ¥å¯åŠ¨å‘½ä»¤å’Œè¿è¡Œç¯å¢ƒç­‰é…ç½®ï¼
[INFO] ä»¿çœŸç»ˆç«¯æ¨¡å¼å·²ç”Ÿæ•ˆï¼Œæ‚¨å¯ä»¥ç›´æ¥åœ¨ç»ˆç«¯å†…ç›´æ¥è¾“å…¥å†…å®¹å¹¶ä½¿ç”¨ Ctrlï¼ŒTab ç­‰åŠŸèƒ½é”®
[INFO] å®ä¾‹å·²å¯åŠ¨...
[ä¿¡æ¯] æ£€æµ‹åˆ°å®ä¾‹å…³é—­ï¼Œæ ¹æ®ä¸»åŠ¨äº‹ä»¶æœºåˆ¶ï¼Œè‡ªåŠ¨é‡å¯æŒ‡ä»¤å·²å‘å‡º...
[INFO] å®ä¾‹å·²åœæ­¢ã€‚
[INFO] æ­£åœ¨å¯åŠ¨...
[ERROR] å®ä¾‹è¿›ç¨‹å¯åŠ¨å¤±è´¥ï¼Œè¯·æ£€æŸ¥å¯åŠ¨å‘½ä»¤å’Œè¿è¡Œç¯å¢ƒç­‰é…ç½®ï¼
[INFO] ä»¿çœŸç»ˆç«¯æ¨¡å¼å·²ç”Ÿæ•ˆï¼Œæ‚¨å¯ä»¥ç›´æ¥åœ¨ç»ˆç«¯å†…ç›´æ¥è¾“å…¥å†…å®¹å¹¶ä½¿ç”¨ Ctrlï¼ŒTab ç­‰åŠŸèƒ½é”®
[INFO] å®ä¾‹å·²å¯åŠ¨...
[ä¿¡æ¯] æ£€æµ‹åˆ°å®ä¾‹å…³é—­ï¼Œæ ¹æ®ä¸»åŠ¨äº‹ä»¶æœºåˆ¶ï¼Œè‡ªåŠ¨é‡å¯æŒ‡ä»¤å·²å‘å‡º...
[INFO] å®ä¾‹å·²åœæ­¢ã€‚
[INFO] æ­£åœ¨å¯åŠ¨...
[ERROR] å®ä¾‹è¿›ç¨‹å¯åŠ¨å¤±è´¥ï¼Œè¯·æ£€æŸ¥å¯åŠ¨å‘½ä»¤å’Œè¿è¡Œç¯å¢ƒç­‰é…ç½®ï¼
[INFO] ä»¿çœŸç»ˆç«¯æ¨¡å¼å·²ç”Ÿæ•ˆï¼Œæ‚¨å¯ä»¥ç›´æ¥åœ¨ç»ˆç«¯å†…ç›´æ¥è¾“å…¥å†…å®¹å¹¶ä½¿ç”¨ Ctrlï¼ŒTab ç­‰åŠŸèƒ½é”®
[INFO] å®ä¾‹å·²å¯åŠ¨...
[ä¿¡æ¯] æ£€æµ‹åˆ°å®ä¾‹å…³é—­ï¼Œæ ¹æ®ä¸»åŠ¨äº‹ä»¶æœºåˆ¶ï¼Œè‡ªåŠ¨é‡å¯æŒ‡ä»¤å·²å‘å‡º...
[INFO] å®ä¾‹å·²åœæ­¢ã€‚
[INFO] æ­£åœ¨å¯åŠ¨...
[ERROR] å®ä¾‹è¿›ç¨‹å¯åŠ¨å¤±è´¥ï¼Œè¯·æ£€æŸ¥å¯åŠ¨å‘½ä»¤å’Œè¿è¡Œç¯å¢ƒç­‰é…ç½®ï¼
[INFO] ä»¿çœŸç»ˆç«¯æ¨¡å¼å·²ç”Ÿæ•ˆï¼Œæ‚¨å¯ä»¥ç›´æ¥åœ¨ç»ˆç«¯å†…ç›´æ¥è¾“å…¥å†…å®¹å¹¶ä½¿ç”¨ Ctrlï¼ŒTab ç­‰åŠŸèƒ½é”®
[INFO] å®ä¾‹å·²å¯åŠ¨...
[ä¿¡æ¯] æ£€æµ‹åˆ°å®ä¾‹å…³é—­ï¼Œæ ¹æ®ä¸»åŠ¨äº‹ä»¶æœºåˆ¶ï¼Œè‡ªåŠ¨é‡å¯æŒ‡ä»¤å·²å‘å‡º...
[INFO] å®ä¾‹å·²åœæ­¢ã€‚
[INFO] æ­£åœ¨å¯åŠ¨...
[ERROR] å®ä¾‹è¿›ç¨‹å¯åŠ¨å¤±è´¥ï¼Œè¯·æ£€æŸ¥å¯åŠ¨å‘½ä»¤å’Œè¿è¡Œç¯å¢ƒç­‰é…ç½®ï¼
[INFO] ä»¿çœŸç»ˆç«¯æ¨¡å¼å·²ç”Ÿæ•ˆï¼Œæ‚¨å¯ä»¥ç›´æ¥åœ¨ç»ˆç«¯å†…ç›´æ¥è¾“å…¥å†…å®¹å¹¶ä½¿ç”¨ Ctrlï¼ŒTab ç­‰åŠŸèƒ½é”®
[INFO] å®ä¾‹å·²å¯åŠ¨...
[ä¿¡æ¯] æ£€æµ‹åˆ°å®ä¾‹å…³é—­ï¼Œæ ¹æ®ä¸»åŠ¨äº‹ä»¶æœºåˆ¶ï¼Œè‡ªåŠ¨é‡å¯æŒ‡ä»¤å·²å‘å‡º...
[INFO] å®ä¾‹å·²åœæ­¢ã€‚
[INFO] æ­£åœ¨å¯åŠ¨...
[ERROR] å®ä¾‹è¿›ç¨‹å¯åŠ¨å¤±è´¥ï¼Œè¯·æ£€æŸ¥å¯åŠ¨å‘½ä»¤å’Œè¿è¡Œç¯å¢ƒç­‰é…ç½®ï¼
[INFO] ä»¿çœŸç»ˆç«¯æ¨¡å¼å·²ç”Ÿæ•ˆï¼Œæ‚¨å¯ä»¥ç›´æ¥åœ¨ç»ˆç«¯å†…ç›´æ¥è¾“å…¥å†…å®¹å¹¶ä½¿ç”¨ Ctrlï¼ŒTab ç­‰åŠŸèƒ½é”®
[INFO] å®ä¾‹å·²å¯åŠ¨...
[ä¿¡æ¯] æ£€æµ‹åˆ°å®ä¾‹å…³é—­ï¼Œæ ¹æ®ä¸»åŠ¨äº‹ä»¶æœºåˆ¶ï¼Œè‡ªåŠ¨é‡å¯æŒ‡ä»¤å·²å‘å‡º...
[INFO] å®ä¾‹å·²åœæ­¢ã€‚
[INFO] æ­£åœ¨å¯åŠ¨...
[ERROR] å®ä¾‹è¿›ç¨‹å¯åŠ¨å¤±è´¥ï¼Œè¯·æ£€æŸ¥å¯åŠ¨å‘½ä»¤å’Œè¿è¡Œç¯å¢ƒç­‰é…ç½®ï¼
[INFO] ä»¿çœŸç»ˆç«¯æ¨¡å¼å·²ç”Ÿæ•ˆï¼Œæ‚¨å¯ä»¥ç›´æ¥åœ¨ç»ˆç«¯å†…ç›´æ¥è¾“å…¥å†…å®¹å¹¶ä½¿ç”¨ Ctrlï¼ŒTab ç­‰åŠŸèƒ½é”®
[INFO] å®ä¾‹å·²å¯åŠ¨...
[ä¿¡æ¯] æ£€æµ‹åˆ°å®ä¾‹å…³é—­ï¼Œæ ¹æ®ä¸»åŠ¨äº‹ä»¶æœºåˆ¶ï¼Œè‡ªåŠ¨é‡å¯æŒ‡ä»¤å·²å‘å‡º...
[INFO] å®ä¾‹å·²åœæ­¢ã€‚
[INFO] æ­£åœ¨å¯åŠ¨...
[ERROR] å®ä¾‹è¿›ç¨‹å¯åŠ¨å¤±è´¥ï¼Œè¯·æ£€æŸ¥å¯åŠ¨å‘½ä»¤å’Œè¿è¡Œç¯å¢ƒç­‰é…ç½®ï¼
[INFO] ä»¿çœŸç»ˆç«¯æ¨¡å¼å·²ç”Ÿæ•ˆï¼Œæ‚¨å¯ä»¥ç›´æ¥åœ¨ç»ˆç«¯å†…ç›´æ¥è¾“å…¥å†…å®¹å¹¶ä½¿ç”¨ Ctrlï¼ŒTab ç­‰åŠŸèƒ½é”®
[INFO] å®ä¾‹å·²å¯åŠ¨...
[ä¿¡æ¯] æ£€æµ‹åˆ°å®ä¾‹å…³é—­ï¼Œæ ¹æ®ä¸»åŠ¨äº‹ä»¶æœºåˆ¶ï¼Œè‡ªåŠ¨é‡å¯æŒ‡ä»¤å·²å‘å‡º...
[INFO] å®ä¾‹å·²åœæ­¢ã€‚
[INFO] æ­£åœ¨å¯åŠ¨...
[ERROR] å®ä¾‹è¿›ç¨‹å¯åŠ¨å¤±è´¥ï¼Œè¯·æ£€æŸ¥å¯åŠ¨å‘½ä»¤å’Œè¿è¡Œç¯å¢ƒç­‰é…ç½®ï¼
[INFO] ä»¿çœŸç»ˆç«¯æ¨¡å¼å·²ç”Ÿæ•ˆï¼Œæ‚¨å¯ä»¥ç›´æ¥åœ¨ç»ˆç«¯å†…ç›´æ¥è¾“å…¥å†…å®¹å¹¶ä½¿ç”¨ Ctrlï¼ŒTab ç­‰åŠŸèƒ½é”®
[INFO] å®ä¾‹å·²å¯åŠ¨...
[ä¿¡æ¯] æ£€æµ‹åˆ°å®ä¾‹å…³é—­ï¼Œæ ¹æ®ä¸»åŠ¨äº‹ä»¶æœºåˆ¶ï¼Œè‡ªåŠ¨é‡å¯æŒ‡ä»¤å·²å‘å‡º...
[INFO] å®ä¾‹å·²åœæ­¢ã€‚
[INFO] æ­£åœ¨å¯åŠ¨...
[ERROR] å®ä¾‹è¿›ç¨‹å¯åŠ¨å¤±è´¥ï¼Œè¯·æ£€æŸ¥å¯åŠ¨å‘½ä»¤å’Œè¿è¡Œç¯å¢ƒç­‰é…ç½®ï¼
[INFO] ä»¿çœŸç»ˆç«¯æ¨¡å¼å·²ç”Ÿæ•ˆï¼Œæ‚¨å¯ä»¥ç›´æ¥åœ¨ç»ˆç«¯å†…ç›´æ¥è¾“å…¥å†…å®¹å¹¶ä½¿ç”¨ Ctrlï¼ŒTab ç­‰åŠŸèƒ½é”®
[INFO] å®ä¾‹å·²å¯åŠ¨...
[ä¿¡æ¯] æ£€æµ‹åˆ°å®ä¾‹å…³é—­ï¼Œæ ¹æ®ä¸»åŠ¨äº‹ä»¶æœºåˆ¶ï¼Œè‡ªåŠ¨é‡å¯æŒ‡ä»¤å·²å‘å‡º...
[INFO] å®ä¾‹å·²åœæ­¢ã€‚
[INFO] æ­£åœ¨å¯åŠ¨...
[INFO] ä»¿çœŸç»ˆç«¯æ¨¡å¼å·²ç”Ÿæ•ˆï¼Œæ‚¨å¯ä»¥ç›´æ¥åœ¨ç»ˆç«¯å†…ç›´æ¥è¾“å…¥å†…å®¹å¹¶ä½¿ç”¨ Ctrlï¼ŒTab ç­‰åŠŸèƒ½é”®
[INFO] å®ä¾‹å·²å¯åŠ¨...


[0;33m[MCSMANAGER] [0m[0;33;1mThe instantaneous output content is too long and has been rejected....[0m

?)
	github.com/fatedier/frp/cmd/frpc/sub/root.go:332 +0x17b
github.com/fatedier/frp/cmd/frpc/sub.glob..func5(0x11a0480?, {0xba412b?, 0x2?, 0x2?})
	github.com/fatedier/frp/cmd/frpc/sub/root.go:247 +0x5a5
github.com/spf13/cobra.(*Command).execute(0x11a0480, {0xc000034190, 0x2, 0x2})
	github.com/spf13/cobra@v1.7.0/command.go:940 +0x862
github.com/spf13/cobra.(*Command).ExecuteC(0x11a0480)
	github.com/spf13/cobra@v1.7.0/command.go:1068 +0x3bd
github.com/spf13/cobra.(*Command).Execute(...)
	github.com/spf13/cobra@v1.7.0/command.go:992
github.com/fatedier/frp/cmd/frpc/sub.Execute()
	github.com/fatedier/frp/cmd/frpc/sub/root.go:277 +0x25
main.main()
	github.com/fatedier/frp/cmd/frpc/main.go:23 +0x17
2025/12/21 11:39:09 [1;34m[I] [root.go:125] æ¬¢è¿ä½¿ç”¨ChmlFrpæ˜ å°„å®¢æˆ·ç«¯![0m
2025/12/21 11:39:09 [1;34m[I] [root.go:135] ä»ChmlFrp APIè·å–é…ç½®æ–‡ä»¶...[0m
open ftpc.ini: no such file or directory
panic: sync: negative WaitGroup counter

goroutine 1 [running]:
sync.(*WaitGroup).Add(0xc0000acbc8?, 0x29?)
	sync/waitgroup.go:62 +0xe5
sync.(*WaitGroup).Done(0x0?)
	sync/waitgroup.go:87 +0x25
github.com/fatedier/frp/cmd/frpc/sub.runClient({0x7ffdd2a17c3e, 0x8}, 0xbc5df8?)
	github.com/fatedier/frp/cmd/frpc/sub/root.go:332 +0x17b
github.com/fatedier/frp/cmd/frpc/sub.glob..func5(0x11a0480?, {0xba412b?, 0x2?, 0x2?})
	github.com/fatedier/frp/cmd/frpc/sub/root.go:247 +0x5a5
github.com/spf13/cobra.(*Command).execute(0x11a0480, {0xc000034190, 0x2, 0x2})
	github.com/spf13/cobra@v1.7.0/command.go:940 +0x862
github.com/spf13/cobra.(*Command).ExecuteC(0x11a0480)
	github.com/spf13/cobra@v1.7.0/command.go:1068 +0x3bd
github.com/spf13/cobra.(*Command).Execute(...)
	github.com/spf13/cobra@v1.7.0/command.go:992
github.com/fatedier/frp/cmd/frpc/sub.Execute()
	github.com/fatedier/frp/cmd/frpc/sub/root.go:277 +0x25
main.main()
	github.com/fatedier/frp/cmd/frpc/main.go:23 +0x17
2025/12/21 11:39:11 [1;34m[I] [root.go:125] æ¬¢è¿ä½¿ç”¨ChmlFrpæ˜ å°„å®¢æˆ·ç«¯![0m
2025/12/21 11:39:11 [1;34m[I] [root.go:135] ä»ChmlFrp APIè·å–é…ç½®æ–‡ä»¶...[0m
open ftpc.ini: no such file or directory
panic: sync: negative WaitGroup counter

goroutine 1 [running]:
sync.(*WaitGroup).Add(0xc0000acc98?, 0x29?)
	sync/waitgroup.go:62 +0xe5
sync.(*WaitGroup).Done(0x0?)
	sync/waitgroup.go:87 +0x25
github.com/fatedier/frp/cmd/frpc/sub.runClient({0x7fff0c0e3c3e, 0x8}, 0xbc5df8?)
	github.com/fatedier/frp/cmd/frpc/sub/root.go:332 +0x17b
github.com/fatedier/frp/cmd/frpc/sub.glob..func5(0x11a0480?, {0xba412b?, 0x2?, 0x2?})
	github.com/fatedier/frp/cmd/frpc/sub/root.go:247 +0x5a5
github.com/spf13/cobra.(*Command).execute(0x11a0480, {0xc000034190, 0x2, 0x2})
	github.com/spf13/cobra@v1.7.0/command.go:940 +0x862
github.com/spf13/cobra.(*Command).ExecuteC(0x11a0480)
	github.com/spf13/cobra@v1.7.0/command.go:1068 +0x3bd
github.com/spf13/cobra.(*Command).Execute(...)
	github.com/spf13/cobra@v1.7.0/command.go:992
github.com/fatedier/frp/cmd/frpc/sub.Execute()
	github.com/fatedier/frp/cmd/frpc/sub/root.go:277 +0x25
main.main()
	github.com/fatedier/frp/cmd/frpc/main.go:23 +0x17
2025/12/21 11:39:13 [1;34m[I] [root.go:125] æ¬¢è¿ä½¿ç”¨ChmlFrpæ˜ å°„å®¢æˆ·ç«¯![0m
2025/12/21 11:39:13 [1;34m[I] [root.go:135] ä»ChmlFrp APIè·å–é…ç½®æ–‡ä»¶...[0m
open ftpc.ini: no such file or directory
panic: sync: negative WaitGroup counter

goroutine 1 [running]:
sync.(*WaitGroup).Add(0x40?, 0x29?)
	sync/waitgroup.go:62 +0xe5
sync.(*WaitGroup).Done(0x0?)
	sync/waitgroup.go:87 +0x25
github.com/fatedier/frp/cmd/frpc/sub.runClient({0x7ffe92c59c3e, 0x8}, 0xbc5df8?)
	github.com/fatedier/frp/cmd/frpc/sub/root.go:332 +0x17b
github.com/fatedier/frp/cmd/frpc/sub.glob..func5(0x11a0480?, {0xba412b?, 0x2?, 0x2?})
	github.com/fatedier/frp/cmd/frpc/sub/root.go:247 +0x5a5
github.com/spf13/cobra.(*Command).execute(0x11a0480, {0xc000122160, 0x2, 0x2})
	github.com/spf13/cobra@v1.7.0/command.go:940 +0x862
github.com/spf13/cobra.(*Command).ExecuteC(0x11a0480)
	github.com/spf13/cobra@v1.7.0/command.go:1068 +0x3bd
github.com/spf13/cobra.(*Command).Execute(...)
	github.com/spf13/cobra@v1.7.0/command.go:992
github.com/fatedier/frp/cmd/frpc/sub.Execute()
	github.com/fatedier/frp/cmd/frpc/sub/root.go:277 +0x25
main.main()
	github.com/fatedier/frp/cmd/frpc/main.go:23 +0x17
2025/12/21 11:39:15 [1;34m[I] [root.go:125] æ¬¢è¿ä½¿ç”¨ChmlFrpæ˜ å°„å®¢æˆ·ç«¯![0m
2025/12/21 11:39:15 [1;34m[I] [root.go:135] ä»ChmlFrp APIè·å–é…ç½®æ–‡ä»¶...[0m
open ftpc.ini: no such file or directory
panic: sync: negative WaitGroup counter

goroutine 1 [running]:
sync.(*WaitGroup).Add(0x40?, 0x29?)
	sync/waitgroup.go:62 +0xe5
sync.(*WaitGroup).Done(0x0?)
	sync/waitgroup.go:87 +0x25
github.com/fatedier/frp/cmd/frpc/sub.runClient({0x7ffce384bc3e, 0x8}, 0xbc5df8?)
	github.com/fatedier/frp/cmd/frpc/sub/root.go:332 +0x17b
github.com/fatedier/frp/cmd/frpc/sub.glob..func5(0x11a0480?, {0xba412b?, 0x2?, 0x2?})
	github.com/fatedier/frp/cmd/frpc/sub/root.go:247 +0x5a5
github.com/spf13/cobra.(*Command).execute(0x11a0480, {0xc000122160, 0x2, 0x2})
	github.com/spf13/cobra@v1.7.0/command.go:940 +0x862
github.com/spf13/cobra.(*Command).ExecuteC(0x11a0480)
	github.com/spf13/cobra@v1.7.0/command.go:1068 +0x3bd
github.com/spf13/cobra.(*Command).Execute(...)
	github.com/spf13/cobra@v1.7.0/command.go:992
github.com/fatedier/frp/cmd/frpc/sub.Execute()
	github.com/fatedier/frp/cmd/frpc/sub/root.go:277 +0x25
main.main()
	github.com/fatedier/frp/cmd/frpc/main.go:23 +0x17
2025/12/21 11:39:17 [1;34m[I] [root.go:125] æ¬¢è¿ä½¿ç”¨ChmlFrpæ˜ å°„å®¢æˆ·ç«¯![0m
2025/12/21 11:39:17 [1;34m[I] [root.go:135] ä»ChmlFrp APIè·å–é…ç½®æ–‡ä»¶...[0m
open ftpc.ini: no such file or directory
panic: sync: negative WaitGroup counter

goroutine 1 [running]:
sync.(*WaitGroup).Add(0xc0000ace38?, 0x29?)
	sync/waitgroup.go:62 +0xe5
sync.(*WaitGroup).Done(0x0?)
	sync/waitgroup.go:87 +0x25
github.com/fatedier/frp/cmd/frpc/sub.runClient({0x7ffddd689c3e, 0x8}, 0xbc5df8?)
	github.com/fatedier/frp/cmd/frpc/sub/root.go:332 +0x17b
github.com/fatedier/frp/cmd/frpc/sub.glob..func5(0x11a0480?, {0xba412b?, 0x2?, 0x2?})
	github.com/fatedier/frp/cmd/frpc/sub/root.go:247 +0x5a5
github.com/spf13/cobra.(*Command).execute(0x11a0480, {0xc000034190, 0x2, 0x2})
	github.com/spf13/cobra@v1.7.0/command.go:940 +0x862
github.com/spf13/cobra.(*Command).ExecuteC(0x11a0480)
	github.com/spf13/cobra@v1.7.0/command.go:1068 +0x3bd
github.com/spf13/cobra.(*Command).Execute(...)
	github.com/spf13/cobra@v1.7.0/command.go:992
github.com/fatedier/frp/cmd/frpc/sub.Execute()
	github.com/fatedier/frp/cmd/frpc/sub/root.go:277 +0x25
main.main()
	github.com/fatedier/frp/cmd/frpc/main.go:23 +0x17
2025/12/21 11:39:19 [1;34m[I] [root.go:125] æ¬¢è¿ä½¿ç”¨ChmlFrpæ˜ å°„å®¢æˆ·ç«¯![0m
2025/12/21 11:39:19 [1;34m[I] [root.go:135] ä»ChmlFrp APIè·å–é…ç½®æ–‡ä»¶...[0m
open ftpc.ini: no such file or directory
panic: sync: negative WaitGroup counter

goroutine 1 [running]:
sync.(*WaitGroup).Add(0xc000124d68?, 0x29?)
	sync/waitgroup.go:62 +0xe5
sync.(*WaitGroup).Done(0x0?)
	sync/waitgroup.go:87 +0x25
github.com/fatedier/frp/cmd/frpc/sub.runClient({0x7ffca638fc3e, 0x8}, 0xc00017a990?)
	github.com/fatedier/frp/cmd/frpc/sub/root.go:332 +0x17b
github.com/fatedier/frp/cmd/frpc/sub.glob..func5(0x11a0480?, {0xba412b?, 0x2?, 0x2?})
	github.com/fatedier/frp/cmd/frpc/sub/root.go:247 +0x5a5
github.com/spf13/cobra.(*Command).execute(0x11a0480, {0xc000122160, 0x2, 0x2})
	github.com/spf13/cobra@v1.7.0/command.go:940 +0x862
github.com/spf13/cobra.(*Command).ExecuteC(0x11a0480)
	github.com/spf13/cobra@v1.7.0/command.go:1068 +0x3bd
github.com/spf13/cobra.(*Command).Execute(...)
	github.com/spf13/cobra@v1.7.0/command.go:992
github.com/fatedier/frp/cmd/frpc/sub.Execute()
	github.com/fatedier/frp/cmd/frpc/sub/root.go:277 +0x25
main.main()
	github.com/fatedier/frp/cmd/frpc/main.go:23 +0x17
2025/12/21 11:39:38 [1;34m[I] [root.go:125] æ¬¢è¿ä½¿ç”¨ChmlFrpæ˜ å°„å®¢æˆ·ç«¯![0m
2025/12/21 11:39:38 [1;34m[I] [root.go:135] ä»ChmlFrp APIè·å–é…ç½®æ–‡ä»¶...[0m
2025/12/21 11:39:38 [1;34m[I] [root.go:347] å¯åŠ¨é…ç½®æ–‡ä»¶çš„frpcæœåŠ¡ [frpc.ini][0m
2025/12/21 11:39:38 [1;34m[I] [service.go:313] æˆåŠŸç™»å½•è‡³æœåŠ¡å™¨, è·å–åˆ°RunID [40cf93646254362d][0m
2025/12/21 11:39:38 [1;34m[I] [proxy_manager.go:150] å·²æ·»åŠ éš§é“: [MC Server][0m
2025/12/21 11:39:39 [1;34m[I] [control.go:172] [MC Server] æ˜ å°„å¯åŠ¨æˆåŠŸ, æ„Ÿè°¢æ‚¨ä½¿ç”¨ChmlFrp![0m
[INFO] é‡å¯å®ä¾‹è®¡åˆ’å¼€å§‹æ‰§è¡Œ

[INFO] å·²æ‰§è¡Œé¢„è®¾çš„å…³é—­å‘½ä»¤ï¼š
^c
å¦‚æœæ— æ³•å…³é—­å®ä¾‹è¯·å‰å¾€å®ä¾‹è®¾ç½®æ›´æ”¹å…³é—­å®ä¾‹çš„æ­£ç¡®å‘½ä»¤ï¼Œæ¯”å¦‚ exitï¼Œstopï¼Œend ç­‰
[INFO] å®ä¾‹å·²åœæ­¢ã€‚
[INFO] æ£€æµ‹åˆ°æœåŠ¡å™¨å·²åœæ­¢ï¼Œæ­£åœ¨é‡å¯å®ä¾‹...
[INFO] æ­£åœ¨å¯åŠ¨...
[INFO] ä»¿çœŸç»ˆç«¯æ¨¡å¼å·²ç”Ÿæ•ˆï¼Œæ‚¨å¯ä»¥ç›´æ¥åœ¨ç»ˆç«¯å†…ç›´æ¥è¾“å…¥å†…å®¹å¹¶ä½¿ç”¨ Ctrlï¼ŒTab ç­‰åŠŸèƒ½é”®
[INFO] å®ä¾‹å·²å¯åŠ¨...
^C
2025/12/21 11:39:50 [1;34m[I] [root.go:125] æ¬¢è¿ä½¿ç”¨ChmlFrpæ˜ å°„å®¢æˆ·ç«¯![0m
2025/12/21 11:39:50 [1;34m[I] [root.go:135] ä»ChmlFrp APIè·å–é…ç½®æ–‡ä»¶...[0m
2025/12/21 11:39:50 [1;34m[I] [root.go:347] å¯åŠ¨é…ç½®æ–‡ä»¶çš„frpcæœåŠ¡ [frpc.ini][0m
2025/12/21 11:39:51 [1;34m[I] [service.go:313] æˆåŠŸç™»å½•è‡³æœåŠ¡å™¨, è·å–åˆ°RunID [dce479312eee9a87][0m
2025/12/21 11:39:51 [1;34m[I] [proxy_manager.go:150] å·²æ·»åŠ éš§é“: [MC Server][0m
2025/12/21 11:39:51 [1;34m[I] [control.go:172] [MC Server] æ˜ å°„å¯åŠ¨æˆåŠŸ, æ„Ÿè°¢æ‚¨ä½¿ç”¨ChmlFrp![0m
[INFO] é‡å¯å®ä¾‹è®¡åˆ’å¼€å§‹æ‰§è¡Œ

[INFO] å·²æ‰§è¡Œé¢„è®¾çš„å…³é—­å‘½ä»¤ï¼š
^c
å¦‚æœæ— æ³•å…³é—­å®ä¾‹è¯·å‰å¾€å®ä¾‹è®¾ç½®æ›´æ”¹å…³é—­å®ä¾‹çš„æ­£ç¡®å‘½ä»¤ï¼Œæ¯”å¦‚ exitï¼Œstopï¼Œend ç­‰
[INFO] å®ä¾‹å·²åœæ­¢ã€‚
[INFO] æ£€æµ‹åˆ°æœåŠ¡å™¨å·²åœæ­¢ï¼Œæ­£åœ¨é‡å¯å®ä¾‹...
[INFO] æ­£åœ¨å¯åŠ¨...
[INFO] ä»¿çœŸç»ˆç«¯æ¨¡å¼å·²ç”Ÿæ•ˆï¼Œæ‚¨å¯ä»¥ç›´æ¥åœ¨ç»ˆç«¯å†…ç›´æ¥è¾“å…¥å†…å®¹å¹¶ä½¿ç”¨ Ctrlï¼ŒTab ç­‰åŠŸèƒ½é”®
[INFO] å®ä¾‹å·²å¯åŠ¨...
^C
2025/12/21 11:40:38 [1;34m[I] [root.go:125] æ¬¢è¿ä½¿ç”¨ChmlFrpæ˜ å°„å®¢æˆ·ç«¯![0m
2025/12/21 11:40:38 [1;34m[I] [root.go:135] ä»ChmlFrp APIè·å–é…ç½®æ–‡ä»¶...[0m
2025/12/21 11:40:38 [1;34m[I] [root.go:347] å¯åŠ¨é…ç½®æ–‡ä»¶çš„frpcæœåŠ¡ [frpc.ini][0m
2025/12/21 11:40:39 [1;34m[I] [service.go:313] æˆåŠŸç™»å½•è‡³æœåŠ¡å™¨, è·å–åˆ°RunID [ce7bc936da756b7e][0m
2025/12/21 11:40:39 [1;34m[I] [proxy_manager.go:150] å·²æ·»åŠ éš§é“: [MC Server][0m
2025/12/21 11:40:39 [1;34m[I] [control.go:172] [MC Server] æ˜ å°„å¯åŠ¨æˆåŠŸ, æ„Ÿè°¢æ‚¨ä½¿ç”¨ChmlFrp![0m

[INFO] å·²æ‰§è¡Œé¢„è®¾çš„å…³é—­å‘½ä»¤ï¼š
^c
å¦‚æœæ— æ³•å…³é—­å®ä¾‹è¯·å‰å¾€å®ä¾‹è®¾ç½®æ›´æ”¹å…³é—­å®ä¾‹çš„æ­£ç¡®å‘½ä»¤ï¼Œæ¯”å¦‚ exitï¼Œstopï¼Œend ç­‰
[INFO] å®ä¾‹å·²åœæ­¢ã€‚
[INFO] æ­£åœ¨å¯åŠ¨...
[INFO] ä»¿çœŸç»ˆç«¯æ¨¡å¼å·²ç”Ÿæ•ˆï¼Œæ‚¨å¯ä»¥ç›´æ¥åœ¨ç»ˆç«¯å†…ç›´æ¥è¾“å…¥å†…å®¹å¹¶ä½¿ç”¨ Ctrlï¼ŒTab ç­‰åŠŸèƒ½é”®
[INFO] å®ä¾‹å·²å¯åŠ¨...
^C
2025/12/21 11:40:58 [1;34m[I] [root.go:125] æ¬¢è¿ä½¿ç”¨ChmlFrpæ˜ å°„å®¢æˆ·ç«¯![0m
2025/12/21 11:40:58 [1;34m[I] [root.go:135] ä»ChmlFrp APIè·å–é…ç½®æ–‡ä»¶...[0m
2025/12/21 11:40:58 [1;34m[I] [root.go:347] å¯åŠ¨é…ç½®æ–‡ä»¶çš„frpcæœåŠ¡ [frpc.ini][0m
2025/12/21 11:40:59 [1;34m[I] [service.go:313] æˆåŠŸç™»å½•è‡³æœåŠ¡å™¨, è·å–åˆ°RunID [49f282c7b88c6ba5][0m
2025/12/21 11:40:59 [1;34m[I] [proxy_manager.go:150] å·²æ·»åŠ éš§é“: [MC Server][0m
2025/12/21 11:40:59 [1;34m[I] [control.go:172] [MC Server] æ˜ å°„å¯åŠ¨æˆåŠŸ, æ„Ÿè°¢æ‚¨ä½¿ç”¨ChmlFrp![0m
[INFO] é‡å¯å®ä¾‹è®¡åˆ’å¼€å§‹æ‰§è¡Œ

[INFO] å·²æ‰§è¡Œé¢„è®¾çš„å…³é—­å‘½ä»¤ï¼š
^c
å¦‚æœæ— æ³•å…³é—­å®ä¾‹è¯·å‰å¾€å®ä¾‹è®¾ç½®æ›´æ”¹å…³é—­å®ä¾‹çš„æ­£ç¡®å‘½ä»¤ï¼Œæ¯”å¦‚ exitï¼Œstopï¼Œend ç­‰
[INFO] å®ä¾‹å·²åœæ­¢ã€‚
[INFO] æ£€æµ‹åˆ°æœåŠ¡å™¨å·²åœæ­¢ï¼Œæ­£åœ¨é‡å¯å®ä¾‹...
[INFO] æ­£åœ¨å¯åŠ¨...
[INFO] ä»¿çœŸç»ˆç«¯æ¨¡å¼å·²ç”Ÿæ•ˆï¼Œæ‚¨å¯ä»¥ç›´æ¥åœ¨ç»ˆç«¯å†…ç›´æ¥è¾“å…¥å†…å®¹å¹¶ä½¿ç”¨ Ctrlï¼ŒTab ç­‰åŠŸèƒ½é”®
[INFO] å®ä¾‹å·²å¯åŠ¨...
^C
2025/12/21 11:41:43 [1;34m[I] [root.go:125] æ¬¢è¿ä½¿ç”¨ChmlFrpæ˜ å°„å®¢æˆ·ç«¯![0m
2025/12/21 11:41:43 [1;34m[I] [root.go:135] ä»ChmlFrp APIè·å–é…ç½®æ–‡ä»¶...[0m
2025/12/21 11:41:43 [1;34m[I] [root.go:347] å¯åŠ¨é…ç½®æ–‡ä»¶çš„frpcæœåŠ¡ [frpc.ini][0m
2025/12/21 11:41:43 [1;34m[I] [service.go:313] æˆåŠŸç™»å½•è‡³æœåŠ¡å™¨, è·å–åˆ°RunID [74a43eaa8c119d1c][0m
2025/12/21 11:41:43 [1;34m[I] [proxy_manager.go:150] å·²æ·»åŠ éš§é“: [MC Server A MC Server B][0m
2025/12/21 11:41:43 [1;34m[I] [control.go:172] [MC Server A] æ˜ å°„å¯åŠ¨æˆåŠŸ, æ„Ÿè°¢æ‚¨ä½¿ç”¨ChmlFrp![0m
2025/12/21 11:41:43 [1;34m[I] [control.go:172] [MC Server B] æ˜ å°„å¯åŠ¨æˆåŠŸ, æ„Ÿè°¢æ‚¨ä½¿ç”¨ChmlFrp![0m
2025/12/21 11:41:44 [1;34m[I] [udp.go:91] [MC Server A] ä¼ å…¥udpä»£ç†çš„æ–°å·¥ä½œè¿æ¥, 218.93.206.195:11528[0m
[INFO] æ­£åœ¨å¯åŠ¨...
[INFO] ä»¿çœŸç»ˆç«¯æ¨¡å¼å·²ç”Ÿæ•ˆï¼Œæ‚¨å¯ä»¥ç›´æ¥åœ¨ç»ˆç«¯å†…ç›´æ¥è¾“å…¥å†…å®¹å¹¶ä½¿ç”¨ Ctrlï¼ŒTab ç­‰åŠŸèƒ½é”®
[INFO] å®ä¾‹å·²å¯åŠ¨...
2025/12/21 12:45:57 [1;34m[I] [root.go:125] æ¬¢è¿ä½¿ç”¨ChmlFrpæ˜ å°„å®¢æˆ·ç«¯![0m
2025/12/21 12:45:57 [1;34m[I] [root.go:135] ä»ChmlFrp APIè·å–é…ç½®æ–‡ä»¶...[0m
2025/12/21 12:45:57 [1;34m[I] [root.go:347] å¯åŠ¨é…ç½®æ–‡ä»¶çš„frpcæœåŠ¡ [frpc.ini][0m
2025/12/21 12:45:58 [1;34m[I] [service.go:313] æˆåŠŸç™»å½•è‡³æœåŠ¡å™¨, è·å–åˆ°RunID [033be14a0ec5cb90][0m
2025/12/21 12:45:58 [1;34m[I] [proxy_manager.go:150] å·²æ·»åŠ éš§é“: [MC Server B MC Server A][0m
2025/12/21 12:45:58 [1;34m[I] [control.go:172] [MC Server B] æ˜ å°„å¯åŠ¨æˆåŠŸ, æ„Ÿè°¢æ‚¨ä½¿ç”¨ChmlFrp![0m
2025/12/21 12:45:58 [1;34m[I] [control.go:172] [MC Server A] æ˜ å°„å¯åŠ¨æˆåŠŸ, æ„Ÿè°¢æ‚¨ä½¿ç”¨ChmlFrp![0m
2025/12/21 12:45:59 [1;34m[I] [udp.go:91] [MC Server A] ä¼ å…¥udpä»£ç†çš„æ–°å·¥ä½œè¿æ¥, 218.93.206.195:11528[0m
[INFO] æ­£åœ¨å¯åŠ¨...
[INFO] ä»¿çœŸç»ˆç«¯æ¨¡å¼å·²ç”Ÿæ•ˆï¼Œæ‚¨å¯ä»¥ç›´æ¥åœ¨ç»ˆç«¯å†…ç›´æ¥è¾“å…¥å†…å®¹å¹¶ä½¿ç”¨ Ctrlï¼ŒTab ç­‰åŠŸèƒ½é”®
[INFO] å®ä¾‹å·²å¯åŠ¨...
2025/12/23 03:02:38 [1;34m[I] [root.go:125] æ¬¢è¿ä½¿ç”¨ChmlFrpæ˜ å°„å®¢æˆ·ç«¯![0m
2025/12/23 03:02:38 [1;34m[I] [root.go:135] ä»ChmlFrp APIè·å–é…ç½®æ–‡ä»¶...[0m
2025/12/23 03:02:38 [1;34m[I] [root.go:347] å¯åŠ¨é…ç½®æ–‡ä»¶çš„frpcæœåŠ¡ [frpc.ini][0m
2025/12/23 03:02:38 [1;34m[I] [service.go:313] æˆåŠŸç™»å½•è‡³æœåŠ¡å™¨, è·å–åˆ°RunID [0b383a23f3c9b468][0m
2025/12/23 03:02:38 [1;34m[I] [proxy_manager.go:150] å·²æ·»åŠ éš§é“: [MC Server B MC Server A][0m
2025/12/23 03:02:39 [1;34m[I] [control.go:172] [MC Server A] æ˜ å°„å¯åŠ¨æˆåŠŸ, æ„Ÿè°¢æ‚¨ä½¿ç”¨ChmlFrp![0m
2025/12/23 03:02:39 [1;34m[I] [control.go:172] [MC Server B] æ˜ å°„å¯åŠ¨æˆåŠŸ, æ„Ÿè°¢æ‚¨ä½¿ç”¨ChmlFrp![0m
2025/12/23 03:02:39 [1;34m[I] [udp.go:91] [MC Server A] ä¼ å…¥udpä»£ç†çš„æ–°å·¥ä½œè¿æ¥, 218.93.206.195:11528[0m
[INFO] æ­£åœ¨å¯åŠ¨...
[INFO] ä»¿çœŸç»ˆç«¯æ¨¡å¼å·²ç”Ÿæ•ˆï¼Œæ‚¨å¯ä»¥ç›´æ¥åœ¨ç»ˆç«¯å†…ç›´æ¥è¾“å…¥å†…å®¹å¹¶ä½¿ç”¨ Ctrlï¼ŒTab ç­‰åŠŸèƒ½é”®
[INFO] å®ä¾‹å·²å¯åŠ¨...
2025/12/25 03:02:56 [1;34m[I] [root.go:125] æ¬¢è¿ä½¿ç”¨ChmlFrpæ˜ å°„å®¢æˆ·ç«¯![0m
2025/12/25 03:02:56 [1;34m[I] [root.go:135] ä»ChmlFrp APIè·å–é…ç½®æ–‡ä»¶...[0m
2025/12/25 03:02:56 [1;34m[I] [root.go:347] å¯åŠ¨é…ç½®æ–‡ä»¶çš„frpcæœåŠ¡ [frpc.ini][0m
2025/12/25 03:02:57 [1;34m[I] [service.go:313] æˆåŠŸç™»å½•è‡³æœåŠ¡å™¨, è·å–åˆ°RunID [9a18b14c12fbdd0d][0m
2025/12/25 03:02:57 [1;34m[I] [proxy_manager.go:150] å·²æ·»åŠ éš§é“: [MC Server A MC Server B][0m
2025/12/25 03:02:57 [1;34m[I] [control.go:172] [MC Server B] æ˜ å°„å¯åŠ¨æˆåŠŸ, æ„Ÿè°¢æ‚¨ä½¿ç”¨ChmlFrp![0m
2025/12/25 03:02:57 [1;34m[I] [control.go:172] [MC Server A] æ˜ å°„å¯åŠ¨æˆåŠŸ, æ„Ÿè°¢æ‚¨ä½¿ç”¨ChmlFrp![0m
2025/12/25 03:02:58 [1;34m[I] [udp.go:91] [MC Server A] ä¼ å…¥udpä»£ç†çš„æ–°å·¥ä½œè¿æ¥, 218.93.206.195:11528[0m
2025/12/25 03:24:23 [1;31m[E] [proxy.go:197] [MC Server B] connect to local service [127.0.0.1:11520] error: dial tcp 127.0.0.1:11520: connect: connection refused[0m
[INFO] æ­£åœ¨å¯åŠ¨...
[INFO] ä»¿çœŸç»ˆç«¯æ¨¡å¼å·²ç”Ÿæ•ˆï¼Œæ‚¨å¯ä»¥ç›´æ¥åœ¨ç»ˆç«¯å†…ç›´æ¥è¾“å…¥å†…å®¹å¹¶ä½¿ç”¨ Ctrlï¼ŒTab ç­‰åŠŸèƒ½é”®
[INFO] å®ä¾‹å·²å¯åŠ¨...
2025/12/26 16:49:16 [1;34m[I] [root.go:125] æ¬¢è¿ä½¿ç”¨ChmlFrpæ˜ å°„å®¢æˆ·ç«¯![0m
2025/12/26 16:49:16 [1;34m[I] [root.go:135] ä»ChmlFrp APIè·å–é…ç½®æ–‡ä»¶...[0m
2025/12/26 16:49:16 [1;34m[I] [root.go:347] å¯åŠ¨é…ç½®æ–‡ä»¶çš„frpcæœåŠ¡ [frpc.ini][0m
2025/12/26 16:49:16 [1;34m[I] [service.go:313] æˆåŠŸç™»å½•è‡³æœåŠ¡å™¨, è·å–åˆ°RunID [b24c4ad14120519f][0m
2025/12/26 16:49:16 [1;34m[I] [proxy_manager.go:150] å·²æ·»åŠ éš§é“: [MC Server A MC Server B][0m
2025/12/26 16:49:17 [1;34m[I] [control.go:172] [MC Server A] æ˜ å°„å¯åŠ¨æˆåŠŸ, æ„Ÿè°¢æ‚¨ä½¿ç”¨ChmlFrp![0m
2025/12/26 16:49:17 [1;34m[I] [control.go:172] [MC Server B] æ˜ å°„å¯åŠ¨æˆåŠŸ, æ„Ÿè°¢æ‚¨ä½¿ç”¨ChmlFrp![0m
2025/12/26 16:49:17 [1;34m[I] [udp.go:91] [MC Server A] ä¼ å…¥udpä»£ç†çš„æ–°å·¥ä½œè¿æ¥, 218.93.206.195:11528[0m
[INFO] æ­£åœ¨å¯åŠ¨...
[INFO] ä»¿çœŸç»ˆç«¯æ¨¡å¼å·²ç”Ÿæ•ˆï¼Œæ‚¨å¯ä»¥ç›´æ¥åœ¨ç»ˆç«¯å†…ç›´æ¥è¾“å…¥å†…å®¹å¹¶ä½¿ç”¨ Ctrlï¼ŒTab ç­‰åŠŸèƒ½é”®
[INFO] å®ä¾‹å·²å¯åŠ¨...
2025/12/28 13:05:21 [1;34m[I] [root.go:125] æ¬¢è¿ä½¿ç”¨ChmlFrpæ˜ å°„å®¢æˆ·ç«¯![0m
2025/12/28 13:05:21 [1;34m[I] [root.go:135] ä»ChmlFrp APIè·å–é…ç½®æ–‡ä»¶...[0m
2025/12/28 13:05:21 [1;34m[I] [root.go:347] å¯åŠ¨é…ç½®æ–‡ä»¶çš„frpcæœåŠ¡ [frpc.ini][0m
2025/12/28 13:05:21 [1;34m[I] [service.go:313] æˆåŠŸç™»å½•è‡³æœåŠ¡å™¨, è·å–åˆ°RunID [7648910bc6cc5245][0m
2025/12/28 13:05:21 [1;34m[I] [proxy_manager.go:150] å·²æ·»åŠ éš§é“: [MC Server A MC Server B][0m
2025/12/28 13:05:22 [1;34m[I] [control.go:172] [MC Server A] æ˜ å°„å¯åŠ¨æˆåŠŸ, æ„Ÿè°¢æ‚¨ä½¿ç”¨ChmlFrp![0m
2025/12/28 13:05:22 [1;34m[I] [control.go:172] [MC Server B] æ˜ å°„å¯åŠ¨æˆåŠŸ, æ„Ÿè°¢æ‚¨ä½¿ç”¨ChmlFrp![0m
2025/12/28 13:05:22 [1;34m[I] [udp.go:91] [MC Server A] ä¼ å…¥udpä»£ç†çš„æ–°å·¥ä½œè¿æ¥, 218.93.206.195:11528[0m
[INFO] æ­£åœ¨å¯åŠ¨...
[INFO] ä»¿çœŸç»ˆç«¯æ¨¡å¼å·²ç”Ÿæ•ˆï¼Œæ‚¨å¯ä»¥ç›´æ¥åœ¨ç»ˆç«¯å†…ç›´æ¥è¾“å…¥å†…å®¹å¹¶ä½¿ç”¨ Ctrlï¼ŒTab ç­‰åŠŸèƒ½é”®
[INFO] å®ä¾‹å·²å¯åŠ¨...
2025/12/28 14:10:28 [1;34m[I] [root.go:125] æ¬¢è¿ä½¿ç”¨ChmlFrpæ˜ å°„å®¢æˆ·ç«¯![0m
2025/12/28 14:10:28 [1;34m[I] [root.go:135] ä»ChmlFrp APIè·å–é…ç½®æ–‡ä»¶...[0m
2025/12/28 14:10:28 [1;34m[I] [root.go:347] å¯åŠ¨é…ç½®æ–‡ä»¶çš„frpcæœåŠ¡ [frpc.ini][0m
2025/12/28 14:10:28 [1;34m[I] [service.go:313] æˆåŠŸç™»å½•è‡³æœåŠ¡å™¨, è·å–åˆ°RunID [9b5d4ab4ff658ea3][0m
2025/12/28 14:10:28 [1;34m[I] [proxy_manager.go:150] å·²æ·»åŠ éš§é“: [MC Server A MC Server B][0m
2025/12/28 14:10:29 [1;34m[I] [control.go:172] [MC Server A] æ˜ å°„å¯åŠ¨æˆåŠŸ, æ„Ÿè°¢æ‚¨ä½¿ç”¨ChmlFrp![0m
2025/12/28 14:10:29 [1;34m[I] [control.go:172] [MC Server B] æ˜ å°„å¯åŠ¨æˆåŠŸ, æ„Ÿè°¢æ‚¨ä½¿ç”¨ChmlFrp![0m
2025/12/28 14:10:29 [1;34m[I] [udp.go:91] [MC Server A] ä¼ å…¥udpä»£ç†çš„æ–°å·¥ä½œè¿æ¥, 218.93.206.195:11528[0m
[INFO] æ­£åœ¨å¯åŠ¨...
[INFO] ä»¿çœŸç»ˆç«¯æ¨¡å¼å·²ç”Ÿæ•ˆï¼Œæ‚¨å¯ä»¥ç›´æ¥åœ¨ç»ˆç«¯å†…ç›´æ¥è¾“å…¥å†…å®¹å¹¶ä½¿ç”¨ Ctrlï¼ŒTab ç­‰åŠŸèƒ½é”®
[INFO] å®ä¾‹å·²å¯åŠ¨...
2025/12/28 15:05:10 [1;34m[I] [root.go:125] æ¬¢è¿ä½¿ç”¨ChmlFrpæ˜ å°„å®¢æˆ·ç«¯![0m
2025/12/28 15:05:10 [1;34m[I] [root.go:135] ä»ChmlFrp APIè·å–é…ç½®æ–‡ä»¶...[0m
2025/12/28 15:05:10 [1;34m[I] [root.go:347] å¯åŠ¨é…ç½®æ–‡ä»¶çš„frpcæœåŠ¡ [frpc.ini][0m
2025/12/28 15:05:13 [1;34m[I] [service.go:313] æˆåŠŸç™»å½•è‡³æœåŠ¡å™¨, è·å–åˆ°RunID [005c1fa12073f2ee][0m
2025/12/28 15:05:13 [1;34m[I] [proxy_manager.go:150] å·²æ·»åŠ éš§é“: [MC Server A MC Server B][0m
2025/12/28 15:05:13 [1;34m[I] [control.go:172] [MC Server B] æ˜ å°„å¯åŠ¨æˆåŠŸ, æ„Ÿè°¢æ‚¨ä½¿ç”¨ChmlFrp![0m
2025/12/28 15:05:13 [1;34m[I] [control.go:172] [MC Server A] æ˜ å°„å¯åŠ¨æˆåŠŸ, æ„Ÿè°¢æ‚¨ä½¿ç”¨ChmlFrp![0m
2025/12/28 15:05:14 [1;34m[I] [udp.go:91] [MC Server A] ä¼ å…¥udpä»£ç†çš„æ–°å·¥ä½œè¿æ¥, 218.93.206.195:11528[0m
2025/12/28 15:09:43 [1;31m[E] [proxy.go:197] [MC Server B] connect to local service [127.0.0.1:11520] error: dial tcp 127.0.0.1:11520: connect: connection refused[0m
2025/12/28 15:44:10 [1;31m[E] [proxy.go:197] [MC Server B] connect to local service [127.0.0.1:11520] error: dial tcp 127.0.0.1:11520: connect: connection refused[0m
2025/12/28 16:14:42 [1;31m[E] [proxy.go:197] [MC Server B] connect to local service [127.0.0.1:11520] error: dial tcp 127.0.0.1:11520: connect: connection refused[0m
2025/12/28 16:53:50 [1;31m[E] [proxy.go:197] [MC Server B] connect to local service [127.0.0.1:11520] error: dial tcp 127.0.0.1:11520: connect: connection refused[0m
2025/12/28 17:37:24 [1;31m[E] [proxy.go:197] [MC Server B] connect to local service [127.0.0.1:11520] error: dial tcp 127.0.0.1:11520: connect: connection refused[0m
2025/12/28 18:22:26 [1;31m[E] [proxy.go:197] [MC Server B] connect to local service [127.0.0.1:11520] error: dial tcp 127.0.0.1:11520: connect: connection refused[0m
2025/12/28 19:07:10 [1;31m[E] [proxy.go:197] [MC Server B] connect to local service [127.0.0.1:11520] error: dial tcp 127.0.0.1:11520: connect: connection refused[0m
2025/12/28 19:59:30 [1;31m[E] [proxy.go:197] [MC Server B] connect to local service [127.0.0.1:11520] error: dial tcp 127.0.0.1:11520: connect: connection refused[0m
2025/12/28 20:22:07 [1;34m[I] [control.go:252] æ­£åœ¨å’ŒæœåŠ¡å™¨æ–­å¼€é“¾æ¥...[0m
2025/12/28 20:22:07 [1;34m[I] [udp.go:140] [MC Server A] udpå·¥ä½œè¿æ¥çš„ç¼–å†™å™¨goroutineå…³é—­[0m
2025/12/28 20:22:07 [1;33m[W] [udp.go:126] [MC Server A] ä»workConnè¯»å–udpé”™è¯¯: EOF[0m
2025/12/28 20:22:07 [1;34m[I] [visitor_manager.go:77] gracefully shutdown visitor manager[0m
2025/12/28 20:22:07 [1;34m[I] [service.go:227] å°è¯•é‡æ–°è¿æ¥è‡³æœåŠ¡å™¨[0m
2025/12/28 20:22:08 [1;34m[I] [service.go:313] æˆåŠŸç™»å½•è‡³æœåŠ¡å™¨, è·å–åˆ°RunID [005c1fa12073f2ee][0m
2025/12/28 20:22:08 [1;34m[I] [proxy_manager.go:150] å·²æ·»åŠ éš§é“: [MC Server B MC Server A][0m
2025/12/28 20:22:08 [1;34m[I] [control.go:172] [MC Server A] æ˜ å°„å¯åŠ¨æˆåŠŸ, æ„Ÿè°¢æ‚¨ä½¿ç”¨ChmlFrp![0m
2025/12/28 20:22:08 [1;34m[I] [control.go:172] [MC Server B] æ˜ å°„å¯åŠ¨æˆåŠŸ, æ„Ÿè°¢æ‚¨ä½¿ç”¨ChmlFrp![0m
2025/12/28 20:22:08 [1;34m[I] [udp.go:91] [MC Server A] ä¼ å…¥udpä»£ç†çš„æ–°å·¥ä½œè¿æ¥, 218.93.206.195:11528[0m
2025/12/28 20:44:18 [1;31m[E] [proxy.go:197] [MC Server B] connect to local service [127.0.0.1:11520] error: dial tcp 127.0.0.1:11520: connect: connection refused[0m
2025/12/28 21:36:26 [1;31m[E] [proxy.go:197] [MC Server B] connect to local service [127.0.0.1:11520] error: dial tcp 127.0.0.1:11520: connect: connection refused[0m
2025/12/28 22:23:38 [1;31m[E] [proxy.go:197] [MC Server B] connect to local service [127.0.0.1:11520] error: dial tcp 127.0.0.1:11520: connect: connection refused[0m
2025/12/28 22:25:49 [1;34m[I] [control.go:252] æ­£åœ¨å’ŒæœåŠ¡å™¨æ–­å¼€é“¾æ¥...[0m
2025/12/28 22:25:49 [1;33m[W] [udp.go:126] [MC Server A] ä»workConnè¯»å–udpé”™è¯¯: EOF[0m
2025/12/28 22:25:49 [1;34m[I] [udp.go:140] [MC Server A] udpå·¥ä½œè¿æ¥çš„ç¼–å†™å™¨goroutineå…³é—­[0m
2025/12/28 22:25:49 [1;34m[I] [visitor_manager.go:77] gracefully shutdown visitor manager[0m
2025/12/28 22:25:49 [1;34m[I] [service.go:227] å°è¯•é‡æ–°è¿æ¥è‡³æœåŠ¡å™¨[0m
2025/12/28 22:25:50 [1;34m[I] [service.go:313] æˆåŠŸç™»å½•è‡³æœåŠ¡å™¨, è·å–åˆ°RunID [005c1fa12073f2ee][0m
2025/12/28 22:25:50 [1;34m[I] [proxy_manager.go:150] å·²æ·»åŠ éš§é“: [MC Server A MC Server B][0m
2025/12/28 22:25:51 [1;34m[I] [control.go:172] [MC Server A] æ˜ å°„å¯åŠ¨æˆåŠŸ, æ„Ÿè°¢æ‚¨ä½¿ç”¨ChmlFrp![0m
2025/12/28 22:25:51 [1;34m[I] [control.go:172] [MC Server B] æ˜ å°„å¯åŠ¨æˆåŠŸ, æ„Ÿè°¢æ‚¨ä½¿ç”¨ChmlFrp![0m
2025/12/28 22:25:51 [1;34m[I] [udp.go:91] [MC Server A] ä¼ å…¥udpä»£ç†çš„æ–°å·¥ä½œè¿æ¥, 218.93.206.195:11528[0m
2025/12/28 22:36:03 [1;34m[I] [control.go:252] æ­£åœ¨å’ŒæœåŠ¡å™¨æ–­å¼€é“¾æ¥...[0m
2025/12/28 22:36:03 [1;33m[W] [udp.go:126] [MC Server A] ä»workConnè¯»å–udpé”™è¯¯: EOF[0m
2025/12/28 22:36:03 [1;34m[I] [udp.go:140] [MC Server A] udpå·¥ä½œè¿æ¥çš„ç¼–å†™å™¨goroutineå…³é—­[0m
2025/12/28 22:36:03 [1;34m[I] [visitor_manager.go:77] gracefully shutdown visitor manager[0m
2025/12/28 22:36:03 [1;34m[I] [service.go:227] å°è¯•é‡æ–°è¿æ¥è‡³æœåŠ¡å™¨[0m
2025/12/28 22:36:04 [1;34m[I] [service.go:313] æˆåŠŸç™»å½•è‡³æœåŠ¡å™¨, è·å–åˆ°RunID [005c1fa12073f2ee][0m
2025/12/28 22:36:04 [1;34m[I] [proxy_manager.go:150] å·²æ·»åŠ éš§é“: [MC Server A MC Server B][0m
2025/12/28 22:36:04 [1;34m[I] [control.go:172] [MC Server A] æ˜ å°„å¯åŠ¨æˆåŠŸ, æ„Ÿè°¢æ‚¨ä½¿ç”¨ChmlFrp![0m
2025/12/28 22:36:04 [1;34m[I] [control.go:172] [MC Server B] æ˜ å°„å¯åŠ¨æˆåŠŸ, æ„Ÿè°¢æ‚¨ä½¿ç”¨ChmlFrp![0m
2025/12/28 22:36:05 [1;34m[I] [udp.go:91] [MC Server A] ä¼ å…¥udpä»£ç†çš„æ–°å·¥ä½œè¿æ¥, 218.93.206.195:11528[0m
2025/12/28 23:06:27 [1;31m[E] [proxy.go:197] [MC Server B] connect to local service [127.0.0.1:11520] error: dial tcp 127.0.0.1:11520: connect: connection refused[0m
2025/12/28 23:25:26 [1;34m[I] [control.go:252] æ­£åœ¨å’ŒæœåŠ¡å™¨æ–­å¼€é“¾æ¥...[0m
2025/12/28 23:25:26 [1;34m[I] [udp.go:140] [MC Server A] udpå·¥ä½œè¿æ¥çš„ç¼–å†™å™¨goroutineå…³é—­[0m
2025/12/28 23:25:26 [1;33m[W] [udp.go:126] [MC Server A] ä»workConnè¯»å–udpé”™è¯¯: EOF[0m
2025/12/28 23:25:26 [1;34m[I] [visitor_manager.go:77] gracefully shutdown visitor manager[0m
2025/12/28 23:25:26 [1;34m[I] [service.go:227] å°è¯•é‡æ–°è¿æ¥è‡³æœåŠ¡å™¨[0m
2025/12/28 23:25:27 [1;34m[I] [service.go:313] æˆåŠŸç™»å½•è‡³æœåŠ¡å™¨, è·å–åˆ°RunID [005c1fa12073f2ee][0m
2025/12/28 23:25:27 [1;34m[I] [proxy_manager.go:150] å·²æ·»åŠ éš§é“: [MC Server A MC Server B][0m
2025/12/28 23:25:28 [1;34m[I] [control.go:172] [MC Server A] æ˜ å°„å¯åŠ¨æˆåŠŸ, æ„Ÿè°¢æ‚¨ä½¿ç”¨ChmlFrp![0m
2025/12/28 23:25:28 [1;34m[I] [control.go:172] [MC Server B] æ˜ å°„å¯åŠ¨æˆåŠŸ, æ„Ÿè°¢æ‚¨ä½¿ç”¨ChmlFrp![0m
2025/12/28 23:25:28 [1;34m[I] [udp.go:91] [MC Server A] ä¼ å…¥udpä»£ç†çš„æ–°å·¥ä½œè¿æ¥, 218.93.206.195:11528[0m
2025/12/28 23:45:31 [1;31m[E] [proxy.go:197] [MC Server B] connect to local service [127.0.0.1:11520] error: dial tcp 127.0.0.1:11520: connect: connection refused[0m
2025/12/29 00:29:08 [1;31m[E] [proxy.go:197] [MC Server B] connect to local service [127.0.0.1:11520] error: dial tcp 127.0.0.1:11520: connect: connection refused[0m
2025/12/29 01:00:30 [1;31m[E] [proxy.go:197] [MC Server B] connect to local service [127.0.0.1:11520] error: dial tcp 127.0.0.1:11520: connect: connection refused[0m
2025/12/29 01:41:23 [1;31m[E] [proxy.go:197] [MC Server B] connect to local service [127.0.0.1:11520] error: dial tcp 127.0.0.1:11520: connect: connection refused[0m
2025/12/29 02:20:38 [1;31m[E] [proxy.go:197] [MC Server B] connect to local service [127.0.0.1:11520] error: dial tcp 127.0.0.1:11520: connect: connection refused[0m
2025/12/29 02:34:20 [1;31m[E] [proxy.go:197] [MC Server B] connect to local service [127.0.0.1:11520] error: dial tcp 127.0.0.1:11520: connect: connection refused[0m
[INFO] æ­£åœ¨å¯åŠ¨...
[INFO] ä»¿çœŸç»ˆç«¯æ¨¡å¼å·²ç”Ÿæ•ˆï¼Œæ‚¨å¯ä»¥ç›´æ¥åœ¨ç»ˆç«¯å†…ç›´æ¥è¾“å…¥å†…å®¹å¹¶ä½¿ç”¨ Ctrlï¼ŒTab ç­‰åŠŸèƒ½é”®
[INFO] å®ä¾‹å·²å¯åŠ¨...
2025/12/29 03:01:33 [1;34m[I] [root.go:125] æ¬¢è¿ä½¿ç”¨ChmlFrpæ˜ å°„å®¢æˆ·ç«¯![0m
2025/12/29 03:01:33 [1;34m[I] [root.go:135] ä»ChmlFrp APIè·å–é…ç½®æ–‡ä»¶...[0m
2025/12/29 03:01:33 [1;34m[I] [root.go:347] å¯åŠ¨é…ç½®æ–‡ä»¶çš„frpcæœåŠ¡ [frpc.ini][0m
2025/12/29 03:01:34 [1;34m[I] [service.go:313] æˆåŠŸç™»å½•è‡³æœåŠ¡å™¨, è·å–åˆ°RunID [2ce7c9f2a2450a5b][0m
2025/12/29 03:01:34 [1;34m[I] [proxy_manager.go:150] å·²æ·»åŠ éš§é“: [MC Server A MC Server B][0m
2025/12/29 03:01:34 [1;34m[I] [control.go:172] [MC Server B] æ˜ å°„å¯åŠ¨æˆåŠŸ, æ„Ÿè°¢æ‚¨ä½¿ç”¨ChmlFrp![0m
2025/12/29 03:01:34 [1;34m[I] [control.go:172] [MC Server A] æ˜ å°„å¯åŠ¨æˆåŠŸ, æ„Ÿè°¢æ‚¨ä½¿ç”¨ChmlFrp![0m
2025/12/29 03:01:35 [1;34m[I] [udp.go:91] [MC Server A] ä¼ å…¥udpä»£ç†çš„æ–°å·¥ä½œè¿æ¥, 218.93.206.195:11528[0m
2025/12/29 03:19:17 [1;31m[E] [proxy.go:197] [MC Server B] connect to local service [127.0.0.1:11520] error: dial tcp 127.0.0.1:11520: connect: connection refused[0m
2025/12/29 05:05:12 [1;34m[I] [control.go:252] æ­£åœ¨å’ŒæœåŠ¡å™¨æ–­å¼€é“¾æ¥...[0m
2025/12/29 05:05:12 [1;33m[W] [udp.go:126] [MC Server A] ä»workConnè¯»å–udpé”™è¯¯: EOF[0m
2025/12/29 05:05:12 [1;34m[I] [udp.go:140] [MC Server A] udpå·¥ä½œè¿æ¥çš„ç¼–å†™å™¨goroutineå…³é—­[0m
2025/12/29 05:05:12 [1;34m[I] [visitor_manager.go:77] gracefully shutdown visitor manager[0m
2025/12/29 05:05:12 [1;34m[I] [service.go:227] å°è¯•é‡æ–°è¿æ¥è‡³æœåŠ¡å™¨[0m
2025/12/29 05:05:13 [1;34m[I] [service.go:313] æˆåŠŸç™»å½•è‡³æœåŠ¡å™¨, è·å–åˆ°RunID [2ce7c9f2a2450a5b][0m
2025/12/29 05:05:13 [1;34m[I] [proxy_manager.go:150] å·²æ·»åŠ éš§é“: [MC Server A MC Server B][0m
2025/12/29 05:05:13 [1;34m[I] [control.go:172] [MC Server B] æ˜ å°„å¯åŠ¨æˆåŠŸ, æ„Ÿè°¢æ‚¨ä½¿ç”¨ChmlFrp![0m
2025/12/29 05:05:13 [1;34m[I] [control.go:172] [MC Server A] æ˜ å°„å¯åŠ¨æˆåŠŸ, æ„Ÿè°¢æ‚¨ä½¿ç”¨ChmlFrp![0m
2025/12/29 05:05:14 [1;34m[I] [udp.go:91] [MC Server A] ä¼ å…¥udpä»£ç†çš„æ–°å·¥ä½œè¿æ¥, 218.93.206.195:11528[0m
2025/12/29 22:47:09 [1;34m[I] [control.go:252] æ­£åœ¨å’ŒæœåŠ¡å™¨æ–­å¼€é“¾æ¥...[0m
2025/12/29 22:47:09 [1;33m[W] [udp.go:126] [MC Server A] ä»workConnè¯»å–udpé”™è¯¯: EOF[0m
2025/12/29 22:47:09 [1;34m[I] [udp.go:140] [MC Server A] udpå·¥ä½œè¿æ¥çš„ç¼–å†™å™¨goroutineå…³é—­[0m
2025/12/29 22:47:09 [1;34m[I] [visitor_manager.go:77] gracefully shutdown visitor manager[0m
2025/12/29 22:47:09 [1;34m[I] [service.go:227] å°è¯•é‡æ–°è¿æ¥è‡³æœåŠ¡å™¨[0m
2025/12/29 22:47:10 [1;34m[I] [service.go:313] æˆåŠŸç™»å½•è‡³æœåŠ¡å™¨, è·å–åˆ°RunID [2ce7c9f2a2450a5b][0m
2025/12/29 22:47:10 [1;34m[I] [proxy_manager.go:150] å·²æ·»åŠ éš§é“: [MC Server A MC Server B][0m
2025/12/29 22:47:10 [1;34m[I] [control.go:172] [MC Server B] æ˜ å°„å¯åŠ¨æˆåŠŸ, æ„Ÿè°¢æ‚¨ä½¿ç”¨ChmlFrp![0m
2025/12/29 22:47:10 [1;34m[I] [control.go:172] [MC Server A] æ˜ å°„å¯åŠ¨æˆåŠŸ, æ„Ÿè°¢æ‚¨ä½¿ç”¨ChmlFrp![0m
2025/12/29 22:47:11 [1;34m[I] [udp.go:91] [MC Server A] ä¼ å…¥udpä»£ç†çš„æ–°å·¥ä½œè¿æ¥, 218.93.206.195:11528[0m
[INFO] æ­£åœ¨å¯åŠ¨...
[INFO] ä»¿çœŸç»ˆç«¯æ¨¡å¼å·²ç”Ÿæ•ˆï¼Œæ‚¨å¯ä»¥ç›´æ¥åœ¨ç»ˆç«¯å†…ç›´æ¥è¾“å…¥å†…å®¹å¹¶ä½¿ç”¨ Ctrlï¼ŒTab ç­‰åŠŸèƒ½é”®
[INFO] å®ä¾‹å·²å¯åŠ¨...
2026/01/11 03:01:36 [1;34m[I] [root.go:125] æ¬¢è¿ä½¿ç”¨ChmlFrpæ˜ å°„å®¢æˆ·ç«¯![0m
2026/01/11 03:01:36 [1;34m[I] [root.go:135] ä»ChmlFrp APIè·å–é…ç½®æ–‡ä»¶...[0m
2026/01/11 03:01:36 [1;34m[I] [root.go:347] å¯åŠ¨é…ç½®æ–‡ä»¶çš„frpcæœåŠ¡ [frpc.ini][0m
2026/01/11 03:01:37 [1;34m[I] [service.go:313] æˆåŠŸç™»å½•è‡³æœåŠ¡å™¨, è·å–åˆ°RunID [b2dc927afea5f719][0m
2026/01/11 03:01:37 [1;34m[I] [proxy_manager.go:150] å·²æ·»åŠ éš§é“: [MC Server A MC Server B][0m
2026/01/11 03:01:37 [1;33m[W] [control.go:170] [MC Server A] å¯åŠ¨å¤±è´¥: acquire port 11520 error: port already used[0m
2026/01/11 03:01:37 [1;33m[W] [control.go:170] [MC Server B] å¯åŠ¨å¤±è´¥: port already used[0m
2026/01/11 03:02:10 [1;33m[W] [control.go:170] [MC Server A] å¯åŠ¨å¤±è´¥: acquire port 11520 error: port already used[0m
2026/01/11 03:02:10 [1;33m[W] [control.go:170] [MC Server B] å¯åŠ¨å¤±è´¥: port already used[0m
2026/01/11 03:02:43 [1;33m[W] [control.go:170] [MC Server A] å¯åŠ¨å¤±è´¥: acquire port 11520 error: port already used[0m
2026/01/11 03:02:43 [1;33m[W] [control.go:170] [MC Server B] å¯åŠ¨å¤±è´¥: port already used[0m
2026/01/11 03:03:16 [1;33m[W] [control.go:170] [MC Server B] å¯åŠ¨å¤±è´¥: port already used[0m
2026/01/11 03:03:16 [1;33m[W] [control.go:170] [MC Server A] å¯åŠ¨å¤±è´¥: acquire port 11520 error: port already used[0m
2026/01/11 03:03:49 [1;33m[W] [control.go:170] [MC Server B] å¯åŠ¨å¤±è´¥: port already used[0m
2026/01/11 03:03:49 [1;33m[W] [control.go:170] [MC Server A] å¯åŠ¨å¤±è´¥: acquire port 11520 error: port already used[0m
2026/01/11 03:04:22 [1;33m[W] [control.go:170] [MC Server B] å¯åŠ¨å¤±è´¥: port already used[0m
2026/01/11 03:04:22 [1;33m[W] [control.go:170] [MC Server A] å¯åŠ¨å¤±è´¥: acquire port 11520 error: port already used[0m
2026/01/11 03:04:55 [1;33m[W] [control.go:170] [MC Server A] å¯åŠ¨å¤±è´¥: acquire port 11520 error: port already used[0m
2026/01/11 03:04:55 [1;33m[W] [control.go:170] [MC Server B] å¯åŠ¨å¤±è´¥: port already used[0m
2026/01/11 03:05:28 [1;33m[W] [control.go:170] [MC Server B] å¯åŠ¨å¤±è´¥: port already used[0m
2026/01/11 03:05:28 [1;33m[W] [control.go:170] [MC Server A] å¯åŠ¨å¤±è´¥: acquire port 11520 error: port already used[0m
2026/01/11 03:06:01 [1;33m[W] [control.go:170] [MC Server A] å¯åŠ¨å¤±è´¥: acquire port 11520 error: port already used[0m
2026/01/11 03:06:01 [1;33m[W] [control.go:170] [MC Server B] å¯åŠ¨å¤±è´¥: port already used[0m
2026/01/11 03:06:34 [1;33m[W] [control.go:170] [MC Server B] å¯åŠ¨å¤±è´¥: port already used[0m
2026/01/11 03:06:34 [1;33m[W] [control.go:170] [MC Server A] å¯åŠ¨å¤±è´¥: acquire port 11520 error: port already used[0m
2026/01/11 03:07:07 [1;33m[W] [control.go:170] [MC Server B] å¯åŠ¨å¤±è´¥: port already used[0m
2026/01/11 03:07:07 [1;33m[W] [control.go:170] [MC Server A] å¯åŠ¨å¤±è´¥: acquire port 11520 error: port already used[0m
2026/01/11 03:07:40 [1;33m[W] [control.go:170] [MC Server A] å¯åŠ¨å¤±è´¥: acquire port 11520 error: port already used[0m
2026/01/11 03:07:40 [1;33m[W] [control.go:170] [MC Server B] å¯åŠ¨å¤±è´¥: port already used[0m
2026/01/11 03:08:13 [1;33m[W] [control.go:170] [MC Server B] å¯åŠ¨å¤±è´¥: port already used[0m
2026/01/11 03:08:13 [1;33m[W] [control.go:170] [MC Server A] å¯åŠ¨å¤±è´¥: acquire port 11520 error: port already used[0m
2026/01/11 03:08:46 [1;33m[W] [control.go:170] [MC Server A] å¯åŠ¨å¤±è´¥: acquire port 11520 error: port already used[0m
2026/01/11 03:08:46 [1;33m[W] [control.go:170] [MC Server B] å¯åŠ¨å¤±è´¥: port already used[0m
2026/01/11 03:09:19 [1;33m[W] [control.go:170] [MC Server A] å¯åŠ¨å¤±è´¥: acquire port 11520 error: port already used[0m
2026/01/11 03:09:19 [1;33m[W] [control.go:170] [MC Server B] å¯åŠ¨å¤±è´¥: port already used[0m
2026/01/11 03:09:52 [1;33m[W] [control.go:170] [MC Server A] å¯åŠ¨å¤±è´¥: acquire port 11520 error: port already used[0m
2026/01/11 03:09:52 [1;33m[W] [control.go:170] [MC Server B] å¯åŠ¨å¤±è´¥: port already used[0m
2026/01/11 03:10:25 [1;33m[W] [control.go:170] [MC Server A] å¯åŠ¨å¤±è´¥: acquire port 11520 error: port already used[0m
2026/01/11 03:10:25 [1;33m[W] [control.go:170] [MC Server B] å¯åŠ¨å¤±è´¥: port already used[0m
2026/01/11 03:10:58 [1;33m[W] [control.go:170] [MC Server A] å¯åŠ¨å¤±è´¥: acquire port 11520 error: port already used[0m
2026/01/11 03:10:58 [1;33m[W] [control.go:170] [MC Server B] å¯åŠ¨å¤±è´¥: port already used[0m
2026/01/11 03:11:31 [1;33m[W] [control.go:170] [MC Server A] å¯åŠ¨å¤±è´¥: acquire port 11520 error: port already used[0m
2026/01/11 03:11:31 [1;33m[W] [control.go:170] [MC Server B] å¯åŠ¨å¤±è´¥: port already used[0m
2026/01/11 03:12:04 [1;33m[W] [control.go:170] [MC Server B] å¯åŠ¨å¤±è´¥: port already used[0m
2026/01/11 03:12:04 [1;33m[W] [control.go:170] [MC Server A] å¯åŠ¨å¤±è´¥: acquire port 11520 error: port already used[0m
2026/01/11 03:12:37 [1;33m[W] [control.go:170] [MC Server B] å¯åŠ¨å¤±è´¥: port already used[0m
2026/01/11 03:12:37 [1;33m[W] [control.go:170] [MC Server A] å¯åŠ¨å¤±è´¥: acquire port 11520 error: port already used[0m
2026/01/11 03:13:10 [1;33m[W] [control.go:170] [MC Server B] å¯åŠ¨å¤±è´¥: port already used[0m
2026/01/11 03:13:10 [1;33m[W] [control.go:170] [MC Server A] å¯åŠ¨å¤±è´¥: acquire port 11520 error: port already used[0m
2026/01/11 03:13:43 [1;33m[W] [control.go:170] [MC Server A] å¯åŠ¨å¤±è´¥: acquire port 11520 error: port already used[0m
2026/01/11 03:13:43 [1;33m[W] [control.go:170] [MC Server B] å¯åŠ¨å¤±è´¥: port already used[0m
2026/01/11 03:14:16 [1;33m[W] [control.go:170] [MC Server A] å¯åŠ¨å¤±è´¥: acquire port 11520 error: port already used[0m
2026/01/11 03:14:16 [1;33m[W] [control.go:170] [MC Server B] å¯åŠ¨å¤±è´¥: port already used[0m
2026/01/11 03:14:49 [1;33m[W] [control.go:170] [MC Server B] å¯åŠ¨å¤±è´¥: port already used[0m
2026/01/11 03:14:49 [1;33m[W] [control.go:170] [MC Server A] å¯åŠ¨å¤±è´¥: acquire port 11520 error: port already used[0m
2026/01/11 03:15:22 [1;33m[W] [control.go:170] [MC Server A] å¯åŠ¨å¤±è´¥: acquire port 11520 error: port already used[0m
2026/01/11 03:15:22 [1;33m[W] [control.go:170] [MC Server B] å¯åŠ¨å¤±è´¥: port already used[0m
2026/01/11 03:15:55 [1;33m[W] [control.go:170] [MC Server B] å¯åŠ¨å¤±è´¥: port already used[0m
2026/01/11 03:15:55 [1;33m[W] [control.go:170] [MC Server A] å¯åŠ¨å¤±è´¥: acquire port 11520 error: port already used[0m
2026/01/11 03:16:28 [1;33m[W] [control.go:170] [MC Server A] å¯åŠ¨å¤±è´¥: acquire port 11520 error: port already used[0m
2026/01/11 03:16:28 [1;33m[W] [control.go:170] [MC Server B] å¯åŠ¨å¤±è´¥: port already used[0m
2026/01/11 03:17:01 [1;33m[W] [control.go:170] [MC Server A] å¯åŠ¨å¤±è´¥: acquire port 11520 error: port already used[0m
2026/01/11 03:17:01 [1;33m[W] [control.go:170] [MC Server B] å¯åŠ¨å¤±è´¥: port already used[0m
2026/01/11 03:17:34 [1;33m[W] [control.go:170] [MC Server A] å¯åŠ¨å¤±è´¥: acquire port 11520 error: port already used[0m
2026/01/11 03:17:34 [1;33m[W] [control.go:170] [MC Server B] å¯åŠ¨å¤±è´¥: port already used[0m
2026/01/11 03:18:07 [1;33m[W] [control.go:170] [MC Server A] å¯åŠ¨å¤±è´¥: acquire port 11520 error: port already used[0m
2026/01/11 03:18:07 [1;33m[W] [control.go:170] [MC Server B] å¯åŠ¨å¤±è´¥: port already used[0m
2026/01/11 03:18:40 [1;33m[W] [control.go:170] [MC Server A] å¯åŠ¨å¤±è´¥: acquire port 11520 error: port already used[0m
2026/01/11 03:18:40 [1;33m[W] [control.go:170] [MC Server B] å¯åŠ¨å¤±è´¥: port already used[0m
2026/01/11 03:19:13 [1;33m[W] [control.go:170] [MC Server B] å¯åŠ¨å¤±è´¥: port already used[0m
2026/01/11 03:19:13 [1;33m[W] [control.go:170] [MC Server A] å¯åŠ¨å¤±è´¥: acquire port 11520 error: port already used[0m
2026/01/11 03:19:46 [1;33m[W] [control.go:170] [MC Server B] å¯åŠ¨å¤±è´¥: port already used[0m
2026/01/11 03:19:46 [1;33m[W] [control.go:170] [MC Server A] å¯åŠ¨å¤±è´¥: acquire port 11520 error: port already used[0m
2026/01/11 03:20:19 [1;33m[W] [control.go:170] [MC Server A] å¯åŠ¨å¤±è´¥: acquire port 11520 error: port already used[0m
2026/01/11 03:20:19 [1;33m[W] [control.go:170] [MC Server B] å¯åŠ¨å¤±è´¥: port already used[0m
2026/01/11 03:20:52 [1;33m[W] [control.go:170] [MC Server A] å¯åŠ¨å¤±è´¥: acquire port 11520 error: port already used[0m
2026/01/11 03:20:52 [1;33m[W] [control.go:170] [MC Server B] å¯åŠ¨å¤±è´¥: port already used[0m
2026/01/11 03:21:25 [1;33m[W] [control.go:170] [MC Server B] å¯åŠ¨å¤±è´¥: port already used[0m
2026/01/11 03:21:25 [1;33m[W] [control.go:170] [MC Server A] å¯åŠ¨å¤±è´¥: acquire port 11520 error: port already used[0m
2026/01/11 03:21:58 [1;33m[W] [control.go:170] [MC Server A] å¯åŠ¨å¤±è´¥: acquire port 11520 error: port already used[0m
2026/01/11 03:21:58 [1;33m[W] [control.go:170] [MC Server B] å¯åŠ¨å¤±è´¥: port already used[0m
2026/01/11 03:22:31 [1;33m[W] [control.go:170] [MC Server A] å¯åŠ¨å¤±è´¥: acquire port 11520 error: port already used[0m
2026/01/11 03:22:31 [1;33m[W] [control.go:170] [MC Server B] å¯åŠ¨å¤±è´¥: port already used[0m
2026/01/11 03:23:04 [1;33m[W] [control.go:170] [MC Server A] å¯åŠ¨å¤±è´¥: acquire port 11520 error: port already used[0m
2026/01/11 03:23:04 [1;33m[W] [control.go:170] [MC Server B] å¯åŠ¨å¤±è´¥: port already used[0m
2026/01/11 03:23:37 [1;33m[W] [control.go:170] [MC Server A] å¯åŠ¨å¤±è´¥: acquire port 11520 error: port already used[0m
2026/01/11 03:23:37 [1;33m[W] [control.go:170] [MC Server B] å¯åŠ¨å¤±è´¥: port already used[0m
2026/01/11 03:24:10 [1;33m[W] [control.go:170] [MC Server B] å¯åŠ¨å¤±è´¥: port already used[0m
2026/01/11 03:24:10 [1;33m[W] [control.go:170] [MC Server A] å¯åŠ¨å¤±è´¥: acquire port 11520 error: port already used[0m
2026/01/11 03:24:44 [1;33m[W] [control.go:170] [MC Server B] å¯åŠ¨å¤±è´¥: port already used[0m
2026/01/11 03:24:44 [1;33m[W] [control.go:170] [MC Server A] å¯åŠ¨å¤±è´¥: acquire port 11520 error: port already used[0m
2026/01/11 03:25:17 [1;33m[W] [control.go:170] [MC Server A] å¯åŠ¨å¤±è´¥: acquire port 11520 error: port already used[0m
2026/01/11 03:25:17 [1;33m[W] [control.go:170] [MC Server B] å¯åŠ¨å¤±è´¥: port already used[0m
2026/01/11 03:25:50 [1;33m[W] [control.go:170] [MC Server B] å¯åŠ¨å¤±è´¥: port already used[0m
2026/01/11 03:25:50 [1;33m[W] [control.go:170] [MC Server A] å¯åŠ¨å¤±è´¥: acquire port 11520 error: port already used[0m
2026/01/11 03:26:23 [1;33m[W] [control.go:170] [MC Server B] å¯åŠ¨å¤±è´¥: port already used[0m
2026/01/11 03:26:23 [1;33m[W] [control.go:170] [MC Server A] å¯åŠ¨å¤±è´¥: acquire port 11520 error: port already used[0m
2026/01/11 03:26:56 [1;33m[W] [control.go:170] [MC Server B] å¯åŠ¨å¤±è´¥: port already used[0m
2026/01/11 03:26:56 [1;33m[W] [control.go:170] [MC Server A] å¯åŠ¨å¤±è´¥: acquire port 11520 error: port already used[0m
2026/01/11 03:27:29 [1;33m[W] [control.go:170] [MC Server B] å¯åŠ¨å¤±è´¥: port already used[0m
2026/01/11 03:27:29 [1;33m[W] [control.go:170] [MC Server A] å¯åŠ¨å¤±è´¥: acquire port 11520 error: port already used[0m
2026/01/11 03:28:02 [1;33m[W] [control.go:170] [MC Server A] å¯åŠ¨å¤±è´¥: acquire port 11520 error: port already used[0m
2026/01/11 03:28:02 [1;33m[W] [control.go:170] [MC Server B] å¯åŠ¨å¤±è´¥: port already used[0m
2026/01/11 03:28:35 [1;33m[W] [control.go:170] [MC Server B] å¯åŠ¨å¤±è´¥: port already used[0m
2026/01/11 03:28:35 [1;33m[W] [control.go:170] [MC Server A] å¯åŠ¨å¤±è´¥: acquire port 11520 error: port already used[0m
2026/01/11 03:29:08 [1;33m[W] [control.go:170] [MC Server A] å¯åŠ¨å¤±è´¥: acquire port 11520 error: port already used[0m
2026/01/11 03:29:08 [1;33m[W] [control.go:170] [MC Server B] å¯åŠ¨å¤±è´¥: port already used[0m
2026/01/11 03:29:41 [1;33m[W] [control.go:170] [MC Server A] å¯åŠ¨å¤±è´¥: acquire port 11520 error: port already used[0m
2026/01/11 03:29:41 [1;33m[W] [control.go:170] [MC Server B] å¯åŠ¨å¤±è´¥: port already used[0m
2026/01/11 03:30:14 [1;33m[W] [control.go:170] [MC Server A] å¯åŠ¨å¤±è´¥: acquire port 11520 error: port already used[0m
2026/01/11 03:30:14 [1;33m[W] [control.go:170] [MC Server B] å¯åŠ¨å¤±è´¥: port already used[0m
2026/01/11 03:30:47 [1;33m[W] [control.go:170] [MC Server B] å¯åŠ¨å¤±è´¥: port already used[0m
2026/01/11 03:30:47 [1;33m[W] [control.go:170] [MC Server A] å¯åŠ¨å¤±è´¥: acquire port 11520 error: port already used[0m
2026/01/11 03:31:20 [1;33m[W] [control.go:170] [MC Server A] å¯åŠ¨å¤±è´¥: acquire port 11520 error: port already used[0m
2026/01/11 03:31:20 [1;33m[W] [control.go:170] [MC Server B] å¯åŠ¨å¤±è´¥: port already used[0m
2026/01/11 03:31:53 [1;33m[W] [control.go:170] [MC Server B] å¯åŠ¨å¤±è´¥: port already used[0m
2026/01/11 03:31:53 [1;33m[W] [control.go:170] [MC Server A] å¯åŠ¨å¤±è´¥: acquire port 11520 error: port already used[0m
2026/01/11 03:32:26 [1;33m[W] [control.go:170] [MC Server B] å¯åŠ¨å¤±è´¥: port already used[0m
2026/01/11 03:32:26 [1;33m[W] [control.go:170] [MC Server A] å¯åŠ¨å¤±è´¥: acquire port 11520 error: port already used[0m
2026/01/11 03:32:59 [1;33m[W] [control.go:170] [MC Server A] å¯åŠ¨å¤±è´¥: acquire port 11520 error: port already used[0m
2026/01/11 03:32:59 [1;33m[W] [control.go:170] [MC Server B] å¯åŠ¨å¤±è´¥: port already used[0m
2026/01/11 03:33:32 [1;33m[W] [control.go:170] [MC Server A] å¯åŠ¨å¤±è´¥: acquire port 11520 error: port already used[0m
2026/01/11 03:33:32 [1;33m[W] [control.go:170] [MC Server B] å¯åŠ¨å¤±è´¥: port already used[0m
2026/01/11 03:34:05 [1;33m[W] [control.go:170] [MC Server B] å¯åŠ¨å¤±è´¥: port already used[0m
2026/01/11 03:34:05 [1;33m[W] [control.go:170] [MC Server A] å¯åŠ¨å¤±è´¥: acquire port 11520 error: port already used[0m
2026/01/11 03:34:38 [1;33m[W] [control.go:170] [MC Server B] å¯åŠ¨å¤±è´¥: port already used[0m
2026/01/11 03:34:38 [1;33m[W] [control.go:170] [MC Server A] å¯åŠ¨å¤±è´¥: acquire port 11520 error: port already used[0m
2026/01/11 03:35:11 [1;33m[W] [control.go:170] [MC Server B] å¯åŠ¨å¤±è´¥: port already used[0m
2026/01/11 03:35:11 [1;33m[W] [control.go:170] [MC Server A] å¯åŠ¨å¤±è´¥: acquire port 11520 error: port already used[0m
2026/01/11 03:35:44 [1;33m[W] [control.go:170] [MC Server B] å¯åŠ¨å¤±è´¥: port already used[0m
2026/01/11 03:35:44 [1;33m[W] [control.go:170] [MC Server A] å¯åŠ¨å¤±è´¥: acquire port 11520 error: port already used[0m
2026/01/11 03:36:17 [1;33m[W] [control.go:170] [MC Server B] å¯åŠ¨å¤±è´¥: port already used[0m
2026/01/11 03:36:17 [1;33m[W] [control.go:170] [MC Server A] å¯åŠ¨å¤±è´¥: acquire port 11520 error: port already used[0m
2026/01/11 03:36:50 [1;33m[W] [control.go:170] [MC Server A] å¯åŠ¨å¤±è´¥: acquire port 11520 error: port already used[0m
2026/01/11 03:36:50 [1;33m[W] [control.go:170] [MC Server B] å¯åŠ¨å¤±è´¥: port already used[0m
2026/01/11 03:37:23 [1;33m[W] [control.go:170] [MC Server A] å¯åŠ¨å¤±è´¥: acquire port 11520 error: port already used[0m
2026/01/11 03:37:23 [1;33m[W] [control.go:170] [MC Server B] å¯åŠ¨å¤±è´¥: port already used[0m
2026/01/11 03:37:56 [1;33m[W] [control.go:170] [MC Server A] å¯åŠ¨å¤±è´¥: acquire port 11520 error: port already used[0m
2026/01/11 03:37:56 [1;33m[W] [control.go:170] [MC Server B] å¯åŠ¨å¤±è´¥: port already used[0m
2026/01/11 03:38:29 [1;33m[W] [control.go:170] [MC Server A] å¯åŠ¨å¤±è´¥: acquire port 11520 error: port already used[0m
2026/01/11 03:38:29 [1;33m[W] [control.go:170] [MC Server B] å¯åŠ¨å¤±è´¥: port already used[0m
2026/01/11 03:39:02 [1;33m[W] [control.go:170] [MC Server B] å¯åŠ¨å¤±è´¥: port already used[0m
2026/01/11 03:39:02 [1;33m[W] [control.go:170] [MC Server A] å¯åŠ¨å¤±è´¥: acquire port 11520 error: port already used[0m
2026/01/11 03:39:35 [1;33m[W] [control.go:170] [MC Server A] å¯åŠ¨å¤±è´¥: acquire port 11520 error: port already used[0m
2026/01/11 03:39:35 [1;33m[W] [control.go:170] [MC Server B] å¯åŠ¨å¤±è´¥: port already used[0m
2026/01/11 03:40:08 [1;33m[W] [control.go:170] [MC Server B] å¯åŠ¨å¤±è´¥: port already used[0m
2026/01/11 03:40:08 [1;33m[W] [control.go:170] [MC Server A] å¯åŠ¨å¤±è´¥: acquire port 11520 error: port already used[0m
2026/01/11 03:40:41 [1;33m[W] [control.go:170] [MC Server A] å¯åŠ¨å¤±è´¥: acquire port 11520 error: port already used[0m
2026/01/11 03:40:41 [1;33m[W] [control.go:170] [MC Server B] å¯åŠ¨å¤±è´¥: port already used[0m
2026/01/11 03:41:14 [1;33m[W] [control.go:170] [MC Server B] å¯åŠ¨å¤±è´¥: port already used[0m
2026/01/11 03:41:14 [1;33m[W] [control.go:170] [MC Server A] å¯åŠ¨å¤±è´¥: acquire port 11520 error: port already used[0m
2026/01/11 03:41:47 [1;33m[W] [control.go:170] [MC Server B] å¯åŠ¨å¤±è´¥: port already used[0m
2026/01/11 03:41:47 [1;33m[W] [control.go:170] [MC Server A] å¯åŠ¨å¤±è´¥: acquire port 11520 error: port already used[0m
2026/01/11 03:42:20 [1;33m[W] [control.go:170] [MC Server B] å¯åŠ¨å¤±è´¥: port already used[0m
2026/01/11 03:42:20 [1;33m[W] [control.go:170] [MC Server A] å¯åŠ¨å¤±è´¥: acquire port 11520 error: port already used[0m
2026/01/11 03:42:53 [1;33m[W] [control.go:170] [MC Server B] å¯åŠ¨å¤±è´¥: port already used[0m
2026/01/11 03:42:53 [1;33m[W] [control.go:170] [MC Server A] å¯åŠ¨å¤±è´¥: acquire port 11520 error: port already used[0m
2026/01/11 03:43:26 [1;33m[W] [control.go:170] [MC Server B] å¯åŠ¨å¤±è´¥: port already used[0m
2026/01/11 03:43:26 [1;33m[W] [control.go:170] [MC Server A] å¯åŠ¨å¤±è´¥: acquire port 11520 error: port already used[0m
2026/01/11 03:43:59 [1;33m[W] [control.go:170] [MC Server B] å¯åŠ¨å¤±è´¥: port already used[0m
2026/01/11 03:43:59 [1;33m[W] [control.go:170] [MC Server A] å¯åŠ¨å¤±è´¥: acquire port 11520 error: port already used[0m
2026/01/11 03:44:32 [1;33m[W] [control.go:170] [MC Server A] å¯åŠ¨å¤±è´¥: acquire port 11520 error: port already used[0m
2026/01/11 03:44:32 [1;33m[W] [control.go:170] [MC Server B] å¯åŠ¨å¤±è´¥: port already used[0m
2026/01/11 03:45:05 [1;33m[W] [control.go:170] [MC Server B] å¯åŠ¨å¤±è´¥: port already used[0m
2026/01/11 03:45:05 [1;33m[W] [control.go:170] [MC Server A] å¯åŠ¨å¤±è´¥: acquire port 11520 error: port already used[0m
2026/01/11 03:45:38 [1;33m[W] [control.go:170] [MC Server B] å¯åŠ¨å¤±è´¥: port already used[0m
2026/01/11 03:45:38 [1;33m[W] [control.go:170] [MC Server A] å¯åŠ¨å¤±è´¥: acquire port 11520 error: port already used[0m
2026/01/11 03:46:11 [1;33m[W] [control.go:170] [MC Server A] å¯åŠ¨å¤±è´¥: acquire port 11520 error: port already used[0m
2026/01/11 03:46:11 [1;33m[W] [control.go:170] [MC Server B] å¯åŠ¨å¤±è´¥: port already used[0m
2026/01/11 03:46:44 [1;33m[W] [control.go:170] [MC Server A] å¯åŠ¨å¤±è´¥: acquire port 11520 error: port already used[0m
2026/01/11 03:46:44 [1;33m[W] [control.go:170] [MC Server B] å¯åŠ¨å¤±è´¥: port already used[0m
2026/01/11 03:47:17 [1;33m[W] [control.go:170] [MC Server A] å¯åŠ¨å¤±è´¥: acquire port 11520 error: port already used[0m
2026/01/11 03:47:17 [1;33m[W] [control.go:170] [MC Server B] å¯åŠ¨å¤±è´¥: port already used[0m
2026/01/11 03:47:50 [1;33m[W] [control.go:170] [MC Server A] å¯åŠ¨å¤±è´¥: acquire port 11520 error: port already used[0m
2026/01/11 03:47:50 [1;33m[W] [control.go:170] [MC Server B] å¯åŠ¨å¤±è´¥: port already used[0m
2026/01/11 03:48:23 [1;33m[W] [control.go:170] [MC Server A] å¯åŠ¨å¤±è´¥: acquire port 11520 error: port already used[0m
2026/01/11 03:48:23 [1;33m[W] [control.go:170] [MC Server B] å¯åŠ¨å¤±è´¥: port already used[0m
2026/01/11 03:48:56 [1;33m[W] [control.go:170] [MC Server A] å¯åŠ¨å¤±è´¥: acquire port 11520 error: port already used[0m
2026/01/11 03:48:56 [1;33m[W] [control.go:170] [MC Server B] å¯åŠ¨å¤±è´¥: port already used[0m
2026/01/11 03:49:29 [1;33m[W] [control.go:170] [MC Server B] å¯åŠ¨å¤±è´¥: port already used[0m
2026/01/11 03:49:29 [1;33m[W] [control.go:170] [MC Server A] å¯åŠ¨å¤±è´¥: acquire port 11520 error: port already used[0m
2026/01/11 03:50:02 [1;33m[W] [control.go:170] [MC Server B] å¯åŠ¨å¤±è´¥: port already used[0m
2026/01/11 03:50:02 [1;33m[W] [control.go:170] [MC Server A] å¯åŠ¨å¤±è´¥: acquire port 11520 error: port already used[0m
2026/01/11 03:50:35 [1;33m[W] [control.go:170] [MC Server A] å¯åŠ¨å¤±è´¥: acquire port 11520 error: port already used[0m
2026/01/11 03:50:35 [1;33m[W] [control.go:170] [MC Server B] å¯åŠ¨å¤±è´¥: port already used[0m
2026/01/11 03:51:08 [1;33m[W] [control.go:170] [MC Server B] å¯åŠ¨å¤±è´¥: port already used[0m
2026/01/11 03:51:08 [1;33m[W] [control.go:170] [MC Server A] å¯åŠ¨å¤±è´¥: acquire port 11520 error: port already used[0m
2026/01/11 03:51:41 [1;33m[W] [control.go:170] [MC Server A] å¯åŠ¨å¤±è´¥: acquire port 11520 error: port already used[0m
2026/01/11 03:51:41 [1;33m[W] [control.go:170] [MC Server B] å¯åŠ¨å¤±è´¥: port already used[0m
2026/01/11 03:52:14 [1;33m[W] [control.go:170] [MC Server B] å¯åŠ¨å¤±è´¥: port already used[0m
2026/01/11 03:52:14 [1;33m[W] [control.go:170] [MC Server A] å¯åŠ¨å¤±è´¥: acquire port 11520 error: port already used[0m
2026/01/11 03:52:47 [1;33m[W] [control.go:170] [MC Server A] å¯åŠ¨å¤±è´¥: acquire port 11520 error: port already used[0m
2026/01/11 03:52:47 [1;33m[W] [control.go:170] [MC Server B] å¯åŠ¨å¤±è´¥: port already used[0m
2026/01/11 03:53:20 [1;33m[W] [control.go:170] [MC Server B] å¯åŠ¨å¤±è´¥: port already used[0m
2026/01/11 03:53:20 [1;33m[W] [control.go:170] [MC Server A] å¯åŠ¨å¤±è´¥: acquire port 11520 error: port already used[0m
2026/01/11 03:53:53 [1;33m[W] [control.go:170] [MC Server A] å¯åŠ¨å¤±è´¥: acquire port 11520 error: port already used[0m
2026/01/11 03:53:53 [1;33m[W] [control.go:170] [MC Server B] å¯åŠ¨å¤±è´¥: port already used[0m
2026/01/11 03:54:26 [1;33m[W] [control.go:170] [MC Server A] å¯åŠ¨å¤±è´¥: acquire port 11520 error: port already used[0m
2026/01/11 03:54:26 [1;33m[W] [control.go:170] [MC Server B] å¯åŠ¨å¤±è´¥: port already used[0m
2026/01/11 03:54:59 [1;33m[W] [control.go:170] [MC Server A] å¯åŠ¨å¤±è´¥: acquire port 11520 error: port already used[0m
2026/01/11 03:54:59 [1;33m[W] [control.go:170] [MC Server B] å¯åŠ¨å¤±è´¥: port already used[0m
2026/01/11 03:55:32 [1;33m[W] [control.go:170] [MC Server B] å¯åŠ¨å¤±è´¥: port already used[0m
2026/01/11 03:55:32 [1;33m[W] [control.go:170] [MC Server A] å¯åŠ¨å¤±è´¥: acquire port 11520 error: port already used[0m
2026/01/11 03:56:05 [1;33m[W] [control.go:170] [MC Server B] å¯åŠ¨å¤±è´¥: port already used[0m
2026/01/11 03:56:05 [1;33m[W] [control.go:170] [MC Server A] å¯åŠ¨å¤±è´¥: acquire port 11520 error: port already used[0m
2026/01/11 03:56:38 [1;33m[W] [control.go:170] [MC Server B] å¯åŠ¨å¤±è´¥: port already used[0m
2026/01/11 03:56:38 [1;33m[W] [control.go:170] [MC Server A] å¯åŠ¨å¤±è´¥: acquire port 11520 error: port already used[0m
2026/01/11 03:57:11 [1;33m[W] [control.go:170] [MC Server A] å¯åŠ¨å¤±è´¥: acquire port 11520 error: port already used[0m
2026/01/11 03:57:11 [1;33m[W] [control.go:170] [MC Server B] å¯åŠ¨å¤±è´¥: port already used[0m
2026/01/11 03:57:44 [1;33m[W] [control.go:170] [MC Server A] å¯åŠ¨å¤±è´¥: acquire port 11520 error: port already used[0m
2026/01/11 03:57:44 [1;33m[W] [control.go:170] [MC Server B] å¯åŠ¨å¤±è´¥: port already used[0m
2026/01/11 03:58:17 [1;33m[W] [control.go:170] [MC Server B] å¯åŠ¨å¤±è´¥: port already used[0m
2026/01/11 03:58:17 [1;33m[W] [control.go:170] [MC Server A] å¯åŠ¨å¤±è´¥: acquire port 11520 error: port already used[0m
2026/01/11 03:58:50 [1;33m[W] [control.go:170] [MC Server A] å¯åŠ¨å¤±è´¥: acquire port 11520 error: port already used[0m
2026/01/11 03:58:50 [1;33m[W] [control.go:170] [MC Server B] å¯åŠ¨å¤±è´¥: port already used[0m
2026/01/11 03:59:23 [1;33m[W] [control.go:170] [MC Server A] å¯åŠ¨å¤±è´¥: acquire port 11520 error: port already used[0m
2026/01/11 03:59:23 [1;33m[W] [control.go:170] [MC Server B] å¯åŠ¨å¤±è´¥: port already used[0m
2026/01/11 03:59:56 [1;33m[W] [control.go:170] [MC Server B] å¯åŠ¨å¤±è´¥: port already used[0m
2026/01/11 03:59:56 [1;33m[W] [control.go:170] [MC Server A] å¯åŠ¨å¤±è´¥: acquire port 11520 error: port already used[0m
2026/01/11 04:00:29 [1;33m[W] [control.go:170] [MC Server A] å¯åŠ¨å¤±è´¥: acquire port 11520 error: port already used[0m
2026/01/11 04:00:29 [1;33m[W] [control.go:170] [MC Server B] å¯åŠ¨å¤±è´¥: port already used[0m
2026/01/11 04:01:03 [1;33m[W] [control.go:170] [MC Server B] å¯åŠ¨å¤±è´¥: port already used[0m
2026/01/11 04:01:03 [1;33m[W] [control.go:170] [MC Server A] å¯åŠ¨å¤±è´¥: acquire port 11520 error: port already used[0m
2026/01/11 04:01:36 [1;33m[W] [control.go:170] [MC Server A] å¯åŠ¨å¤±è´¥: acquire port 11520 error: port already used[0m
2026/01/11 04:01:36 [1;33m[W] [control.go:170] [MC Server B] å¯åŠ¨å¤±è´¥: port already used[0m
2026/01/11 04:02:09 [1;34m[I] [control.go:172] [MC Server B] æ˜ å°„å¯åŠ¨æˆåŠŸ, æ„Ÿè°¢æ‚¨ä½¿ç”¨ChmlFrp![0m
2026/01/11 04:02:09 [1;34m[I] [control.go:172] [MC Server A] æ˜ å°„å¯åŠ¨æˆåŠŸ, æ„Ÿè°¢æ‚¨ä½¿ç”¨ChmlFrp![0m
2026/01/11 04:02:09 [1;34m[I] [udp.go:91] [MC Server A] ä¼ å…¥udpä»£ç†çš„æ–°å·¥ä½œè¿æ¥, 218.93.206.195:11528[0m
[INFO] æ­£åœ¨å¯åŠ¨...
[INFO] ä»¿çœŸç»ˆç«¯æ¨¡å¼å·²ç”Ÿæ•ˆï¼Œæ‚¨å¯ä»¥ç›´æ¥åœ¨ç»ˆç«¯å†…ç›´æ¥è¾“å…¥å†…å®¹å¹¶ä½¿ç”¨ Ctrlï¼ŒTab ç­‰åŠŸèƒ½é”®
[INFO] å®ä¾‹å·²å¯åŠ¨...
2026/01/13 03:01:42 [1;34m[I] [root.go:125] æ¬¢è¿ä½¿ç”¨ChmlFrpæ˜ å°„å®¢æˆ·ç«¯![0m
2026/01/13 03:01:42 [1;34m[I] [root.go:135] ä»ChmlFrp APIè·å–é…ç½®æ–‡ä»¶...[0m
2026/01/13 03:01:42 [1;34m[I] [root.go:347] å¯åŠ¨é…ç½®æ–‡ä»¶çš„frpcæœåŠ¡ [frpc.ini][0m
2026/01/13 03:01:43 [1;34m[I] [service.go:313] æˆåŠŸç™»å½•è‡³æœåŠ¡å™¨, è·å–åˆ°RunID [e0057cb2d30c663e][0m
2026/01/13 03:01:43 [1;34m[I] [proxy_manager.go:150] å·²æ·»åŠ éš§é“: [MC Server B MC Server A][0m
2026/01/13 03:01:43 [1;34m[I] [control.go:172] [MC Server B] æ˜ å°„å¯åŠ¨æˆåŠŸ, æ„Ÿè°¢æ‚¨ä½¿ç”¨ChmlFrp![0m
2026/01/13 03:01:43 [1;34m[I] [control.go:172] [MC Server A] æ˜ å°„å¯åŠ¨æˆåŠŸ, æ„Ÿè°¢æ‚¨ä½¿ç”¨ChmlFrp![0m
2026/01/13 03:01:44 [1;34m[I] [udp.go:91] [MC Server A] ä¼ å…¥udpä»£ç†çš„æ–°å·¥ä½œè¿æ¥, 218.93.206.195:11528[0m
2026/01/13 03:19:38 [1;31m[E] [proxy.go:197] [MC Server B] connect to local service [127.0.0.1:11520] error: dial tcp 127.0.0.1:11520: connect: connection refused[0m
2026/01/13 12:01:57 [1;33m[W] [udp.go:126] [MC Server A] ä»workConnè¯»å–udpé”™è¯¯: EOF[0m
2026/01/13 12:01:57 [1;34m[I] [control.go:252] æ­£åœ¨å’ŒæœåŠ¡å™¨æ–­å¼€é“¾æ¥...[0m
2026/01/13 12:01:57 [1;34m[I] [udp.go:140] [MC Server A] udpå·¥ä½œè¿æ¥çš„ç¼–å†™å™¨goroutineå…³é—­[0m
2026/01/13 12:01:57 [1;34m[I] [visitor_manager.go:77] gracefully shutdown visitor manager[0m
2026/01/13 12:01:57 [1;34m[I] [service.go:227] å°è¯•é‡æ–°è¿æ¥è‡³æœåŠ¡å™¨[0m
2026/01/13 12:02:07 [1;33m[W] [service.go:230] é‡è¿å¤±è´¥: dial tcp 218.93.206.195:11528: i/o timeout, ç­‰å¾… 1s åé‡è¯•[0m
2026/01/13 12:02:08 [1;34m[I] [service.go:227] å°è¯•é‡æ–°è¿æ¥è‡³æœåŠ¡å™¨[0m
2026/01/13 12:02:18 [1;33m[W] [service.go:230] é‡è¿å¤±è´¥: dial tcp 218.93.206.195:11528: i/o timeout, ç­‰å¾… 2s åé‡è¯•[0m
2026/01/13 12:02:20 [1;34m[I] [service.go:227] å°è¯•é‡æ–°è¿æ¥è‡³æœåŠ¡å™¨[0m
2026/01/13 12:02:30 [1;33m[W] [service.go:230] é‡è¿å¤±è´¥: dial tcp 218.93.206.195:11528: i/o timeout, ç­‰å¾… 4s åé‡è¯•[0m
2026/01/13 12:02:34 [1;34m[I] [service.go:227] å°è¯•é‡æ–°è¿æ¥è‡³æœåŠ¡å™¨[0m
2026/01/13 12:02:42 [1;34m[I] [service.go:313] æˆåŠŸç™»å½•è‡³æœåŠ¡å™¨, è·å–åˆ°RunID [e0057cb2d30c663e][0m
2026/01/13 12:02:42 [1;34m[I] [proxy_manager.go:150] å·²æ·»åŠ éš§é“: [MC Server B MC Server A][0m
2026/01/13 12:02:43 [1;34m[I] [control.go:172] [MC Server B] æ˜ å°„å¯åŠ¨æˆåŠŸ, æ„Ÿè°¢æ‚¨ä½¿ç”¨ChmlFrp![0m
2026/01/13 12:02:43 [1;34m[I] [control.go:172] [MC Server A] æ˜ å°„å¯åŠ¨æˆåŠŸ, æ„Ÿè°¢æ‚¨ä½¿ç”¨ChmlFrp![0m
2026/01/13 12:02:43 [1;34m[I] [udp.go:91] [MC Server A] ä¼ å…¥udpä»£ç†çš„æ–°å·¥ä½œè¿æ¥, 218.93.206.195:11528[0m
