[INFO] 正在启动...
[ERROR] 检测到进程启动失败，其可能的原因是：
1. 实例启动命令编写错误，请前往实例设置界面检查启动命令与参数。
2. 系统主机环境不正确或缺少环境，比如缺少 Java 环境等。

启动命令：
./git push

请将此信息报告给管理员，技术人员或自行排查故障。
[ERROR] 实例启动失败，请检查启动命令，主机环境和配置文件等
[INFO] 正在启动...
[ERROR] 检测到进程启动失败，其可能的原因是：
1. 实例启动命令编写错误，请前往实例设置界面检查启动命令与参数。
2. 系统主机环境不正确或缺少环境，比如缺少 Java 环境等。

启动命令：
./git push.sh

请将此信息报告给管理员，技术人员或自行排查故障。
[ERROR] 实例启动失败，请检查启动命令，主机环境和配置文件等
[INFO] 正在启动...
[ERROR] 检测到进程启动失败，其可能的原因是：
1. 实例启动命令编写错误，请前往实例设置界面检查启动命令与参数。
2. 系统主机环境不正确或缺少环境，比如缺少 Java 环境等。

启动命令：
./git push.sh

请将此信息报告给管理员，技术人员或自行排查故障。
[ERROR] 实例启动失败，请检查启动命令，主机环境和配置文件等
[INFO] 正在启动...
[INFO] 仿真终端模式已生效，您可以直接在终端内直接输入内容并使用 Ctrl，Tab 等功能键
[INFO] 实例已启动...
[INFO] 实例已停止。
[INFO] 正在启动...
[INFO] 仿真终端模式已生效，您可以直接在终端内直接输入内容并使用 Ctrl，Tab 等功能键
[INFO] 实例已启动...
[INFO] 实例已停止。
