[11:35:14] [main/INFO]: Loading Minecraft 1.21.5 with Fabric Loader 0.17.2
[11:35:14] [main/INFO]: Loading 101 mods:
	- carpet 1.4.169+v250325
	- fabric-api 0.128.2+1.21.5
	   |-- fabric-api-base 0.4.62+73a52b4b49
	   |-- fabric-api-lookup-api-v1 1.6.96+86c3a9f149
	   |-- fabric-biome-api-v1 16.0.7+2dd063df49
	   |-- fabric-block-api-v1 1.1.0+ed91556f49
	   |-- fabric-block-view-api-v2 1.0.26+aa6d566c49
	   |-- fabric-blockrenderlayer-v1 2.0.16+86c3a9f149
	   |-- fabric-client-tags-api-v1 1.1.37+86c3a9f149
	   |-- fabric-command-api-v1 1.2.70+f71b366f49
	   |-- fabric-command-api-v2 2.2.49+73a52b4b49
	   |-- fabric-commands-v0 0.2.87+df3654b349
	   |-- fabric-content-registries-v0 10.0.14+3e6c1f7d49
	   |-- fabric-convention-tags-v1 2.1.33+7f945d5b49
	   |-- fabric-convention-tags-v2 2.15.2+6d9989f349
	   |-- fabric-crash-report-info-v1 0.3.12+86c3a9f149
	   |-- fabric-data-attachment-api-v1 1.8.5+6d9989f349
	   |-- fabric-data-generation-api-v1 22.5.2+a0fab30c49
	   |-- fabric-dimensions-v1 4.0.17+3e6c1f7d49
	   |-- fabric-entity-events-v1 2.1.0+3ce7866349
	   |-- fabric-events-interaction-v0 4.0.15+64e3057949
	   |-- fabric-game-rule-api-v1 1.0.70+c327076a49
	   |-- fabric-item-api-v1 11.5.0+0620fe4749
	   |-- fabric-item-group-api-v1 4.2.9+3459fc6149
	   |-- fabric-key-binding-api-v1 1.0.63+ecf51cdc49
	   |-- fabric-keybindings-v0 0.2.61+df3654b349
	   |-- fabric-lifecycle-events-v1 2.6.0+230071a049
	   |-- fabric-loot-api-v2 3.0.48+3f89f5a549
	   |-- fabric-loot-api-v3 1.0.36+86c3a9f149
	   |-- fabric-message-api-v1 6.1.0+fe971bba49
	   |-- fabric-model-loading-api-v1 5.2.3+5281b90749
	   |-- fabric-networking-api-v1 4.5.0+775be32c49
	   |-- fabric-object-builder-api-v1 21.1.2+b8d6ba7049
	   |-- fabric-particles-v1 4.1.2+112e550e49
	   |-- fabric-recipe-api-v1 8.1.8+3235ab3249
	   |-- fabric-registry-sync-v0 6.1.22+cd64004349
	   |-- fabric-renderer-api-v1 6.1.2+bdf4842249
	   |-- fabric-renderer-indigo 3.1.2+5281b90749
	   |-- fabric-rendering-data-attachment-v1 0.3.64+73761d2e49
	   |-- fabric-rendering-fluids-v1 3.1.27+86c3a9f149
	   |-- fabric-rendering-v1 11.3.0+a272b33849
	   |-- fabric-resource-conditions-api-v1 5.0.21+73a52b4b49
	   |-- fabric-resource-loader-v0 3.1.7+847e5f5c49
	   |-- fabric-screen-api-v1 2.0.46+86c3a9f149
	   |-- fabric-screen-handler-api-v1 1.3.129+c327076a49
	   |-- fabric-sound-api-v1 1.0.38+86c3a9f149
	   |-- fabric-tag-api-v1 1.0.17+ecf51cdc49
	   |-- fabric-transfer-api-v1 5.4.24+7b20cbb049
	   \-- fabric-transitive-access-wideners-v1 6.3.17+f17a180c49
	- fabricloader 0.17.2
	   \-- mixinextras 0.5.0
	- floodgate 2.2.4-SNAPSHOT
	   |-- aopalliance_aopalliance 1.0
	   |-- cloud 2.0.0-beta.10
	   |    |-- io_leangen_geantyref_geantyref 1.3.15
	   |    |-- org_incendo_cloud-brigadier 2.0.0-beta.10
	   |    |-- org_incendo_cloud-core 2.0.0
	   |    |-- org_incendo_cloud-minecraft-modded-common-fabric-repack 2.0.0-beta.10
	   |    \-- org_incendo_cloud-services 2.0.0
	   |-- com_google_guava_failureaccess 1.0.1
	   |-- fabric-permissions-api-v0 0.3.3
	   |-- jakarta_inject_jakarta_inject-api 2.0.1
	   |-- javax_inject_javax_inject 1
	   |-- org_geysermc_cumulus_cumulus 1.1.2
	   |-- org_geysermc_event_events 1.1-SNAPSHOT
	   |-- org_geysermc_geyser_common_unshaded 2.2.1-SNAPSHOT
	   |-- org_java-websocket_java-websocket 1.5.2
	   \-- org_lanternpowered_lmbda 2.0.0
	- geyser-fabric 2.7.2-SNAPSHOT
	   |-- cloud 2.0.0-beta.10
	   |    |-- io_leangen_geantyref_geantyref 1.3.15
	   |    |-- org_incendo_cloud-brigadier 2.0.0-beta.10
	   |    |-- org_incendo_cloud-core 2.0.0
	   |    |-- org_incendo_cloud-minecraft-modded-common-fabric-repack 2.0.0-beta.10
	   |    \-- org_incendo_cloud-services 2.0.0
	   |-- com_fasterxml_jackson_core_jackson-annotations 2.18.0
	   |-- com_fasterxml_jackson_core_jackson-core 2.18.0
	   |-- com_fasterxml_jackson_core_jackson-databind 2.18.0
	   |-- com_fasterxml_jackson_dataformat_jackson-dataformat-yaml 2.18.0
	   |-- com_google_errorprone_error_prone_annotations 2.27.0
	   |-- com_nukkitx_natives 1.0.3
	   |-- fabric-permissions-api-v0 0.3.3
	   |-- io_airlift_aircompressor 0.27
	   |-- io_jsonwebtoken_jjwt-api 0.12.6
	   |-- io_jsonwebtoken_jjwt-gson 0.12.6
	   |-- io_jsonwebtoken_jjwt-impl 0.12.6
	   |-- io_netty_netty-codec-dns 4.2.1
	   |-- io_netty_netty-codec-haproxy 4.2.1
	   |-- net_jodah_expiringmap 0.5.10
	   |-- net_kyori_adventure-api 4.17.0
	   |-- net_kyori_adventure-key 4.17.0
	   |-- net_kyori_adventure-nbt 4.17.0
	   |-- net_kyori_adventure-text-serializer-gson 4.17.0
	   |-- net_kyori_adventure-text-serializer-json 4.17.0
	   |-- net_kyori_adventure-text-serializer-json-legacy-impl 4.17.0
	   |-- net_kyori_adventure-text-serializer-legacy 4.17.0
	   |-- net_kyori_adventure-text-serializer-plain 4.17.0
	   |-- net_kyori_examination-api 1.3.0
	   |-- net_kyori_examination-string 1.3.0
	   |-- net_kyori_option 1.0.0
	   |-- net_lenni0451_commons_httpclient 1.6.0
	   |-- net_raphimc_minecraftauth 4.1.1
	   |-- org_bitbucket_b_c_jose4j 0.9.6
	   |-- org_cloudburstmc_math_api 2.0
	   |-- org_cloudburstmc_math_immutable 2.0
	   |-- org_cloudburstmc_nbt 3.0.3
	   |-- org_geysermc_api_base-api 1.0.2
	   |-- org_geysermc_cumulus_cumulus 1.1.2
	   |-- org_geysermc_event_events 1.1-SNAPSHOT
	   |-- org_lanternpowered_lmbda 2.0.0
	   \-- org_yaml_snakeyaml 2.2
	- java 25
	- luckperms 5.5.4
	   \-- fabric-permissions-api-v0 0.3.3
	- minecraft 1.21.5
	- skinrestorer 2.4.3+1.21.5-fabric
	   \-- org_mineskin_java-client 3.0.6-SNAPSHOT
	- viabackwards 5.5.2-SNAPSHOT
	- viafabric 0.4.18+104-main
	   |-- cotton-client-commands 1.1.0+1.15.2
	   \-- viafabric-mc1215 0.4.18+104-main
	- viarewind 4.0.12-SNAPSHOT
	- viaversion 5.5.2-SNAPSHOT
[11:35:14] [main/INFO]: SpongePowered MIXIN Subsystem Version=0.8.7 Source=file:/workspace/AppData/MinecraftServer/libraries/net/fabricmc/sponge-mixin/0.16.3+mixin.0.8.7/sponge-mixin-0.16.3+mixin.0.8.7.jar Service=Knot/Fabric Env=SERVER
[11:35:14] [main/INFO]: Compatibility level set to JAVA_17
[11:35:14] [main/INFO]: Compatibility level set to JAVA_21
[11:35:15] [main/INFO]: Initializing MixinExtras via com.llamalad7.mixinextras.service.MixinExtrasServiceImpl(version=0.5.0).
[11:35:24] [main/INFO]: Loading extensions...
[11:35:24] [main/INFO]: Loaded 0 extension(s)
[11:35:25] [Via-Mappingloader-1/INFO]: Loading block connection mappings ...
[11:35:25] [Via-Mappingloader-1/INFO]: Using FastUtil Long2ObjectOpenHashMap for block connections
[11:35:25] [main/INFO]: Loading translations...
[11:35:25] [main/INFO]: Registering protocols...
[11:35:26] [main/INFO]: Registering protocols...
[11:35:26] [main/INFO]: ViaVersion detected server version: 1.21.5 (770)
[11:35:26] [ViaFabric-2/INFO]: Finished mapping loading, shutting down loader executor.
[11:35:26] [ViaFabric-0/WARN]: There is a newer plugin version available: 5.6.0, you're on: 5.5.2-SNAPSHOT
[11:35:26] [main/INFO]: Loading configuration...
[11:35:27] [main/INFO]: Environment: Environment[sessionHost=https://sessionserver.mojang.com, servicesHost=https://api.minecraftservices.com, name=PROD]
[11:35:29] [main/INFO]: Loaded 1373 recipes
[11:35:29] [main/INFO]: Loaded 1484 advancements
[11:35:29] [main/INFO]: Applied 0 biome modifications to 0 of 65 new biomes in 1.948 ms
[11:35:29] [Server thread/INFO]:         __    
[11:35:29] [Server thread/INFO]:   |    |__)   LuckPerms v5.5.4
[11:35:29] [Server thread/INFO]:   |___ |      Running on Fabric - fabric@0.128.2+1.21.5
[11:35:29] [Server thread/INFO]: 
[11:35:29] [Server thread/INFO]: Loading storage provider... [H2]
[11:35:30] [Server thread/INFO]: Loading internal permission managers...
[11:35:30] [Server thread/INFO]: Performing initial data load...
[11:35:30] [Server thread/INFO]: Successfully enabled. (took 486ms)
[11:35:30] [Server thread/INFO]: Starting minecraft server version 1.21.5
[11:35:30] [Server thread/INFO]: Loading properties
[11:35:30] [Server thread/INFO]: Default game type: SURVIVAL
[11:35:30] [Server thread/INFO]: Generating keypair
[11:35:30] [Server thread/INFO]: Starting Minecraft server on *:11520
[11:35:30] [Server thread/INFO]: Using epoll channel type
[11:35:30] [Server thread/WARN]: **** SERVER IS RUNNING IN OFFLINE/INSECURE MODE!
[11:35:30] [Server thread/WARN]: The server will make no attempt to authenticate usernames. Beware.
[11:35:30] [Server thread/WARN]: While this makes the game possible to play without internet access, it also opens up the ability for hackers to connect with any username they choose.
[11:35:30] [Server thread/WARN]: To change this, set "online-mode" to "true" in the server.properties file.
[11:35:30] [Server thread/INFO]: Preparing level "world"
[11:35:31] [Server thread/INFO]: Preparing start region for dimension minecraft:overworld
[11:35:38] [Worker-Main-1/INFO]: Preparing spawn area: 0%
[11:35:38] [Worker-Main-1/INFO]: Preparing spawn area: 0%
[11:35:38] [Worker-Main-1/INFO]: Preparing spawn area: 0%
[11:35:38] [Worker-Main-1/INFO]: Preparing spawn area: 0%
[11:35:38] [Worker-Main-1/INFO]: Preparing spawn area: 0%
[11:35:38] [Worker-Main-1/INFO]: Preparing spawn area: 0%
[11:35:38] [Worker-Main-1/INFO]: Preparing spawn area: 0%
[11:35:38] [Worker-Main-1/INFO]: Preparing spawn area: 0%
[11:35:38] [Worker-Main-1/INFO]: Preparing spawn area: 0%
[11:35:38] [Worker-Main-1/INFO]: Preparing spawn area: 0%
[11:35:38] [Worker-Main-1/INFO]: Preparing spawn area: 0%
[11:35:38] [Worker-Main-1/INFO]: Preparing spawn area: 0%
[11:35:38] [Worker-Main-1/INFO]: Preparing spawn area: 0%
[11:35:38] [Worker-Main-1/INFO]: Preparing spawn area: 0%
[11:35:38] [Worker-Main-1/INFO]: Preparing spawn area: 0%
[11:35:38] [Server thread/INFO]: Time elapsed: 7517 ms
[11:35:38] [Server thread/INFO]: Done (8.148s)! For help, type "help"
[11:35:38] [Server thread/INFO]: Took 34ms to boot Floodgate
[11:35:39] [Server thread/INFO]: ******************************************
[11:35:39] [Server thread/INFO]: 
[11:35:39] [Server thread/INFO]: Loading Geyser version 2.7.2-b862 (git-master-00ceaa9)
[11:35:39] [Server thread/INFO]: 
[11:35:39] [Server thread/INFO]: ******************************************
[11:35:43] [epollEventLoopGroup-3-1/INFO]: Started Geyser on UDP port 19132
[11:35:43] [Server thread/INFO]: Done (4.254s)! Run /geyser help for help!
[11:35:43] [Server thread/WARN]: Can't keep up! Is the server overloaded? Running 4465ms or 89 ticks behind
[11:35:44] [ForkJoinPool.commonPool-worker-1/INFO]: [32;1mThere's a new Geyser update available to support Bedrock version 1.21.131. Download it here: [34;1m[4mhttps://geysermc.org/download[0m
[11:36:43] [Server thread/INFO]: Server empty for 60 seconds, pausing
[11:48:13] [Server thread/INFO]: Stopping the server
[11:48:13] [Server thread/INFO]: ViaVersion has been disabled; uninjected the platform and shut down the scheduler.
[11:48:13] [Server thread/INFO]: Shutting down Geyser.
[11:48:14] [Server thread/INFO]: Geyser shutdown successfully.
[11:48:14] [WebSocketConnectReadThread-86/INFO]: The skin uploader has been closed
[11:48:16] [Server thread/INFO]: Starting shutdown process...
[11:48:16] [Server thread/INFO]: Closing storage...
[11:48:16] [Server thread/INFO]: Goodbye!
[11:48:16] [Server thread/INFO]: Stopping server
[11:48:16] [Server thread/INFO]: Saving players
[11:48:16] [Server thread/INFO]: Saving worlds
[11:48:16] [Server thread/INFO]: Saving chunks for level 'ServerLevel[world]'/minecraft:overworld
[11:48:16] [Server thread/INFO]: Saving chunks for level 'ServerLevel[world]'/minecraft:the_nether
[11:48:16] [Server thread/INFO]: Saving chunks for level 'ServerLevel[world]'/minecraft:the_end
[11:48:16] [Server thread/INFO]: ThreadedAnvilChunkStorage (world): All chunks are saved
[11:48:16] [Server thread/INFO]: ThreadedAnvilChunkStorage (DIM-1): All chunks are saved
[11:48:16] [Server thread/INFO]: ThreadedAnvilChunkStorage (DIM1): All chunks are saved
[11:48:16] [Server thread/INFO]: ThreadedAnvilChunkStorage: All dimensions are saved
[11:48:16] [Server Shutdown Thread/INFO]: ViaVersion has been disabled; uninjected the platform and shut down the scheduler.
